#
# There is insufficient memory for the Java Runtime Environment to continue.
# Native memory allocation (mmap) failed to map 20971520 bytes for G1 virtual space
# Possible reasons:
#   The system is out of physical RAM or swap space
#   The process is running with CompressedOops enabled, and the Java Heap may be blocking the growth of the native heap
# Possible solutions:
#   Reduce memory load on the system
#   Increase physical memory or swap space
#   Check if swap backing store is full
#   Decrease Java heap size (-Xmx/-Xms)
#   Decrease number of Java threads
#   Decrease Java thread stack sizes (-Xss)
#   Set larger code cache with -XX:ReservedCodeCacheSize=
#   JVM is running with Unscaled Compressed Oops mode in which the Java heap is
#     placed in the first 4GB address space. The Java Heap base address is the
#     maximum limit for the native heap growth. Please use -XX:HeapBaseMinAddress
#     to set the Java Heap base and to place the Java Heap above 4GB virtual address.
# This output file may be truncated or incomplete.
#
#  Out of Memory Error (os_windows.cpp:3771), pid=34664, tid=28848
#
# JRE version: OpenJDK Runtime Environment (17.0.7) (build 17.0.7+0-b2043.56-10550314)
# Java VM: OpenJDK 64-Bit Server VM (17.0.7+0-b2043.56-10550314, mixed mode, tiered, compressed oops, compressed class ptrs, g1 gc, windows-amd64)
# No core dump will be written. Minidumps are not enabled by default on client versions of Windows
#

---------------  S U M M A R Y ------------

Command Line: --add-opens=java.base/java.util=ALL-UNNAMED --add-opens=java.base/java.lang=ALL-UNNAMED --add-opens=java.base/java.lang.invoke=ALL-UNNAMED --add-opens=java.prefs/java.util.prefs=ALL-UNNAMED --add-exports=jdk.compiler/com.sun.tools.javac.api=ALL-UNNAMED --add-exports=jdk.compiler/com.sun.tools.javac.util=ALL-UNNAMED --add-opens=java.base/java.nio.charset=ALL-UNNAMED --add-opens=java.base/java.net=ALL-UNNAMED --add-opens=java.base/java.util.concurrent.atomic=ALL-UNNAMED -Xmx2048m -Dfile.encoding=UTF-8 -Duser.country=KR -Duser.language=ko -Duser.variant -javaagent:C:\Users\jh052\.gradle\wrapper\dists\gradle-8.9-bin\90cnw93cvbtalezasaz0blq0a\gradle-8.9\lib\agents\gradle-instrumentation-agent-8.9.jar org.gradle.launcher.daemon.bootstrap.GradleDaemon 8.9

Host: 13th Gen Intel(R) Core(TM) i7-1360P, 16 cores, 31G,  Windows 11 , 64 bit Build 22621 (10.0.22621.3672)
Time: Tue Jul 30 20:41:52 2024  Windows 11 , 64 bit Build 22621 (10.0.22621.3672) elapsed time: 19.356945 seconds (0d 0h 0m 19s)

---------------  T H R E A D  ---------------

Current thread (0x000002111f74e690):  VMThread "VM Thread" [stack: 0x000000ed19000000,0x000000ed19100000] [id=28848]

Stack: [0x000000ed19000000,0x000000ed19100000]
Native frames: (J=compiled Java code, j=interpreted, Vv=VM code, C=native code)
V  [jvm.dll+0x683bfa]
V  [jvm.dll+0x8430a4]
V  [jvm.dll+0x8449be]
V  [jvm.dll+0x845023]
V  [jvm.dll+0x24ad2f]
V  [jvm.dll+0x680ac9]
V  [jvm.dll+0x67519a]
V  [jvm.dll+0x30b3cb]
V  [jvm.dll+0x312876]
V  [jvm.dll+0x36221e]
V  [jvm.dll+0x36244f]
V  [jvm.dll+0x2e14a8]
V  [jvm.dll+0x2df684]
V  [jvm.dll+0x2dec8c]
V  [jvm.dll+0x32382b]
V  [jvm.dll+0x8496eb]
V  [jvm.dll+0x84a424]
V  [jvm.dll+0x84a93d]
V  [jvm.dll+0x84ad14]
V  [jvm.dll+0x84ade0]
V  [jvm.dll+0x7f2aea]
V  [jvm.dll+0x682a35]
C  [ucrtbase.dll+0x29333]
C  [KERNEL32.DLL+0x1257d]
C  [ntdll.dll+0x5af28]

VM_Operation (0x000000ed1b1f4f60): G1CollectForAllocation, mode: safepoint, requested by thread 0x0000021125019ef0


---------------  P R O C E S S  ---------------

Threads class SMR info:
_java_thread_list=0x00000211277409c0, length=41, elements={
0x0000021104e22440, 0x000002111f86b030, 0x000002111f86c760, 0x000002111f8b4610,
0x000002111f8b5480, 0x000002111f8b7940, 0x000002111f8be1b0, 0x000002111f8bfaf0,
0x000002111f8c0d30, 0x000002111f8d2a90, 0x000002111fa08e00, 0x000002111fa5c460,
0x000002111fa654c0, 0x000002111fb13060, 0x00000211261b5b80, 0x000002112501ad60,
0x00000211250173a0, 0x0000021125017870, 0x00000211250186e0, 0x0000021125018210,
0x0000021125019ef0, 0x000002112501a890, 0x0000021125018bb0, 0x0000021125019080,
0x0000021125019550, 0x000002112501a3c0, 0x0000021125125a50, 0x00000211251268c0,
0x0000021125126d90, 0x0000021125129410, 0x0000021125129db0, 0x0000021125128a70,
0x0000021125127260, 0x0000021125128f40, 0x00000211251280d0, 0x00000211251298e0,
0x00000211251263f0, 0x0000021127463990, 0x0000021127462f70, 0x0000021127468fa0,
0x0000021127466720
}

Java Threads: ( => current thread )
  0x0000021104e22440 JavaThread "main" [_thread_blocked, id=49000, stack(0x000000ed18a00000,0x000000ed18b00000)]
  0x000002111f86b030 JavaThread "Reference Handler" daemon [_thread_blocked, id=50104, stack(0x000000ed19100000,0x000000ed19200000)]
  0x000002111f86c760 JavaThread "Finalizer" daemon [_thread_blocked, id=45744, stack(0x000000ed19200000,0x000000ed19300000)]
  0x000002111f8b4610 JavaThread "Signal Dispatcher" daemon [_thread_blocked, id=27284, stack(0x000000ed19300000,0x000000ed19400000)]
  0x000002111f8b5480 JavaThread "Attach Listener" daemon [_thread_blocked, id=38620, stack(0x000000ed19400000,0x000000ed19500000)]
  0x000002111f8b7940 JavaThread "Service Thread" daemon [_thread_blocked, id=12108, stack(0x000000ed19500000,0x000000ed19600000)]
  0x000002111f8be1b0 JavaThread "Monitor Deflation Thread" daemon [_thread_blocked, id=48276, stack(0x000000ed19600000,0x000000ed19700000)]
  0x000002111f8bfaf0 JavaThread "C2 CompilerThread0" daemon [_thread_blocked, id=49692, stack(0x000000ed19700000,0x000000ed19800000)]
  0x000002111f8c0d30 JavaThread "C1 CompilerThread0" daemon [_thread_blocked, id=3652, stack(0x000000ed19800000,0x000000ed19900000)]
  0x000002111f8d2a90 JavaThread "Sweeper thread" daemon [_thread_blocked, id=44628, stack(0x000000ed19900000,0x000000ed19a00000)]
  0x000002111fa08e00 JavaThread "Common-Cleaner" daemon [_thread_blocked, id=23924, stack(0x000000ed19a00000,0x000000ed19b00000)]
  0x000002111fa5c460 JavaThread "C1 CompilerThread1" daemon [_thread_blocked, id=50240, stack(0x000000ed19b00000,0x000000ed19c00000)]
  0x000002111fa654c0 JavaThread "C1 CompilerThread2" daemon [_thread_blocked, id=47832, stack(0x000000ed19c00000,0x000000ed19d00000)]
  0x000002111fb13060 JavaThread "Notification Thread" daemon [_thread_blocked, id=19200, stack(0x000000ed19d00000,0x000000ed19e00000)]
  0x00000211261b5b80 JavaThread "Daemon health stats" [_thread_blocked, id=31252, stack(0x000000ed1a000000,0x000000ed1a100000)]
  0x000002112501ad60 JavaThread "Incoming local TCP Connector on port 59652" [_thread_in_native, id=50000, stack(0x000000ed1a100000,0x000000ed1a200000)]
  0x00000211250173a0 JavaThread "Daemon periodic checks" [_thread_blocked, id=38036, stack(0x000000ed1ad00000,0x000000ed1ae00000)]
  0x0000021125017870 JavaThread "Daemon" [_thread_blocked, id=29832, stack(0x000000ed1ae00000,0x000000ed1af00000)]
  0x00000211250186e0 JavaThread "Handler for socket connection from /127.0.0.1:59652 to /127.0.0.1:59653" [_thread_in_native, id=48736, stack(0x000000ed1af00000,0x000000ed1b000000)]
  0x0000021125018210 JavaThread "Cancel handler" [_thread_blocked, id=32192, stack(0x000000ed1b000000,0x000000ed1b100000)]
  0x0000021125019ef0 JavaThread "Daemon worker" [_thread_blocked, id=50084, stack(0x000000ed1b100000,0x000000ed1b200000)]
  0x000002112501a890 JavaThread "Asynchronous log dispatcher for DefaultDaemonConnection: socket connection from /127.0.0.1:59652 to /127.0.0.1:59653" [_thread_blocked, id=16208, stack(0x000000ed1b200000,0x000000ed1b300000)]
  0x0000021125018bb0 JavaThread "Stdin handler" [_thread_blocked, id=20596, stack(0x000000ed1b400000,0x000000ed1b500000)]
  0x0000021125019080 JavaThread "Daemon client event forwarder" [_thread_blocked, id=5180, stack(0x000000ed1b500000,0x000000ed1b600000)]
  0x0000021125019550 JavaThread "Cache worker for journal cache (C:\Users\jh052\.gradle\caches\journal-1)" [_thread_blocked, id=50820, stack(0x000000ed1b800000,0x000000ed1b900000)]
  0x000002112501a3c0 JavaThread "File lock request listener" [_thread_in_native, id=38136, stack(0x000000ed1b900000,0x000000ed1ba00000)]
  0x0000021125125a50 JavaThread "Cache worker for file hash cache (C:\Users\jh052\.gradle\caches\8.9\fileHashes)" [_thread_blocked, id=34560, stack(0x000000ed1ba00000,0x000000ed1bb00000)]
  0x00000211251268c0 JavaThread "Cache worker for file hash cache (C:\Users\jh052\AndroidStudioProjects\HealthyRoutine\.gradle\8.9\fileHashes)" [_thread_blocked, id=37488, stack(0x000000ed1bd00000,0x000000ed1be00000)]
  0x0000021125126d90 JavaThread "Cache worker for Build Output Cleanup Cache (C:\Users\jh052\AndroidStudioProjects\HealthyRoutine\.gradle\buildOutputCleanup)" [_thread_blocked, id=46188, stack(0x000000ed1be00000,0x000000ed1bf00000)]
  0x0000021125129410 JavaThread "File watcher server" daemon [_thread_in_native, id=47888, stack(0x000000ed1bf00000,0x000000ed1c000000)]
  0x0000021125129db0 JavaThread "File watcher consumer" daemon [_thread_blocked, id=50164, stack(0x000000ed1c000000,0x000000ed1c100000)]
  0x0000021125128a70 JavaThread "Cache worker for checksums cache (C:\Users\jh052\AndroidStudioProjects\HealthyRoutine\.gradle\8.9\checksums)" [_thread_blocked, id=4092, stack(0x000000ed1c100000,0x000000ed1c200000)]
  0x0000021125127260 JavaThread "Cache worker for file content cache (C:\Users\jh052\.gradle\caches\8.9\fileContent)" [_thread_blocked, id=49672, stack(0x000000ed1c200000,0x000000ed1c300000)]
  0x0000021125128f40 JavaThread "Cache worker for cache directory md-rule (C:\Users\jh052\.gradle\caches\8.9\md-rule)" [_thread_blocked, id=6752, stack(0x000000ed1bc00000,0x000000ed1bd00000)]
  0x00000211251280d0 JavaThread "Cache worker for cache directory md-supplier (C:\Users\jh052\.gradle\caches\8.9\md-supplier)" [_thread_blocked, id=30324, stack(0x000000ed1bb00000,0x000000ed1bc00000)]
  0x00000211251298e0 JavaThread "jar transforms" [_thread_blocked, id=26980, stack(0x000000ed1c300000,0x000000ed1c400000)]
  0x00000211251263f0 JavaThread "jar transforms Thread 2" [_thread_blocked, id=36504, stack(0x000000ed1c400000,0x000000ed1c500000)]
  0x0000021127463990 JavaThread "C2 CompilerThread1" daemon [_thread_blocked, id=24744, stack(0x000000ed19f00000,0x000000ed1a000000)]
  0x0000021127462f70 JavaThread "C2 CompilerThread2" daemon [_thread_blocked, id=20968, stack(0x000000ed1c500000,0x000000ed1c600000)]
  0x0000021127468fa0 JavaThread "C2 CompilerThread3" daemon [_thread_blocked, id=51044, stack(0x000000ed1c600000,0x000000ed1c700000)]
  0x0000021127466720 JavaThread "C1 CompilerThread3" daemon [_thread_blocked, id=17876, stack(0x000000ed1c800000,0x000000ed1c900000)]

Other Threads:
=>0x000002111f74e690 VMThread "VM Thread" [stack: 0x000000ed19000000,0x000000ed19100000] [id=28848]
  0x0000021124067b70 WatcherThread [stack: 0x000000ed19e00000,0x000000ed19f00000] [id=31504]
  0x0000021104e80500 GCTaskThread "GC Thread#0" [stack: 0x000000ed18b00000,0x000000ed18c00000] [id=9368]
  0x0000021124928030 GCTaskThread "GC Thread#1" [stack: 0x000000ed1a200000,0x000000ed1a300000] [id=35108]
  0x00000211249282e0 GCTaskThread "GC Thread#2" [stack: 0x000000ed1a300000,0x000000ed1a400000] [id=48208]
  0x00000211241d0590 GCTaskThread "GC Thread#3" [stack: 0x000000ed1a400000,0x000000ed1a500000] [id=48180]
  0x00000211241d0840 GCTaskThread "GC Thread#4" [stack: 0x000000ed1a500000,0x000000ed1a600000] [id=49900]
  0x00000211241d0af0 GCTaskThread "GC Thread#5" [stack: 0x000000ed1a600000,0x000000ed1a700000] [id=41208]
  0x00000211241d0da0 GCTaskThread "GC Thread#6" [stack: 0x000000ed1a700000,0x000000ed1a800000] [id=25528]
  0x00000211242aa4f0 GCTaskThread "GC Thread#7" [stack: 0x000000ed1a800000,0x000000ed1a900000] [id=18844]
  0x00000211242aa7a0 GCTaskThread "GC Thread#8" [stack: 0x000000ed1a900000,0x000000ed1aa00000] [id=48332]
  0x00000211242aaa50 GCTaskThread "GC Thread#9" [stack: 0x000000ed1aa00000,0x000000ed1ab00000] [id=37152]
  0x00000211242aad00 GCTaskThread "GC Thread#10" [stack: 0x000000ed1ab00000,0x000000ed1ac00000] [id=35480]
  0x00000211248a08c0 GCTaskThread "GC Thread#11" [stack: 0x000000ed1ac00000,0x000000ed1ad00000] [id=48848]
  0x0000021125355600 GCTaskThread "GC Thread#12" [stack: 0x000000ed1b300000,0x000000ed1b400000] [id=15024]
  0x0000021104e91440 ConcurrentGCThread "G1 Main Marker" [stack: 0x000000ed18c00000,0x000000ed18d00000] [id=47856]
  0x0000021104e91e50 ConcurrentGCThread "G1 Conc#0" [stack: 0x000000ed18d00000,0x000000ed18e00000] [id=37224]
  0x00000211253568d0 ConcurrentGCThread "G1 Conc#1" [stack: 0x000000ed1b600000,0x000000ed1b700000] [id=40384]
  0x0000021125355e10 ConcurrentGCThread "G1 Conc#2" [stack: 0x000000ed1b700000,0x000000ed1b800000] [id=14380]
  0x000002111f69ead0 ConcurrentGCThread "G1 Refine#0" [stack: 0x000000ed18e00000,0x000000ed18f00000] [id=33916]
  0x00000211266d1240 ConcurrentGCThread "G1 Refine#1" [stack: 0x000000ed1cb00000,0x000000ed1cc00000] [id=47968]
  0x00000211266d1520 ConcurrentGCThread "G1 Refine#2" [stack: 0x000000ed1cc00000,0x000000ed1cd00000] [id=30740]
  0x00000211266d09a0 ConcurrentGCThread "G1 Refine#3" [stack: 0x000000ed1cd00000,0x000000ed1ce00000] [id=35216]
  0x000002111f69f400 ConcurrentGCThread "G1 Service" [stack: 0x000000ed18f00000,0x000000ed19000000] [id=42060]

Threads with active compile tasks:
C2 CompilerThread3    19430 5310       4       java.util.zip.ZipFile$Source::initCEN (591 bytes)

VM state: at safepoint (normal execution)

VM Mutex/Monitor currently owned by a thread:  ([mutex/lock_event])
[0x0000021104e1eae0] Threads_lock - owner thread: 0x000002111f74e690
[0x0000021104e1db20] Heap_lock - owner thread: 0x0000021125019ef0

Heap address: 0x0000000080000000, size: 2048 MB, Compressed Oops mode: 32-bit

CDS archive(s) not mapped
Compressed class space mapped at: 0x0000000100000000-0x0000000140000000, reserved size: 1073741824
Narrow klass base: 0x0000000000000000, Narrow klass shift: 3, Narrow klass range: 0x140000000

GC Precious Log:
 CPUs: 16 total, 16 available
 Memory: 32327M
 Large Page Support: Disabled
 NUMA Support: Disabled
 Compressed Oops: Enabled (32-bit)
 Heap Region Size: 1M
 Heap Min Capacity: 8M
 Heap Initial Capacity: 506M
 Heap Max Capacity: 2G
 Pre-touch: Disabled
 Parallel Workers: 13
 Concurrent Workers: 3
 Concurrent Refinement Workers: 13
 Periodic GC: Disabled

Heap:
 garbage-first heap   total 129024K, used 58528K [0x0000000080000000, 0x0000000100000000)
  region size 1024K, 6 young (6144K), 6 survivors (6144K)
 Metaspace       used 70700K, committed 71168K, reserved 1114112K
  class space    used 9629K, committed 9856K, reserved 1048576K

Heap Regions: E=young(eden), S=young(survivor), O=old, HS=humongous(starts), HC=humongous(continues), CS=collection set, F=free, OA=open archive, CA=closed archive, TAMS=top-at-mark-start (previous, next)
|   0|0x0000000080000000, 0x0000000080100000, 0x0000000080100000|100%|HS|  |TAMS 0x0000000080100000, 0x0000000080000000| Complete 
|   1|0x0000000080100000, 0x0000000080200000, 0x0000000080200000|100%|HC|  |TAMS 0x0000000080200000, 0x0000000080100000| Complete 
|   2|0x0000000080200000, 0x0000000080300000, 0x0000000080300000|100%|HC|  |TAMS 0x0000000080300000, 0x0000000080200000| Complete 
|   3|0x0000000080300000, 0x0000000080400000, 0x0000000080400000|100%|HC|  |TAMS 0x0000000080400000, 0x0000000080300000| Complete 
|   4|0x0000000080400000, 0x0000000080500000, 0x0000000080500000|100%| O|  |TAMS 0x0000000080500000, 0x0000000080400000| Untracked 
|   5|0x0000000080500000, 0x0000000080600000, 0x0000000080600000|100%| O|  |TAMS 0x0000000080600000, 0x0000000080500000| Untracked 
|   6|0x0000000080600000, 0x0000000080700000, 0x0000000080700000|100%| O|  |TAMS 0x0000000080700000, 0x0000000080600000| Untracked 
|   7|0x0000000080700000, 0x0000000080800000, 0x0000000080800000|100%| O|  |TAMS 0x0000000080800000, 0x0000000080700000| Untracked 
|   8|0x0000000080800000, 0x0000000080900000, 0x0000000080900000|100%| O|  |TAMS 0x0000000080900000, 0x0000000080800000| Untracked 
|   9|0x0000000080900000, 0x0000000080a00000, 0x0000000080a00000|100%| O|  |TAMS 0x0000000080a00000, 0x0000000080900000| Untracked 
|  10|0x0000000080a00000, 0x0000000080b00000, 0x0000000080b00000|100%| O|  |TAMS 0x0000000080b00000, 0x0000000080a00000| Untracked 
|  11|0x0000000080b00000, 0x0000000080c00000, 0x0000000080c00000|100%|HS|  |TAMS 0x0000000080c00000, 0x0000000080b00000| Complete 
|  12|0x0000000080c00000, 0x0000000080d00000, 0x0000000080d00000|100%| O|  |TAMS 0x0000000080d00000, 0x0000000080c00000| Untracked 
|  13|0x0000000080d00000, 0x0000000080e00000, 0x0000000080e00000|100%| O|  |TAMS 0x0000000080e00000, 0x0000000080d00000| Untracked 
|  14|0x0000000080e00000, 0x0000000080f00000, 0x0000000080f00000|100%| O|  |TAMS 0x0000000080f00000, 0x0000000080e00000| Untracked 
|  15|0x0000000080f00000, 0x0000000081000000, 0x0000000081000000|100%| O|  |TAMS 0x0000000081000000, 0x0000000080f00000| Untracked 
|  16|0x0000000081000000, 0x0000000081100000, 0x0000000081100000|100%| O|  |TAMS 0x0000000081100000, 0x0000000081000000| Untracked 
|  17|0x0000000081100000, 0x0000000081200000, 0x0000000081200000|100%| O|  |TAMS 0x0000000081200000, 0x0000000081100000| Untracked 
|  18|0x0000000081200000, 0x0000000081300000, 0x0000000081300000|100%| O|  |TAMS 0x0000000081300000, 0x0000000081200000| Untracked 
|  19|0x0000000081300000, 0x0000000081400000, 0x0000000081400000|100%| O|  |TAMS 0x0000000081400000, 0x0000000081300000| Untracked 
|  20|0x0000000081400000, 0x0000000081500000, 0x0000000081500000|100%| O|  |TAMS 0x0000000081500000, 0x0000000081400000| Untracked 
|  21|0x0000000081500000, 0x0000000081600000, 0x0000000081600000|100%|HS|  |TAMS 0x0000000081500000, 0x0000000081500000| Complete 
|  22|0x0000000081600000, 0x0000000081600000, 0x0000000081700000|  0%| F|  |TAMS 0x0000000081600000, 0x0000000081600000| Untracked 
|  23|0x0000000081700000, 0x0000000081800000, 0x0000000081800000|100%| O|  |TAMS 0x0000000081800000, 0x0000000081700000| Untracked 
|  24|0x0000000081800000, 0x0000000081900000, 0x0000000081900000|100%| O|  |TAMS 0x0000000081900000, 0x0000000081800000| Untracked 
|  25|0x0000000081900000, 0x0000000081a00000, 0x0000000081a00000|100%| O|  |TAMS 0x0000000081a00000, 0x0000000081900000| Untracked 
|  26|0x0000000081a00000, 0x0000000081b00000, 0x0000000081b00000|100%| O|  |TAMS 0x0000000081b00000, 0x0000000081a00000| Untracked 
|  27|0x0000000081b00000, 0x0000000081c00000, 0x0000000081c00000|100%| O|  |TAMS 0x0000000081c00000, 0x0000000081b00000| Untracked 
|  28|0x0000000081c00000, 0x0000000081ce6000, 0x0000000081d00000| 89%| O|  |TAMS 0x0000000081ce6000, 0x0000000081c00000| Untracked 
|  29|0x0000000081d00000, 0x0000000081d00000, 0x0000000081e00000|  0%| F|  |TAMS 0x0000000081d00000, 0x0000000081d00000| Untracked 
|  30|0x0000000081e00000, 0x0000000081e00000, 0x0000000081f00000|  0%| F|  |TAMS 0x0000000081e00000, 0x0000000081e00000| Untracked 
|  31|0x0000000081f00000, 0x0000000081f00000, 0x0000000082000000|  0%| F|  |TAMS 0x0000000081f00000, 0x0000000081f00000| Untracked 
|  32|0x0000000082000000, 0x0000000082000000, 0x0000000082100000|  0%| F|  |TAMS 0x0000000082000000, 0x0000000082000000| Untracked 
|  33|0x0000000082100000, 0x0000000082100000, 0x0000000082200000|  0%| F|  |TAMS 0x0000000082100000, 0x0000000082100000| Untracked 
|  34|0x0000000082200000, 0x0000000082200000, 0x0000000082300000|  0%| F|  |TAMS 0x0000000082200000, 0x0000000082200000| Untracked 
|  35|0x0000000082300000, 0x0000000082400000, 0x0000000082400000|100%| O|  |TAMS 0x0000000082300000, 0x0000000082300000| Untracked 
|  36|0x0000000082400000, 0x0000000082500000, 0x0000000082500000|100%| O|  |TAMS 0x0000000082400000, 0x0000000082400000| Untracked 
|  37|0x0000000082500000, 0x0000000082600000, 0x0000000082600000|100%| O|  |TAMS 0x0000000082500000, 0x0000000082500000| Untracked 
|  38|0x0000000082600000, 0x0000000082700000, 0x0000000082700000|100%| O|  |TAMS 0x0000000082600000, 0x0000000082600000| Untracked 
|  39|0x0000000082700000, 0x0000000082800000, 0x0000000082800000|100%| O|  |TAMS 0x0000000082700000, 0x0000000082700000| Untracked 
|  40|0x0000000082800000, 0x0000000082900000, 0x0000000082900000|100%| O|  |TAMS 0x0000000082800000, 0x0000000082800000| Untracked 
|  41|0x0000000082900000, 0x0000000082a00000, 0x0000000082a00000|100%| O|  |TAMS 0x0000000082900000, 0x0000000082900000| Untracked 
|  42|0x0000000082a00000, 0x0000000082b00000, 0x0000000082b00000|100%|HS|  |TAMS 0x0000000082a00000, 0x0000000082a00000| Complete 
|  43|0x0000000082b00000, 0x0000000082c00000, 0x0000000082c00000|100%|HC|  |TAMS 0x0000000082b00000, 0x0000000082b00000| Complete 
|  44|0x0000000082c00000, 0x0000000082d00000, 0x0000000082d00000|100%|HC|  |TAMS 0x0000000082c00000, 0x0000000082c00000| Complete 
|  45|0x0000000082d00000, 0x0000000082e00000, 0x0000000082e00000|100%|HC|  |TAMS 0x0000000082d00000, 0x0000000082d00000| Complete 
|  46|0x0000000082e00000, 0x0000000082f00000, 0x0000000082f00000|100%|HC|  |TAMS 0x0000000082e00000, 0x0000000082e00000| Complete 
|  47|0x0000000082f00000, 0x0000000083000000, 0x0000000083000000|100%|HC|  |TAMS 0x0000000082f00000, 0x0000000082f00000| Complete 
|  48|0x0000000083000000, 0x0000000083000000, 0x0000000083100000|  0%| F|  |TAMS 0x0000000083000000, 0x0000000083000000| Untracked 
|  49|0x0000000083100000, 0x0000000083100000, 0x0000000083200000|  0%| F|  |TAMS 0x0000000083100000, 0x0000000083100000| Untracked 
|  50|0x0000000083200000, 0x0000000083300000, 0x0000000083300000|100%| O|  |TAMS 0x0000000083200000, 0x0000000083200000| Untracked 
|  51|0x0000000083300000, 0x0000000083400000, 0x0000000083400000|100%| O|  |TAMS 0x0000000083300000, 0x0000000083300000| Untracked 
|  52|0x0000000083400000, 0x0000000083500000, 0x0000000083500000|100%| O|  |TAMS 0x0000000083400000, 0x0000000083400000| Untracked 
|  53|0x0000000083500000, 0x0000000083600000, 0x0000000083600000|100%| O|  |TAMS 0x0000000083500000, 0x0000000083500000| Untracked 
|  54|0x0000000083600000, 0x0000000083700000, 0x0000000083700000|100%| O|  |TAMS 0x0000000083600000, 0x0000000083600000| Untracked 
|  55|0x0000000083700000, 0x0000000083800000, 0x0000000083800000|100%| O|  |TAMS 0x0000000083700000, 0x0000000083700000| Untracked 
|  56|0x0000000083800000, 0x0000000083900000, 0x0000000083900000|100%| O|  |TAMS 0x0000000083800000, 0x0000000083800000| Untracked 
|  57|0x0000000083900000, 0x0000000083a00000, 0x0000000083a00000|100%| O|  |TAMS 0x0000000083900000, 0x0000000083900000| Untracked 
|  58|0x0000000083a00000, 0x0000000083b00000, 0x0000000083b00000|100%| O|  |TAMS 0x0000000083a00000, 0x0000000083a00000| Untracked 
|  59|0x0000000083b00000, 0x0000000083c00000, 0x0000000083c00000|100%| O|  |TAMS 0x0000000083b00000, 0x0000000083b00000| Untracked 
|  60|0x0000000083c00000, 0x0000000083cede00, 0x0000000083d00000| 92%| O|  |TAMS 0x0000000083c00000, 0x0000000083c00000| Untracked 
|  61|0x0000000083d00000, 0x0000000083d00000, 0x0000000083e00000|  0%| F|  |TAMS 0x0000000083d00000, 0x0000000083d00000| Untracked 
|  62|0x0000000083e00000, 0x0000000083e00000, 0x0000000083f00000|  0%| F|  |TAMS 0x0000000083e00000, 0x0000000083e00000| Untracked 
|  63|0x0000000083f00000, 0x0000000083f00000, 0x0000000084000000|  0%| F|  |TAMS 0x0000000083f00000, 0x0000000083f00000| Untracked 
|  64|0x0000000084000000, 0x0000000084000000, 0x0000000084100000|  0%| F|  |TAMS 0x0000000084000000, 0x0000000084000000| Untracked 
|  65|0x0000000084100000, 0x0000000084100000, 0x0000000084200000|  0%| F|  |TAMS 0x0000000084100000, 0x0000000084100000| Untracked 
|  66|0x0000000084200000, 0x0000000084200000, 0x0000000084300000|  0%| F|  |TAMS 0x0000000084200000, 0x0000000084200000| Untracked 
|  67|0x0000000084300000, 0x0000000084300000, 0x0000000084400000|  0%| F|  |TAMS 0x0000000084300000, 0x0000000084300000| Untracked 
|  68|0x0000000084400000, 0x0000000084400000, 0x0000000084500000|  0%| F|  |TAMS 0x0000000084400000, 0x0000000084400000| Untracked 
|  69|0x0000000084500000, 0x0000000084500000, 0x0000000084600000|  0%| F|  |TAMS 0x0000000084500000, 0x0000000084500000| Untracked 
|  70|0x0000000084600000, 0x0000000084600000, 0x0000000084700000|  0%| F|  |TAMS 0x0000000084600000, 0x0000000084600000| Untracked 
|  71|0x0000000084700000, 0x0000000084700000, 0x0000000084800000|  0%| F|  |TAMS 0x0000000084700000, 0x0000000084700000| Untracked 
|  72|0x0000000084800000, 0x0000000084800000, 0x0000000084900000|  0%| F|  |TAMS 0x0000000084800000, 0x0000000084800000| Untracked 
|  73|0x0000000084900000, 0x0000000084900000, 0x0000000084a00000|  0%| F|  |TAMS 0x0000000084900000, 0x0000000084900000| Untracked 
|  74|0x0000000084a00000, 0x0000000084a00000, 0x0000000084b00000|  0%| F|  |TAMS 0x0000000084a00000, 0x0000000084a00000| Untracked 
|  75|0x0000000084b00000, 0x0000000084b544c0, 0x0000000084c00000| 32%| S|CS|TAMS 0x0000000084b00000, 0x0000000084b00000| Complete 
|  76|0x0000000084c00000, 0x0000000084d00000, 0x0000000084d00000|100%| S|CS|TAMS 0x0000000084c00000, 0x0000000084c00000| Complete 
|  77|0x0000000084d00000, 0x0000000084e00000, 0x0000000084e00000|100%| S|CS|TAMS 0x0000000084d00000, 0x0000000084d00000| Complete 
|  78|0x0000000084e00000, 0x0000000084f00000, 0x0000000084f00000|100%| S|CS|TAMS 0x0000000084e00000, 0x0000000084e00000| Complete 
|  79|0x0000000084f00000, 0x0000000085000000, 0x0000000085000000|100%| S|CS|TAMS 0x0000000084f00000, 0x0000000084f00000| Complete 
|  80|0x0000000085000000, 0x0000000085100000, 0x0000000085100000|100%| S|CS|TAMS 0x0000000085000000, 0x0000000085000000| Complete 
|  81|0x0000000085100000, 0x0000000085100000, 0x0000000085200000|  0%| F|  |TAMS 0x0000000085100000, 0x0000000085100000| Untracked 
|  82|0x0000000085200000, 0x0000000085200000, 0x0000000085300000|  0%| F|  |TAMS 0x0000000085200000, 0x0000000085200000| Untracked 
|  83|0x0000000085300000, 0x0000000085300000, 0x0000000085400000|  0%| F|  |TAMS 0x0000000085300000, 0x0000000085300000| Untracked 
|  84|0x0000000085400000, 0x0000000085400000, 0x0000000085500000|  0%| F|  |TAMS 0x0000000085400000, 0x0000000085400000| Untracked 
|  85|0x0000000085500000, 0x0000000085500000, 0x0000000085600000|  0%| F|  |TAMS 0x0000000085500000, 0x0000000085500000| Untracked 
|  86|0x0000000085600000, 0x0000000085600000, 0x0000000085700000|  0%| F|  |TAMS 0x0000000085600000, 0x0000000085600000| Untracked 
|  87|0x0000000085700000, 0x0000000085700000, 0x0000000085800000|  0%| F|  |TAMS 0x0000000085700000, 0x0000000085700000| Untracked 
|  88|0x0000000085800000, 0x0000000085800000, 0x0000000085900000|  0%| F|  |TAMS 0x0000000085800000, 0x0000000085800000| Untracked 
|  89|0x0000000085900000, 0x0000000085900000, 0x0000000085a00000|  0%| F|  |TAMS 0x0000000085900000, 0x0000000085900000| Untracked 
|  90|0x0000000085a00000, 0x0000000085a00000, 0x0000000085b00000|  0%| F|  |TAMS 0x0000000085a00000, 0x0000000085a00000| Untracked 
|  91|0x0000000085b00000, 0x0000000085b00000, 0x0000000085c00000|  0%| F|  |TAMS 0x0000000085b00000, 0x0000000085b00000| Untracked 
|  92|0x0000000085c00000, 0x0000000085c00000, 0x0000000085d00000|  0%| F|  |TAMS 0x0000000085c00000, 0x0000000085c00000| Untracked 
|  93|0x0000000085d00000, 0x0000000085d00000, 0x0000000085e00000|  0%| F|  |TAMS 0x0000000085d00000, 0x0000000085d00000| Untracked 
|  94|0x0000000085e00000, 0x0000000085e00000, 0x0000000085f00000|  0%| F|  |TAMS 0x0000000085e00000, 0x0000000085e00000| Untracked 
|  95|0x0000000085f00000, 0x0000000085f00000, 0x0000000086000000|  0%| F|  |TAMS 0x0000000085f00000, 0x0000000085f00000| Untracked 
|  96|0x0000000086000000, 0x0000000086000000, 0x0000000086100000|  0%| F|  |TAMS 0x0000000086000000, 0x0000000086000000| Untracked 
|  97|0x0000000086100000, 0x0000000086100000, 0x0000000086200000|  0%| F|  |TAMS 0x0000000086100000, 0x0000000086100000| Untracked 
|  98|0x0000000086200000, 0x0000000086200000, 0x0000000086300000|  0%| F|  |TAMS 0x0000000086200000, 0x0000000086200000| Untracked 
|  99|0x0000000086300000, 0x0000000086300000, 0x0000000086400000|  0%| F|  |TAMS 0x0000000086300000, 0x0000000086300000| Untracked 
| 100|0x0000000086400000, 0x0000000086400000, 0x0000000086500000|  0%| F|  |TAMS 0x0000000086400000, 0x0000000086400000| Untracked 
| 101|0x0000000086500000, 0x0000000086500000, 0x0000000086600000|  0%| F|  |TAMS 0x0000000086500000, 0x0000000086500000| Untracked 
| 102|0x0000000086600000, 0x0000000086600000, 0x0000000086700000|  0%| F|  |TAMS 0x0000000086600000, 0x0000000086600000| Untracked 
| 103|0x0000000086700000, 0x0000000086700000, 0x0000000086800000|  0%| F|  |TAMS 0x0000000086700000, 0x0000000086700000| Untracked 
| 104|0x0000000086800000, 0x0000000086800000, 0x0000000086900000|  0%| F|  |TAMS 0x0000000086800000, 0x0000000086800000| Untracked 
| 105|0x0000000086900000, 0x0000000086900000, 0x0000000086a00000|  0%| F|  |TAMS 0x0000000086900000, 0x0000000086900000| Untracked 
| 106|0x0000000086a00000, 0x0000000086a00000, 0x0000000086b00000|  0%| F|  |TAMS 0x0000000086a00000, 0x0000000086a00000| Untracked 
| 107|0x0000000086b00000, 0x0000000086b00000, 0x0000000086c00000|  0%| F|  |TAMS 0x0000000086b00000, 0x0000000086b00000| Untracked 
| 108|0x0000000086c00000, 0x0000000086c00000, 0x0000000086d00000|  0%| F|  |TAMS 0x0000000086c00000, 0x0000000086c00000| Untracked 
| 109|0x0000000086d00000, 0x0000000086d00000, 0x0000000086e00000|  0%| F|  |TAMS 0x0000000086d00000, 0x0000000086d00000| Untracked 
| 110|0x0000000086e00000, 0x0000000086e00000, 0x0000000086f00000|  0%| F|  |TAMS 0x0000000086e00000, 0x0000000086e00000| Untracked 
| 111|0x0000000086f00000, 0x0000000086f00000, 0x0000000087000000|  0%| F|  |TAMS 0x0000000086f00000, 0x0000000086f00000| Untracked 
| 112|0x0000000087000000, 0x0000000087000000, 0x0000000087100000|  0%| F|  |TAMS 0x0000000087000000, 0x0000000087000000| Untracked 
| 113|0x0000000087100000, 0x0000000087100000, 0x0000000087200000|  0%| F|  |TAMS 0x0000000087100000, 0x0000000087100000| Untracked 
| 114|0x0000000087200000, 0x0000000087200000, 0x0000000087300000|  0%| F|  |TAMS 0x0000000087200000, 0x0000000087200000| Untracked 
| 115|0x0000000087300000, 0x0000000087300000, 0x0000000087400000|  0%| F|  |TAMS 0x0000000087300000, 0x0000000087300000| Untracked 
| 116|0x0000000087400000, 0x0000000087400000, 0x0000000087500000|  0%| F|  |TAMS 0x0000000087400000, 0x0000000087400000| Untracked 
| 137|0x0000000088900000, 0x0000000088900000, 0x0000000088a00000|  0%| F|  |TAMS 0x0000000088900000, 0x0000000088900000| Untracked 
| 138|0x0000000088a00000, 0x0000000088a00000, 0x0000000088b00000|  0%| F|  |TAMS 0x0000000088a00000, 0x0000000088a00000| Untracked 
| 139|0x0000000088b00000, 0x0000000088b00000, 0x0000000088c00000|  0%| F|  |TAMS 0x0000000088b00000, 0x0000000088b00000| Untracked 
| 140|0x0000000088c00000, 0x0000000088c00000, 0x0000000088d00000|  0%| F|  |TAMS 0x0000000088c00000, 0x0000000088c00000| Untracked 
| 141|0x0000000088d00000, 0x0000000088d00000, 0x0000000088e00000|  0%| F|  |TAMS 0x0000000088d00000, 0x0000000088d00000| Untracked 
| 142|0x0000000088e00000, 0x0000000088e00000, 0x0000000088f00000|  0%| F|  |TAMS 0x0000000088e00000, 0x0000000088e00000| Untracked 
| 143|0x0000000088f00000, 0x0000000088f00000, 0x0000000089000000|  0%| F|  |TAMS 0x0000000088f00000, 0x0000000088f00000| Untracked 
| 144|0x0000000089000000, 0x0000000089000000, 0x0000000089100000|  0%| F|  |TAMS 0x0000000089000000, 0x0000000089000000| Untracked 
| 505|0x000000009f900000, 0x000000009f900000, 0x000000009fa00000|  0%| F|  |TAMS 0x000000009f900000, 0x000000009f900000| Untracked 

Card table byte_map: [0x0000021117f70000,0x0000021118370000] _byte_map_base: 0x0000021117b70000

Marking Bits (Prev, Next): (CMBitMap*) 0x0000021104e80b50, (CMBitMap*) 0x0000021104e80b10
 Prev Bits: [0x000002111a770000, 0x000002111c770000)
 Next Bits: [0x0000021118770000, 0x000002111a770000)

Polling page: 0x0000021102d90000

Metaspace:

Usage:
  Non-class:     59.64 MB used.
      Class:      9.40 MB used.
       Both:     69.04 MB used.

Virtual space:
  Non-class space:       64.00 MB reserved,      59.88 MB ( 94%) committed,  1 nodes.
      Class space:        1.00 GB reserved,       9.62 MB ( <1%) committed,  1 nodes.
             Both:        1.06 GB reserved,      69.50 MB (  6%) committed. 

Chunk freelists:
   Non-Class:  3.95 MB
       Class:  6.33 MB
        Both:  10.28 MB

MaxMetaspaceSize: unlimited
CompressedClassSpaceSize: 1.00 GB
Initial GC threshold: 21.00 MB
Current GC threshold: 98.69 MB
CDS: off
MetaspaceReclaimPolicy: balanced
 - commit_granule_bytes: 65536.
 - commit_granule_words: 8192.
 - virtual_space_node_default_size: 8388608.
 - enlarge_chunks_in_place: 1.
 - new_chunks_are_fully_committed: 0.
 - uncommit_free_chunks: 1.
 - use_allocation_guard: 0.
 - handle_deallocations: 1.


Internal statistics:

num_allocs_failed_limit: 9.
num_arena_births: 584.
num_arena_deaths: 0.
num_vsnodes_births: 2.
num_vsnodes_deaths: 0.
num_space_committed: 1110.
num_space_uncommitted: 0.
num_chunks_returned_to_freelist: 9.
num_chunks_taken_from_freelist: 2783.
num_chunk_merges: 9.
num_chunk_splits: 2070.
num_chunks_enlarged: 1634.
num_inconsistent_stats: 0.

CodeHeap 'non-profiled nmethods': size=119168Kb used=2575Kb max_used=2999Kb free=116592Kb
 bounds [0x000002110fe90000, 0x0000021110180000, 0x00000211172f0000]
CodeHeap 'profiled nmethods': size=119104Kb used=8837Kb max_used=9767Kb free=110266Kb
 bounds [0x00000211082f0000, 0x0000021108c80000, 0x000002110f740000]
CodeHeap 'non-nmethods': size=7488Kb used=4040Kb max_used=4053Kb free=3447Kb
 bounds [0x000002110f740000, 0x000002110fb40000, 0x000002110fe90000]
 total_blobs=5399 nmethods=4521 adapters=787
 compilation: enabled
              stopped_count=0, restarted_count=0
 full_count=0

Compilation events (20 events):
Event: 19.188 Thread 0x000002111f8c0d30 5299       1       kotlin.Triple::component1 (5 bytes)
Event: 19.188 Thread 0x000002111fa654c0 5300       1       kotlin.Triple::component2 (5 bytes)
Event: 19.189 Thread 0x000002111f8c0d30 nmethod 5299 0x000002111001a290 code [0x000002111001a420, 0x000002111001a4f8]
Event: 19.189 Thread 0x000002111fa654c0 nmethod 5300 0x0000021110019f90 code [0x000002111001a120, 0x000002111001a1f8]
Event: 19.189 Thread 0x000002111fa5c460 nmethod 5296 0x0000021108804a90 code [0x0000021108804f00, 0x0000021108806b48]
Event: 19.189 Thread 0x000002111f8c0d30 5303       1       kotlin.Triple::getThird (5 bytes)
Event: 19.190 Thread 0x000002111f8c0d30 nmethod 5303 0x0000021110019c90 code [0x0000021110019e20, 0x0000021110019ef8]
Event: 19.190 Thread 0x0000021127466720 nmethod 5297 0x0000021108590510 code [0x0000021108590a20, 0x0000021108592e38]
Event: 19.197 Thread 0x000002111f8bfaf0 nmethod 5275 0x0000021110019210 code [0x00000211100193a0, 0x0000021110019a18]
Event: 19.223 Thread 0x0000021127468fa0 5305       4       jdk.internal.loader.URLClassPath$JarLoader::findResource (18 bytes)
Event: 19.242 Thread 0x0000021127468fa0 nmethod 5305 0x000002110ff67690 code [0x000002110ff67900, 0x000002110ff68150]
Event: 19.253 Thread 0x000002111fa654c0 5309       3       org.jetbrains.kotlin.protobuf.CodedOutputStream::writeRawVarint32 (33 bytes)
Event: 19.253 Thread 0x0000021127466720 5306       3       org.jetbrains.kotlin.protobuf.CodedOutputStream::writeRawByte (7 bytes)
Event: 19.253 Thread 0x000002111fa5c460 5307       3       org.jetbrains.kotlin.protobuf.CodedOutputStream::writeRawByte (43 bytes)
Event: 19.253 Thread 0x000002111f8c0d30 5308       3       org.jetbrains.kotlin.protobuf.CodedOutputStream::computeRawVarint32Size (41 bytes)
Event: 19.254 Thread 0x0000021127466720 nmethod 5306 0x0000021108786090 code [0x0000021108786220, 0x0000021108786368]
Event: 19.254 Thread 0x000002111f8c0d30 nmethod 5308 0x0000021108785b90 code [0x0000021108785d40, 0x0000021108785ff8]
Event: 19.254 Thread 0x000002111fa654c0 nmethod 5309 0x0000021108417c10 code [0x0000021108417de0, 0x00000211084180d8]
Event: 19.254 Thread 0x000002111fa5c460 nmethod 5307 0x0000021108785710 code [0x00000211087858c0, 0x0000021108785a88]
Event: 19.293 Thread 0x0000021127468fa0 5310       4       java.util.zip.ZipFile$Source::initCEN (591 bytes)

GC Heap History (20 events):
Event: 8.490 GC heap after
{Heap after GC invocations=5 (full 0):
 garbage-first heap   total 75776K, used 22274K [0x0000000080000000, 0x0000000100000000)
  region size 1024K, 3 young (3072K), 3 survivors (3072K)
 Metaspace       used 26347K, committed 26688K, reserved 1114112K
  class space    used 3359K, committed 3520K, reserved 1048576K
}
Event: 8.522 GC heap before
{Heap before GC invocations=5 (full 0):
 garbage-first heap   total 75776K, used 23298K [0x0000000080000000, 0x0000000100000000)
  region size 1024K, 4 young (4096K), 3 survivors (3072K)
 Metaspace       used 26463K, committed 26752K, reserved 1114112K
  class space    used 3381K, committed 3520K, reserved 1048576K
}
Event: 8.526 GC heap after
{Heap after GC invocations=6 (full 0):
 garbage-first heap   total 75776K, used 22286K [0x0000000080000000, 0x0000000100000000)
  region size 1024K, 1 young (1024K), 1 survivors (1024K)
 Metaspace       used 26463K, committed 26752K, reserved 1114112K
  class space    used 3381K, committed 3520K, reserved 1048576K
}
Event: 9.554 GC heap before
{Heap before GC invocations=6 (full 0):
 garbage-first heap   total 75776K, used 53006K [0x0000000080000000, 0x0000000100000000)
  region size 1024K, 32 young (32768K), 1 survivors (1024K)
 Metaspace       used 30381K, committed 30656K, reserved 1114112K
  class space    used 4020K, committed 4160K, reserved 1048576K
}
Event: 9.558 GC heap after
{Heap after GC invocations=7 (full 0):
 garbage-first heap   total 75776K, used 24054K [0x0000000080000000, 0x0000000100000000)
  region size 1024K, 2 young (2048K), 2 survivors (2048K)
 Metaspace       used 30381K, committed 30656K, reserved 1114112K
  class space    used 4020K, committed 4160K, reserved 1048576K
}
Event: 10.693 GC heap before
{Heap before GC invocations=7 (full 0):
 garbage-first heap   total 75776K, used 54774K [0x0000000080000000, 0x0000000100000000)
  region size 1024K, 33 young (33792K), 2 survivors (2048K)
 Metaspace       used 34432K, committed 34752K, reserved 1114112K
  class space    used 4682K, committed 4864K, reserved 1048576K
}
Event: 10.699 GC heap after
{Heap after GC invocations=8 (full 0):
 garbage-first heap   total 75776K, used 25495K [0x0000000080000000, 0x0000000100000000)
  region size 1024K, 4 young (4096K), 4 survivors (4096K)
 Metaspace       used 34432K, committed 34752K, reserved 1114112K
  class space    used 4682K, committed 4864K, reserved 1048576K
}
Event: 11.005 GC heap before
{Heap before GC invocations=8 (full 0):
 garbage-first heap   total 75776K, used 35735K [0x0000000080000000, 0x0000000100000000)
  region size 1024K, 15 young (15360K), 4 survivors (4096K)
 Metaspace       used 35750K, committed 36096K, reserved 1114112K
  class space    used 4890K, committed 5056K, reserved 1048576K
}
Event: 11.011 GC heap after
{Heap after GC invocations=9 (full 0):
 garbage-first heap   total 75776K, used 25981K [0x0000000080000000, 0x0000000100000000)
  region size 1024K, 2 young (2048K), 2 survivors (2048K)
 Metaspace       used 35750K, committed 36096K, reserved 1114112K
  class space    used 4890K, committed 5056K, reserved 1048576K
}
Event: 12.271 GC heap before
{Heap before GC invocations=10 (full 0):
 garbage-first heap   total 75776K, used 58749K [0x0000000080000000, 0x0000000100000000)
  region size 1024K, 34 young (34816K), 2 survivors (2048K)
 Metaspace       used 42188K, committed 42560K, reserved 1114112K
  class space    used 5711K, committed 5888K, reserved 1048576K
}
Event: 12.282 GC heap after
{Heap after GC invocations=11 (full 0):
 garbage-first heap   total 296960K, used 28727K [0x0000000080000000, 0x0000000100000000)
  region size 1024K, 5 young (5120K), 5 survivors (5120K)
 Metaspace       used 42188K, committed 42560K, reserved 1114112K
  class space    used 5711K, committed 5888K, reserved 1048576K
}
Event: 12.546 GC heap before
{Heap before GC invocations=11 (full 0):
 garbage-first heap   total 296960K, used 36919K [0x0000000080000000, 0x0000000100000000)
  region size 1024K, 14 young (14336K), 5 survivors (5120K)
 Metaspace       used 43738K, committed 44096K, reserved 1114112K
  class space    used 5880K, committed 6080K, reserved 1048576K
}
Event: 12.556 GC heap after
{Heap after GC invocations=12 (full 0):
 garbage-first heap   total 296960K, used 30616K [0x0000000080000000, 0x0000000100000000)
  region size 1024K, 2 young (2048K), 2 survivors (2048K)
 Metaspace       used 43738K, committed 44096K, reserved 1114112K
  class space    used 5880K, committed 6080K, reserved 1048576K
}
Event: 16.520 GC heap before
{Heap before GC invocations=12 (full 0):
 garbage-first heap   total 296960K, used 183192K [0x0000000080000000, 0x0000000100000000)
  region size 1024K, 145 young (148480K), 2 survivors (2048K)
 Metaspace       used 59976K, committed 60480K, reserved 1114112K
  class space    used 8325K, committed 8576K, reserved 1048576K
}
Event: 16.532 GC heap after
{Heap after GC invocations=13 (full 0):
 garbage-first heap   total 296960K, used 36208K [0x0000000080000000, 0x0000000100000000)
  region size 1024K, 8 young (8192K), 8 survivors (8192K)
 Metaspace       used 59976K, committed 60480K, reserved 1114112K
  class space    used 8325K, committed 8576K, reserved 1048576K
}
Event: 17.985 GC heap before
{Heap before GC invocations=14 (full 0):
 garbage-first heap   total 126976K, used 110960K [0x0000000080000000, 0x0000000100000000)
  region size 1024K, 74 young (75776K), 8 survivors (8192K)
 Metaspace       used 66248K, committed 66816K, reserved 1114112K
  class space    used 9108K, committed 9344K, reserved 1048576K
}
Event: 18.002 GC heap after
{Heap after GC invocations=15 (full 0):
 garbage-first heap   total 129024K, used 53114K [0x0000000080000000, 0x0000000100000000)
  region size 1024K, 10 young (10240K), 10 survivors (10240K)
 Metaspace       used 66248K, committed 66816K, reserved 1114112K
  class space    used 9108K, committed 9344K, reserved 1048576K
}
Event: 18.022 GC heap before
{Heap before GC invocations=15 (full 0):
 garbage-first heap   total 129024K, used 54138K [0x0000000080000000, 0x0000000100000000)
  region size 1024K, 11 young (11264K), 10 survivors (10240K)
 Metaspace       used 66248K, committed 66816K, reserved 1114112K
  class space    used 9108K, committed 9344K, reserved 1048576K
}
Event: 18.034 GC heap after
{Heap after GC invocations=16 (full 0):
 garbage-first heap   total 129024K, used 54711K [0x0000000080000000, 0x0000000100000000)
  region size 1024K, 2 young (2048K), 2 survivors (2048K)
 Metaspace       used 66248K, committed 66816K, reserved 1114112K
  class space    used 9108K, committed 9344K, reserved 1048576K
}
Event: 19.338 GC heap before
{Heap before GC invocations=16 (full 0):
 garbage-first heap   total 129024K, used 105911K [0x0000000080000000, 0x0000000100000000)
  region size 1024K, 45 young (46080K), 2 survivors (2048K)
 Metaspace       used 70700K, committed 71168K, reserved 1114112K
  class space    used 9629K, committed 9856K, reserved 1048576K
}

Dll operation events (3 events):
Event: 0.066 Loaded shared library C:\Program Files\Android\Android Studio3\jbr\bin\java.dll
Event: 0.386 Loaded shared library C:\Program Files\Android\Android Studio3\jbr\bin\zip.dll
Event: 1.564 Loaded shared library C:\Program Files\Android\Android Studio3\jbr\bin\verify.dll

Deoptimization events (20 events):
Event: 18.149 Thread 0x0000021125019ef0 Uncommon trap: trap_request=0xffffffdc fr.pc=0x000002111007e6c4 relative=0x0000000000000224
Event: 18.149 Thread 0x0000021125019ef0 Uncommon trap: reason=class_check action=make_not_entrant pc=0x000002111007e6c4 method=java.util.ArrayList.toArray([Ljava/lang/Object;)[Ljava/lang/Object; @ 21 c2
Event: 18.150 Thread 0x0000021125019ef0 DEOPT PACKING pc=0x000002111007e6c4 sp=0x000000ed1b1f6340
Event: 18.150 Thread 0x0000021125019ef0 DEOPT UNPACKING pc=0x000002110f7969a3 sp=0x000000ed1b1f6310 mode 2
Event: 18.173 Thread 0x0000021125019ef0 DEOPT PACKING pc=0x000002110858a1bd sp=0x000000ed1b1f61b0
Event: 18.173 Thread 0x0000021125019ef0 DEOPT UNPACKING pc=0x000002110f797143 sp=0x000000ed1b1f5690 mode 0
Event: 19.021 Thread 0x0000021125019ef0 Uncommon trap: trap_request=0xffffff45 fr.pc=0x000002111016bcac relative=0x0000000000000aac
Event: 19.021 Thread 0x0000021125019ef0 Uncommon trap: reason=unstable_if action=reinterpret pc=0x000002111016bcac method=java.util.jar.JarFile.getVersionedEntry(Ljava/lang/String;Ljava/util/jar/JarEntry;)Ljava/util/jar/JarEntry; @ 26 c2
Event: 19.021 Thread 0x0000021125019ef0 DEOPT PACKING pc=0x000002111016bcac sp=0x000000ed1b1f5fd0
Event: 19.021 Thread 0x0000021125019ef0 DEOPT UNPACKING pc=0x000002110f7969a3 sp=0x000000ed1b1f5f40 mode 2
Event: 19.293 Thread 0x0000021125019ef0 DEOPT PACKING pc=0x000002110855f551 sp=0x000000ed1b1f5870
Event: 19.293 Thread 0x0000021125019ef0 DEOPT UNPACKING pc=0x000002110f797143 sp=0x000000ed1b1f4df0 mode 0
Event: 19.321 Thread 0x0000021125019ef0 Uncommon trap: trap_request=0xffffffde fr.pc=0x0000021110050094 relative=0x0000000000000534
Event: 19.321 Thread 0x0000021125019ef0 Uncommon trap: reason=class_check action=maybe_recompile pc=0x0000021110050094 method=org.jetbrains.kotlin.protobuf.CodedInputStream.tryRefillBuffer(I)Z @ 177 c2
Event: 19.321 Thread 0x0000021125019ef0 DEOPT PACKING pc=0x0000021110050094 sp=0x000000ed1b1f5c60
Event: 19.321 Thread 0x0000021125019ef0 DEOPT UNPACKING pc=0x000002110f7969a3 sp=0x000000ed1b1f5b48 mode 2
Event: 19.333 Thread 0x0000021125019ef0 Uncommon trap: trap_request=0xffffffde fr.pc=0x0000021110050094 relative=0x0000000000000534
Event: 19.333 Thread 0x0000021125019ef0 Uncommon trap: reason=class_check action=maybe_recompile pc=0x0000021110050094 method=org.jetbrains.kotlin.protobuf.CodedInputStream.tryRefillBuffer(I)Z @ 177 c2
Event: 19.333 Thread 0x0000021125019ef0 DEOPT PACKING pc=0x0000021110050094 sp=0x000000ed1b1f5c60
Event: 19.333 Thread 0x0000021125019ef0 DEOPT UNPACKING pc=0x000002110f7969a3 sp=0x000000ed1b1f5b48 mode 2

Classes unloaded (0 events):
No events

Classes redefined (0 events):
No events

Internal exceptions (20 events):
Event: 13.882 Thread 0x0000021125019ef0 Exception <a 'java/lang/IncompatibleClassChangeError'{0x000000008e2323b8}: Found class java.lang.Object, but interface was expected> (0x000000008e2323b8) 
thrown [s\src\hotspot\share\interpreter\linkResolver.cpp, line 838]
Event: 13.896 Thread 0x0000021125019ef0 Exception <a 'java/lang/NoSuchMethodError'{0x000000008e29e248}: 'void java.lang.invoke.DirectMethodHandle$Holder.invokeStatic(java.lang.Object, java.lang.Object, java.lang.Object, java.lang.Object, java.lang.Object, java.lang.Object)'> (0x000000008e29e248) 
thrown [s\src\hotspot\share\interpreter\linkResolver.cpp, line 771]
Event: 13.921 Thread 0x0000021125019ef0 Exception <a 'java/lang/NoSuchMethodError'{0x000000008e1338a0}: 'void java.lang.invoke.DirectMethodHandle$Holder.invokeVirtual(java.lang.Object, java.lang.Object)'> (0x000000008e1338a0) 
thrown [s\src\hotspot\share\interpreter\linkResolver.cpp, line 771]
Event: 13.994 Thread 0x0000021125019ef0 Exception <a 'java/lang/NoSuchMethodError'{0x000000008df46258}: 'java.lang.Object java.lang.invoke.DirectMethodHandle$Holder.invokeStaticInit(java.lang.Object, int)'> (0x000000008df46258) 
thrown [s\src\hotspot\share\interpreter\linkResolver.cpp, line 771]
Event: 15.897 Thread 0x0000021125019ef0 Exception <a 'sun/nio/fs/WindowsException'{0x000000008a60f560}> (0x000000008a60f560) 
thrown [s\src\hotspot\share\prims\jni.cpp, line 517]
Event: 15.898 Thread 0x0000021125019ef0 Exception <a 'sun/nio/fs/WindowsException'{0x000000008a611078}> (0x000000008a611078) 
thrown [s\src\hotspot\share\prims\jni.cpp, line 517]
Event: 16.218 Thread 0x0000021125019ef0 Exception <a 'java/lang/NoSuchMethodError'{0x0000000089c78520}: 'long java.lang.invoke.DirectMethodHandle$Holder.invokeStatic(java.lang.Object)'> (0x0000000089c78520) 
thrown [s\src\hotspot\share\interpreter\linkResolver.cpp, line 771]
Event: 16.219 Thread 0x0000021125019ef0 Exception <a 'java/lang/NoSuchMethodError'{0x0000000089c7d108}: 'long java.lang.invoke.DirectMethodHandle$Holder.invokeStaticInit(java.lang.Object)'> (0x0000000089c7d108) 
thrown [s\src\hotspot\share\interpreter\linkResolver.cpp, line 771]
Event: 16.333 Thread 0x0000021125019ef0 Exception <a 'java/lang/NoSuchMethodError'{0x00000000897b5298}: 'long java.lang.invoke.Invokers$Holder.invoke_MT(java.lang.Object, java.lang.Object, java.lang.Object, java.lang.Object)'> (0x00000000897b5298) 
thrown [s\src\hotspot\share\interpreter\linkResolver.cpp, line 771]
Event: 16.335 Thread 0x0000021125019ef0 Exception <a 'java/lang/NoSuchMethodError'{0x00000000897be640}: 'int java.lang.invoke.Invokers$Holder.invoke_MT(java.lang.Object, java.lang.Object, java.lang.Object, java.lang.Object)'> (0x00000000897be640) 
thrown [s\src\hotspot\share\interpreter\linkResolver.cpp, line 771]
Event: 16.336 Thread 0x0000021125019ef0 Exception <a 'java/lang/NoSuchMethodError'{0x00000000897ceef8}: 'void java.lang.invoke.DelegatingMethodHandle$Holder.reinvoke_L(java.lang.Object, java.lang.Object, java.lang.Object, long, java.lang.Object)'> (0x00000000897ceef8) 
thrown [s\src\hotspot\share\interpreter\linkResolver.cpp, line 771]
Event: 16.337 Thread 0x0000021125019ef0 Exception <a 'java/lang/NoSuchMethodError'{0x00000000897d7828}: 'java.lang.Object java.lang.invoke.DirectMethodHandle$Holder.invokeSpecial(java.lang.Object, java.lang.Object, java.lang.Object, java.lang.Object, long)'> (0x00000000897d7828) 
thrown [s\src\hotspot\share\interpreter\linkResolver.cpp, line 771]
Event: 16.339 Thread 0x0000021125019ef0 Exception <a 'java/lang/NoSuchMethodError'{0x00000000897e7ff8}: 'int java.lang.invoke.DelegatingMethodHandle$Holder.reinvoke_L(java.lang.Object, java.lang.Object, java.lang.Object, long, java.lang.Object, java.lang.Object)'> (0x00000000897e7ff8) 
thrown [s\src\hotspot\share\interpreter\linkResolver.cpp, line 771]
Event: 16.341 Thread 0x0000021125019ef0 Exception <a 'java/lang/NoSuchMethodError'{0x00000000897f80c8}: 'int java.lang.invoke.DelegatingMethodHandle$Holder.reinvoke_L(java.lang.Object, java.lang.Object, java.lang.Object, long, int, int)'> (0x00000000897f80c8) 
thrown [s\src\hotspot\share\interpreter\linkResolver.cpp, line 771]
Event: 16.344 Thread 0x0000021125019ef0 Exception <a 'java/lang/NoSuchMethodError'{0x0000000089608440}: 'int java.lang.invoke.DelegatingMethodHandle$Holder.reinvoke_L(java.lang.Object, java.lang.Object, java.lang.Object, long, long, long)'> (0x0000000089608440) 
thrown [s\src\hotspot\share\interpreter\linkResolver.cpp, line 771]
Event: 16.347 Thread 0x0000021125019ef0 Exception <a 'java/lang/NoSuchMethodError'{0x0000000089617f98}: 'int java.lang.invoke.DelegatingMethodHandle$Holder.reinvoke_L(java.lang.Object, java.lang.Object, java.lang.Object, long, int)'> (0x0000000089617f98) 
thrown [s\src\hotspot\share\interpreter\linkResolver.cpp, line 771]
Event: 17.421 Thread 0x0000021125019ef0 Exception <a 'java/lang/NoSuchMethodError'{0x000000008506efb8}: 'java.lang.Object java.lang.invoke.Invokers$Holder.invokeExact_MT(java.lang.Object, java.lang.Object, long, java.lang.Object)'> (0x000000008506efb8) 
thrown [s\src\hotspot\share\interpreter\linkResolver.cpp, line 771]
Event: 17.497 Thread 0x0000021125019ef0 Exception <a 'java/lang/NoSuchMethodError'{0x0000000084edadd8}: 'java.lang.Object java.lang.invoke.Invokers$Holder.invoke_MT(java.lang.Object, java.lang.Object, java.lang.Object)'> (0x0000000084edadd8) 
thrown [s\src\hotspot\share\interpreter\linkResolver.cpp, line 771]
Event: 18.089 Thread 0x0000021125019ef0 Implicit null exception at 0x000002110ff62bb9 to 0x000002110ff638e0
Event: 18.116 Thread 0x0000021125019ef0 Implicit null exception at 0x000002110fec49ca to 0x000002110fec68f0

VM Operations (20 events):
Event: 16.414 Executing VM operation: Cleanup done
Event: 16.433 Executing VM operation: HandshakeAllThreads
Event: 16.433 Executing VM operation: HandshakeAllThreads done
Event: 16.520 Executing VM operation: CollectForMetadataAllocation
Event: 16.532 Executing VM operation: CollectForMetadataAllocation done
Event: 16.560 Executing VM operation: G1Concurrent
Event: 16.564 Executing VM operation: G1Concurrent done
Event: 16.575 Executing VM operation: G1Concurrent
Event: 16.575 Executing VM operation: G1Concurrent done
Event: 16.669 Executing VM operation: HandshakeAllThreads
Event: 16.670 Executing VM operation: HandshakeAllThreads done
Event: 17.240 Executing VM operation: HandshakeAllThreads
Event: 17.240 Executing VM operation: HandshakeAllThreads done
Event: 17.985 Executing VM operation: G1CollectForAllocation
Event: 18.002 Executing VM operation: G1CollectForAllocation done
Event: 18.021 Executing VM operation: G1CollectForAllocation
Event: 18.034 Executing VM operation: G1CollectForAllocation done
Event: 19.038 Executing VM operation: Cleanup
Event: 19.038 Executing VM operation: Cleanup done
Event: 19.338 Executing VM operation: G1CollectForAllocation

Events (20 events):
Event: 17.596 Thread 0x0000021127463990 Thread added: 0x0000021127463990
Event: 17.632 Thread 0x0000021127462f70 Thread added: 0x0000021127462f70
Event: 17.682 Thread 0x0000021127468fa0 Thread added: 0x0000021127468fa0
Event: 17.683 Thread 0x0000021127466210 Thread added: 0x0000021127466210
Event: 17.683 Thread 0x00000211274694b0 Thread added: 0x00000211274694b0
Event: 17.683 Thread 0x0000021127464dd0 Thread added: 0x0000021127464dd0
Event: 17.683 Thread 0x00000211274652e0 Thread added: 0x00000211274652e0
Event: 18.228 loading class java/nio/channels/Channels
Event: 18.229 loading class java/nio/channels/Channels done
Event: 18.229 loading class java/nio/channels/Channels$ReadableByteChannelImpl
Event: 18.229 loading class java/nio/channels/Channels$ReadableByteChannelImpl done
Event: 18.231 loading class java/nio/channels/NonWritableChannelException
Event: 18.231 loading class java/nio/channels/NonWritableChannelException done
Event: 18.231 loading class sun/nio/ch/ChannelInputStream
Event: 18.232 loading class sun/nio/ch/ChannelInputStream done
Event: 19.020 Thread 0x00000211274652e0 Thread exited: 0x00000211274652e0
Event: 19.022 Thread 0x0000021127464dd0 Thread exited: 0x0000021127464dd0
Event: 19.064 Thread 0x00000211274694b0 Thread exited: 0x00000211274694b0
Event: 19.142 Thread 0x0000021127466720 Thread added: 0x0000021127466720
Event: 19.224 Thread 0x0000021127466210 Thread exited: 0x0000021127466210


Dynamic libraries:
0x00007ff64a280000 - 0x00007ff64a28a000 	C:\Program Files\Android\Android Studio3\jbr\bin\java.exe
0x00007ff84d270000 - 0x00007ff84d487000 	C:\Windows\SYSTEM32\ntdll.dll
0x00007ff84cb50000 - 0x00007ff84cc14000 	C:\Windows\System32\KERNEL32.DLL
0x00007ff84a7e0000 - 0x00007ff84ab8d000 	C:\Windows\System32\KERNELBASE.dll
0x00007ff84a6c0000 - 0x00007ff84a7d1000 	C:\Windows\System32\ucrtbase.dll
0x00007ff81d820000 - 0x00007ff81d837000 	C:\Program Files\Android\Android Studio3\jbr\bin\jli.dll
0x00007ff84cc20000 - 0x00007ff84cdce000 	C:\Windows\System32\USER32.dll
0x00007ff84a690000 - 0x00007ff84a6b6000 	C:\Windows\System32\win32u.dll
0x00007ff83b620000 - 0x00007ff83b63b000 	C:\Program Files\Android\Android Studio3\jbr\bin\VCRUNTIME140.dll
0x00007ff84c150000 - 0x00007ff84c179000 	C:\Windows\System32\GDI32.dll
0x00007ff84ae60000 - 0x00007ff84af79000 	C:\Windows\System32\gdi32full.dll
0x00007ff84ab90000 - 0x00007ff84ac2a000 	C:\Windows\System32\msvcp_win.dll
0x00007ff82f270000 - 0x00007ff82f503000 	C:\Windows\WinSxS\amd64_microsoft.windows.common-controls_6595b64144ccf1df_6.0.22621.3672_none_2713b9d173822955\COMCTL32.dll
0x00007ff84c800000 - 0x00007ff84c8a7000 	C:\Windows\System32\msvcrt.dll
0x00007ff84b090000 - 0x00007ff84b0c1000 	C:\Windows\System32\IMM32.DLL
0x00007ff841d00000 - 0x00007ff841d0c000 	C:\Program Files\Android\Android Studio3\jbr\bin\vcruntime140_1.dll
0x00007ff822a20000 - 0x00007ff822aad000 	C:\Program Files\Android\Android Studio3\jbr\bin\msvcp140.dll
0x00007fff5c1c0000 - 0x00007fff5ce40000 	C:\Program Files\Android\Android Studio3\jbr\bin\server\jvm.dll
0x00007ff84bea0000 - 0x00007ff84bf52000 	C:\Windows\System32\ADVAPI32.dll
0x00007ff84bf60000 - 0x00007ff84c009000 	C:\Windows\System32\sechost.dll
0x00007ff84af80000 - 0x00007ff84afa8000 	C:\Windows\System32\bcrypt.dll
0x00007ff84c520000 - 0x00007ff84c634000 	C:\Windows\System32\RPCRT4.dll
0x00007ff842110000 - 0x00007ff842144000 	C:\Windows\SYSTEM32\WINMM.dll
0x00007ff842210000 - 0x00007ff842219000 	C:\Windows\SYSTEM32\WSOCK32.dll
0x00007ff84b0d0000 - 0x00007ff84b141000 	C:\Windows\System32\WS2_32.dll
0x00007ff83da90000 - 0x00007ff83da9a000 	C:\Windows\SYSTEM32\VERSION.dll
0x00007ff849690000 - 0x00007ff8496a8000 	C:\Windows\SYSTEM32\kernel.appcore.dll
0x00007ff822a00000 - 0x00007ff822a0a000 	C:\Program Files\Android\Android Studio3\jbr\bin\jimage.dll
0x00007ff8477d0000 - 0x00007ff847a02000 	C:\Windows\SYSTEM32\DBGHELP.DLL
0x00007ff84c180000 - 0x00007ff84c508000 	C:\Windows\System32\combase.dll
0x00007ff84afb0000 - 0x00007ff84b087000 	C:\Windows\System32\OLEAUT32.dll
0x00007ff83dda0000 - 0x00007ff83ddd2000 	C:\Windows\SYSTEM32\dbgcore.DLL
0x00007ff84a5a0000 - 0x00007ff84a61b000 	C:\Windows\System32\bcryptPrimitives.dll
0x00007ff820890000 - 0x00007ff82089e000 	C:\Program Files\Android\Android Studio3\jbr\bin\instrument.dll
0x00007ff820ca0000 - 0x00007ff820cc5000 	C:\Program Files\Android\Android Studio3\jbr\bin\java.dll
0x00007ff821a20000 - 0x00007ff821a38000 	C:\Program Files\Android\Android Studio3\jbr\bin\zip.dll
0x00007ff84b160000 - 0x00007ff84b9bf000 	C:\Windows\System32\SHELL32.dll
0x00007ff8484b0000 - 0x00007ff848dac000 	C:\Windows\SYSTEM32\windows.storage.dll
0x00007ff848370000 - 0x00007ff8484af000 	C:\Windows\SYSTEM32\wintypes.dll
0x00007ff84cdd0000 - 0x00007ff84cec4000 	C:\Windows\System32\SHCORE.dll
0x00007ff84b9c0000 - 0x00007ff84ba1e000 	C:\Windows\System32\shlwapi.dll
0x00007ff84a4d0000 - 0x00007ff84a4f1000 	C:\Windows\SYSTEM32\profapi.dll
0x00007ff821860000 - 0x00007ff821879000 	C:\Program Files\Android\Android Studio3\jbr\bin\net.dll
0x00007ff845f10000 - 0x00007ff846046000 	C:\Windows\SYSTEM32\WINHTTP.dll
0x00007ff849b10000 - 0x00007ff849b79000 	C:\Windows\system32\mswsock.dll
0x00007ff820950000 - 0x00007ff820966000 	C:\Program Files\Android\Android Studio3\jbr\bin\nio.dll
0x00007ff822930000 - 0x00007ff822940000 	C:\Program Files\Android\Android Studio3\jbr\bin\verify.dll
0x00007ff822900000 - 0x00007ff822927000 	C:\Users\jh052\.gradle\native\c067742578af261105cb4f569cf0c3c89f3d7b1fecec35dd04571415982c5e48\windows-amd64\native-platform.dll
0x00007ff812e60000 - 0x00007ff812fa4000 	C:\Users\jh052\.gradle\native\100fb08df4bc3b14c8652ba06237920a3bd2aa13389f12d3474272988ae205f9\windows-amd64\native-platform-file-events.dll
0x00007ff820940000 - 0x00007ff820949000 	C:\Program Files\Android\Android Studio3\jbr\bin\management.dll
0x00007ff820910000 - 0x00007ff82091b000 	C:\Program Files\Android\Android Studio3\jbr\bin\management_ext.dll
0x00007ff84c640000 - 0x00007ff84c648000 	C:\Windows\System32\PSAPI.DLL
0x00007ff849d90000 - 0x00007ff849dab000 	C:\Windows\SYSTEM32\CRYPTSP.dll
0x00007ff8495f0000 - 0x00007ff849625000 	C:\Windows\system32\rsaenh.dll
0x00007ff849c30000 - 0x00007ff849c58000 	C:\Windows\SYSTEM32\USERENV.dll
0x00007ff849db0000 - 0x00007ff849dbc000 	C:\Windows\SYSTEM32\CRYPTBASE.dll
0x00007ff8490c0000 - 0x00007ff8490ed000 	C:\Windows\SYSTEM32\IPHLPAPI.DLL
0x00007ff84c510000 - 0x00007ff84c519000 	C:\Windows\System32\NSI.dll
0x00007ff845e40000 - 0x00007ff845e59000 	C:\Windows\SYSTEM32\dhcpcsvc6.DLL
0x00007ff845cf0000 - 0x00007ff845d0f000 	C:\Windows\SYSTEM32\dhcpcsvc.DLL
0x00007ff8490f0000 - 0x00007ff8491e8000 	C:\Windows\SYSTEM32\DNSAPI.dll
0x00007ff836310000 - 0x00007ff836318000 	C:\Windows\system32\wshunix.dll

dbghelp: loaded successfully - version: 4.0.5 - missing functions: none
symbol engine: initialized successfully - sym options: 0x614 - pdb path: .;C:\Program Files\Android\Android Studio3\jbr\bin;C:\Windows\SYSTEM32;C:\Windows\WinSxS\amd64_microsoft.windows.common-controls_6595b64144ccf1df_6.0.22621.3672_none_2713b9d173822955;C:\Program Files\Android\Android Studio3\jbr\bin\server;C:\Users\jh052\.gradle\native\c067742578af261105cb4f569cf0c3c89f3d7b1fecec35dd04571415982c5e48\windows-amd64;C:\Users\jh052\.gradle\native\100fb08df4bc3b14c8652ba06237920a3bd2aa13389f12d3474272988ae205f9\windows-amd64

VM Arguments:
jvm_args: --add-opens=java.base/java.util=ALL-UNNAMED --add-opens=java.base/java.lang=ALL-UNNAMED --add-opens=java.base/java.lang.invoke=ALL-UNNAMED --add-opens=java.prefs/java.util.prefs=ALL-UNNAMED --add-exports=jdk.compiler/com.sun.tools.javac.api=ALL-UNNAMED --add-exports=jdk.compiler/com.sun.tools.javac.util=ALL-UNNAMED --add-opens=java.base/java.nio.charset=ALL-UNNAMED --add-opens=java.base/java.net=ALL-UNNAMED --add-opens=java.base/java.util.concurrent.atomic=ALL-UNNAMED -Xmx2048m -Dfile.encoding=UTF-8 -Duser.country=KR -Duser.language=ko -Duser.variant -javaagent:C:\Users\jh052\.gradle\wrapper\dists\gradle-8.9-bin\90cnw93cvbtalezasaz0blq0a\gradle-8.9\lib\agents\gradle-instrumentation-agent-8.9.jar 
java_command: org.gradle.launcher.daemon.bootstrap.GradleDaemon 8.9
java_class_path (initial): C:\Users\jh052\.gradle\wrapper\dists\gradle-8.9-bin\90cnw93cvbtalezasaz0blq0a\gradle-8.9\lib\gradle-daemon-main-8.9.jar
Launcher Type: SUN_STANDARD

[Global flags]
     intx CICompilerCount                          = 12                                        {product} {ergonomic}
     uint ConcGCThreads                            = 3                                         {product} {ergonomic}
     uint G1ConcRefinementThreads                  = 13                                        {product} {ergonomic}
   size_t G1HeapRegionSize                         = 1048576                                   {product} {ergonomic}
    uintx GCDrainStackTargetSize                   = 64                                        {product} {ergonomic}
   size_t InitialHeapSize                          = 530579456                                 {product} {ergonomic}
   size_t MarkStackSize                            = 4194304                                   {product} {ergonomic}
   size_t MaxHeapSize                              = 2147483648                                {product} {command line}
   size_t MaxNewSize                               = 1287651328                                {product} {ergonomic}
   size_t MinHeapDeltaBytes                        = 1048576                                   {product} {ergonomic}
   size_t MinHeapSize                              = 8388608                                   {product} {ergonomic}
    uintx NonNMethodCodeHeapSize                   = 7602480                                {pd product} {ergonomic}
    uintx NonProfiledCodeHeapSize                  = 122027880                              {pd product} {ergonomic}
    uintx ProfiledCodeHeapSize                     = 122027880                              {pd product} {ergonomic}
    uintx ReservedCodeCacheSize                    = 251658240                              {pd product} {ergonomic}
     bool SegmentedCodeCache                       = true                                      {product} {ergonomic}
   size_t SoftMaxHeapSize                          = 2147483648                             {manageable} {ergonomic}
     bool UseCompressedClassPointers               = true                           {product lp64_product} {ergonomic}
     bool UseCompressedOops                        = true                           {product lp64_product} {ergonomic}
     bool UseG1GC                                  = true                                      {product} {ergonomic}
     bool UseLargePagesIndividualAllocation        = false                                  {pd product} {ergonomic}

Logging:
Log output configuration:
 #0: stdout all=warning uptime,level,tags
 #1: stderr all=off uptime,level,tags

Environment Variables:
JAVA_HOME=C:\Program Files\Microsoft\jdk-11.0.16.101-hotspot
CLASSPATH=.;C:\Program Files (x86)\QuickTime\QTSystem\QTJava.zip
PATH=C:\Program Files\Common Files\Oracle\Java\javapath;C:\Program Files\Microsoft\jdk-11.0.16.101-hotspot\bin;C:\Windows\system32;C:\Windows;C:\Windows\System32\Wbem;C:\Windows\System32\WindowsPowerShell\v1.0\;C:\Windows\System32\OpenSSH\;C:\Program Files\Bandizip\;C:\Users\jh052\Downloads\volatility_2.6_win64_standalone;C:\101\recover_mp4_192\recover_mp4.exe;C:\Program Files\Microsoft Network Monitor 3\;C:\Program Files (x86)\Windows Kits\10\Windows Performance Toolkit\;C:\Program Files (x86)\QuickTime\QTSystem\;C:\Program Files\Microsoft\jdk-11.0.16.101-hotspot\bin;C:\Program Files\dotnet\;C:\Program Files\Git\cmd;C:\Users\jh052\AppData\Local\Programs\Python\Python312\Scripts\;C:\Users\jh052\AppData\Local\Programs\Python\Python312\;C:\Program Files\MySQL\MySQL Shell 8.0\bin\;C:\Users\jh052\AppData\Local\Microsoft\WindowsApps;C:\Program Files\JetBrains\PyCharm 2023.3.3\bin;;C:\Users\jh052\.dotnet\tools;C:\Users\jh052\AppData\Local\Programs\Microsoft VS Code\bin
USERNAME=jh052
OS=Windows_NT
PROCESSOR_IDENTIFIER=Intel64 Family 6 Model 186 Stepping 2, GenuineIntel
TMP=C:\Users\jh052\AppData\Local\Temp
TEMP=C:\Users\jh052\AppData\Local\Temp


JNI global refs:
JNI global refs: 34, weak refs: 0

JNI global refs memory usage: 843, weak refs: 841

OOME stack traces (most recent first):
Classloader memory used:
Loader org.gradle.internal.classloader.VisitableURLClassLoader                         : 5763K
Loader bootstrap                                                                       : 2409K
Loader org.gradle.initialization.MixInLegacyTypesClassLoader                           : 523K
Loader jdk.internal.loader.ClassLoaders$PlatformClassLoader                            : 69121B
Loader jdk.internal.jrtfs.JrtFileSystemProvider$JrtFsLoader                            : 39629B
Loader jdk.internal.loader.ClassLoaders$AppClassLoader                                 : 28748B
Loader jdk.internal.reflect.DelegatingClassLoader                                      : 5020B
Loader org.gradle.groovy.scripts.internal.DefaultScriptCompilationHandler$ScriptClassLoader: 1885B
Loader org.codehaus.groovy.runtime.callsite.CallSiteClassLoader                        : 356B

Classes loaded by more than one classloader:
Class org.gradle.internal.installation.GradleInstallation                             : loaded 2 times (x 73B)
Class org.gradle.internal.classpath.ClassPath                                         : loaded 2 times (x 68B)
Class org.gradle.api.internal.classpath.DefaultModuleRegistry                         : loaded 2 times (x 81B)
Class jdk.internal.jimage.BasicImageReader$1                                          : loaded 2 times (x 75B)
Class org.gradle.api.Action                                                           : loaded 2 times (x 68B)
Class jdk.internal.jimage.ImageBufferCache$1                                          : loaded 2 times (x 78B)
Class jdk.internal.jimage.ImageBufferCache$2                                          : loaded 2 times (x 89B)
Class org.gradle.api.internal.DefaultClassPathProvider                                : loaded 2 times (x 74B)
Class org.gradle.internal.installation.GradleInstallation$1                           : loaded 2 times (x 73B)
Class jdk.internal.jrtfs.SystemImage$1                                                : loaded 2 times (x 76B)
Class jdk.internal.jrtfs.SystemImage$2                                                : loaded 2 times (x 74B)
Class org.gradle.internal.classloader.FilteringClassLoader                            : loaded 2 times (x 102B)
Class jdk.internal.jimage.ImageReader$Resource                                        : loaded 2 times (x 82B)
Class jdk.internal.jrtfs.SystemImage                                                  : loaded 2 times (x 72B)
Class org.gradle.internal.classpath.DefaultClassPath$ImmutableUniqueList$Builder      : loaded 2 times (x 73B)
Class jdk.internal.jrtfs.JrtDirectoryStream$1                                         : loaded 2 times (x 81B)
Class org.gradle.internal.classloader.ClassLoaderVisitor                              : loaded 2 times (x 74B)
Class org.gradle.internal.service.DefaultServiceLocator                               : loaded 2 times (x 81B)
Class org.gradle.internal.service.UnknownServiceException                             : loaded 2 times (x 81B)
Class org.gradle.internal.classloader.DefaultClassLoaderFactory                       : loaded 2 times (x 80B)
Class jdk.internal.jimage.ImageReader$SharedImageReader                               : loaded 2 times (x 93B)
Class jdk.internal.jimage.decompressor.ZipDecompressorFactory                         : loaded 2 times (x 72B)
Class org.gradle.internal.classloader.VisitableURLClassLoader$Spec                    : loaded 2 times (x 72B)
Class org.gradle.api.GradleException                                                  : loaded 2 times (x 80B)
Class org.gradle.api.internal.classpath.ModuleRegistry                                : loaded 2 times (x 68B)
Class org.gradle.api.internal.ClassPathProvider                                       : loaded 2 times (x 68B)
Class org.gradle.internal.classloader.ClasspathUtil$1                                 : loaded 2 times (x 74B)
Class org.gradle.internal.classloader.ClassLoaderFactory                              : loaded 2 times (x 68B)
Class jdk.internal.jimage.ImageHeader                                                 : loaded 2 times (x 69B)
Class org.gradle.api.internal.classpath.ManifestUtil                                  : loaded 2 times (x 69B)
Class org.gradle.api.specs.Spec                                                       : loaded 2 times (x 68B)
Class org.gradle.internal.IoActions                                                   : loaded 2 times (x 69B)
Class jdk.internal.jimage.decompressor.StringSharingDecompressorFactory               : loaded 2 times (x 72B)
Class org.gradle.api.internal.classpath.EffectiveClassPath                            : loaded 2 times (x 88B)
Class org.gradle.internal.installation.CurrentGradleInstallation                      : loaded 2 times (x 71B)
Class org.gradle.internal.agents.InstrumentingClassLoader                             : loaded 2 times (x 68B)
Class org.gradle.internal.installation.CurrentGradleInstallationLocator               : loaded 2 times (x 69B)
Class org.gradle.api.internal.classpath.Module                                        : loaded 2 times (x 68B)
Class org.gradle.internal.service.CachingServiceLocator                               : loaded 2 times (x 80B)
Class org.gradle.internal.classpath.DefaultClassPath                                  : loaded 2 times (x 88B)
Class jdk.internal.jimage.BasicImageReader                                            : loaded 2 times (x 93B)
Class jdk.internal.jimage.ImageLocation                                               : loaded 2 times (x 88B)
Class jdk.internal.jimage.ImageReader$Node                                            : loaded 2 times (x 82B)
Class jdk.internal.jimage.decompressor.CompressedResourceHeader                       : loaded 2 times (x 69B)
Class jdk.internal.jrtfs.JrtPath                                                      : loaded 2 times (x 116B)
Class jdk.internal.jimage.ImageStrings                                                : loaded 2 times (x 68B)
Class jdk.internal.jrtfs.JrtFileAttributes                                            : loaded 2 times (x 81B)
Class org.gradle.internal.classloader.SystemClassLoaderSpec                           : loaded 2 times (x 69B)
Class jdk.internal.jimage.decompressor.ResourceDecompressorRepository                 : loaded 2 times (x 69B)
Class org.gradle.api.UncheckedIOException                                             : loaded 2 times (x 80B)
Class jdk.internal.jimage.decompressor.ResourceDecompressor$StringsProvider           : loaded 2 times (x 68B)
Class jdk.internal.jimage.decompressor.Decompressor                                   : loaded 2 times (x 70B)
Class jdk.internal.jrtfs.JrtFileSystem                                                : loaded 2 times (x 100B)
Class jdk.internal.jrtfs.JrtFileSystemProvider                                        : loaded 2 times (x 97B)
Class org.gradle.internal.classloader.ClasspathUtil                                   : loaded 2 times (x 69B)
Class jdk.internal.jrtfs.JrtDirectoryStream                                           : loaded 2 times (x 87B)
Class jdk.internal.jimage.decompressor.ResourceDecompressor                           : loaded 2 times (x 68B)
Class org.gradle.api.internal.DefaultClassPathRegistry                                : loaded 2 times (x 74B)
Class org.gradle.api.internal.classpath.DefaultModuleRegistry$DefaultModule           : loaded 2 times (x 84B)
Class org.gradle.api.internal.classpath.UnknownModuleException                        : loaded 2 times (x 80B)
Class org.gradle.internal.service.ServiceLookupException                              : loaded 2 times (x 80B)
Class jdk.internal.jimage.ImageStringsReader                                          : loaded 2 times (x 78B)
Class jdk.internal.jimage.decompressor.ResourceDecompressorFactory                    : loaded 2 times (x 72B)
Class [Lorg.gradle.api.internal.ClassPathProvider;                                    : loaded 2 times (x 67B)
Class jdk.internal.jimage.ImageReader$SharedImageReader$LocationVisitor               : loaded 2 times (x 68B)
Class org.gradle.util.internal.GUtil                                                  : loaded 2 times (x 69B)
Class jdk.internal.jimage.decompressor.ZipDecompressor                                : loaded 2 times (x 73B)
Class org.gradle.internal.classloader.ClassLoaderSpec                                 : loaded 2 times (x 69B)
Class org.gradle.internal.classloader.VisitableURLClassLoader                         : loaded 2 times (x 114B)
Class org.gradle.internal.Cast                                                        : loaded 2 times (x 69B)
Class org.gradle.api.internal.ClassPathRegistry                                       : loaded 2 times (x 68B)
Class org.gradle.internal.classloader.VisitableURLClassLoader$InstrumentingVisitableURLClassLoader: loaded 2 times (x 120B)
Class org.gradle.internal.classloader.ClassLoaderHierarchy                            : loaded 2 times (x 68B)
Class jdk.internal.jimage.ImageReader                                                 : loaded 2 times (x 73B)
Class org.gradle.internal.InternalTransformer                                         : loaded 2 times (x 68B)
Class org.gradle.internal.service.ServiceLocator                                      : loaded 2 times (x 68B)
Class org.gradle.internal.classpath.DefaultClassPath$ImmutableUniqueList              : loaded 2 times (x 159B)
Class jdk.internal.jimage.ImageBufferCache                                            : loaded 2 times (x 69B)
Class org.gradle.internal.classpath.TransformedClassPath                              : loaded 2 times (x 94B)
Class jdk.internal.jimage.ImageReader$Directory                                       : loaded 2 times (x 82B)


---------------  S Y S T E M  ---------------

OS:
 Windows 11 , 64 bit Build 22621 (10.0.22621.3672)
OS uptime: 6 days 6:48 hours
Hyper-V role detected

CPU: total 16 (initial active 16) (8 cores per cpu, 2 threads per core) family 6 model 186 stepping 2 microcode 0x410e, cx8, cmov, fxsr, ht, mmx, 3dnowpref, sse, sse2, sse3, ssse3, sse4.1, sse4.2, popcnt, lzcnt, tsc, tscinvbit, avx, avx2, aes, erms, clmul, bmi1, bmi2, adx, sha, fma, vzeroupper, clflush, clflushopt, clwb, hv

Memory: 4k page, system-wide physical 32327M (10672M free)
TotalPageFile size 34375M (AvailPageFile size 9M)
current process WorkingSet (physical memory assigned to process): 321M, peak: 385M
current process commit charge ("private bytes"): 368M, peak: 660M

vm_info: OpenJDK 64-Bit Server VM (17.0.7+0-b2043.56-10550314) for windows-amd64 JRE (17.0.7+0-b2043.56-10550314), built on Jul 24 2023 18:27:45 by "androidbuild" with MS VC++ 16.10 / 16.11 (VS2019)

END.
