#
# There is insufficient memory for the Java Runtime Environment to continue.
# Native memory allocation (mmap) failed to map 532676608 bytes for G1 virtual space
# Possible reasons:
#   The system is out of physical RAM or swap space
#   The process is running with CompressedOops enabled, and the Java Heap may be blocking the growth of the native heap
# Possible solutions:
#   Reduce memory load on the system
#   Increase physical memory or swap space
#   Check if swap backing store is full
#   Decrease Java heap size (-Xmx/-Xms)
#   Decrease number of Java threads
#   Decrease Java thread stack sizes (-Xss)
#   Set larger code cache with -XX:ReservedCodeCacheSize=
#   JVM is running with Zero Based Compressed Oops mode in which the Java heap is
#     placed in the first 32GB address space. The Java Heap base address is the
#     maximum limit for the native heap growth. Please use -XX:HeapBaseMinAddress
#     to set the Java Heap base and to place the Java Heap above 32GB virtual address.
# This output file may be truncated or incomplete.
#
#  Out of Memory Error (os_windows.cpp:3771), pid=4076, tid=48992
#
# JRE version:  (17.0.7) (build )
# Java VM: OpenJDK 64-Bit Server VM (17.0.7+0-b2043.56-10550314, mixed mode, sharing, tiered, compressed oops, compressed class ptrs, g1 gc, windows-amd64)
# No core dump will be written. Minidumps are not enabled by default on client versions of Windows
#

---------------  S U M M A R Y ------------

Command Line: git4idea.http.GitAskPassApp Username for 'https://github.com': 

Host: 13th Gen Intel(R) Core(TM) i7-1360P, 16 cores, 31G,  Windows 11 , 64 bit Build 22621 (10.0.22621.3672)
Time: Thu Aug  1 18:37:06 2024  Windows 11 , 64 bit Build 22621 (10.0.22621.3672) elapsed time: 0.015240 seconds (0d 0h 0m 0s)

---------------  T H R E A D  ---------------

Current thread (0x00000265b70717f0):  JavaThread "Unknown thread" [_thread_in_vm, id=48992, stack(0x0000009cbb600000,0x0000009cbb700000)]

Stack: [0x0000009cbb600000,0x0000009cbb700000]
Native frames: (J=compiled Java code, j=interpreted, Vv=VM code, C=native code)
V  [jvm.dll+0x683bfa]
V  [jvm.dll+0x8430a4]
V  [jvm.dll+0x8449be]
V  [jvm.dll+0x845023]
V  [jvm.dll+0x24ad2f]
V  [jvm.dll+0x680ac9]
V  [jvm.dll+0x67519a]
V  [jvm.dll+0x30b3cb]
V  [jvm.dll+0x312876]
V  [jvm.dll+0x36221e]
V  [jvm.dll+0x36244f]
V  [jvm.dll+0x2e14a8]
V  [jvm.dll+0x2e2414]
V  [jvm.dll+0x814391]
V  [jvm.dll+0x36ffe1]
V  [jvm.dll+0x7f396c]
V  [jvm.dll+0x3f305f]
V  [jvm.dll+0x3f4b91]
C  [jli.dll+0x528f]
C  [ucrtbase.dll+0x29333]
C  [KERNEL32.DLL+0x1257d]
C  [ntdll.dll+0x5af28]


---------------  P R O C E S S  ---------------

Threads class SMR info:
_java_thread_list=0x00007fffb732d098, length=0, elements={
}

Java Threads: ( => current thread )

Other Threads:
  0x00000265b711e150 GCTaskThread "GC Thread#0" [stack: 0x0000009cbb700000,0x0000009cbb800000] [id=23532]
  0x00000265dc9e0080 ConcurrentGCThread "G1 Main Marker" [stack: 0x0000009cbb800000,0x0000009cbb900000] [id=40248]
  0x00000265dc9e08a0 ConcurrentGCThread "G1 Conc#0" [stack: 0x0000009cbb900000,0x0000009cbba00000] [id=34132]

[error occurred during error reporting (printing all threads), id 0xc0000005, EXCEPTION_ACCESS_VIOLATION (0xc0000005) at pc=0x00007fffb6ae2087]

VM state: not at safepoint (not fully initialized)

VM Mutex/Monitor currently owned by a thread:  ([mutex/lock_event])
[0x00000265b706d7a0] Heap_lock - owner thread: 0x00000265b70717f0

Heap address: 0x0000000606c00000, size: 8084 MB, Compressed Oops mode: Zero based, Oop shift amount: 3

CDS archive(s) mapped at: [0x0000000000000000-0x0000000000000000-0x0000000000000000), size 0, SharedBaseAddress: 0x0000000800000000, ArchiveRelocationMode: 0.
Narrow klass base: 0x0000000000000000, Narrow klass shift: 0, Narrow klass range: 0x0

GC Precious Log:
<Empty>

Heap:
 garbage-first heap   total 0K, used 0K [0x0000000606c00000, 0x0000000800000000)
  region size 4096K, 0 young (0K), 0 survivors (0K)
 Metaspace       used 0K, committed 0K, reserved 0K
  class space    used 0K, committed 0K, reserved 0K

Heap Regions: E=young(eden), S=young(survivor), O=old, HS=humongous(starts), HC=humongous(continues), CS=collection set, F=free, OA=open archive, CA=closed archive, TAMS=top-at-mark-start (previous, next)

Card table byte_map: [0x00000265cada0000,0x00000265cbd70000] _byte_map_base: 0x00000265c7d6a000

Marking Bits (Prev, Next): (CMBitMap*) 0x00000265b711e760, (CMBitMap*) 0x00000265b711e7a0
 Prev Bits: [0x00000265ccd40000, 0x00000265d4b90000)
 Next Bits: [0x00000265d4b90000, 0x00000265dc9e0000)

GC Heap History (0 events):
No events

Dll operation events (1 events):
Event: 0.011 Loaded shared library C:\Program Files\Android\Android Studio3\jbr\bin\java.dll

Deoptimization events (0 events):
No events

Classes unloaded (0 events):
No events

Classes redefined (0 events):
No events

Internal exceptions (0 events):
No events

VM Operations (0 events):
No events

Events (0 events):
No events


Dynamic libraries:
0x00007ff7fdd30000 - 0x00007ff7fdd3a000 	C:\Program Files\Android\Android Studio3\jbr\bin\java.exe
0x00007ff84d270000 - 0x00007ff84d487000 	C:\Windows\SYSTEM32\ntdll.dll
0x00007ff84cb50000 - 0x00007ff84cc14000 	C:\Windows\System32\KERNEL32.DLL
0x00007ff84a7e0000 - 0x00007ff84ab8d000 	C:\Windows\System32\KERNELBASE.dll
0x00007ff84a6c0000 - 0x00007ff84a7d1000 	C:\Windows\System32\ucrtbase.dll
0x00007ff821dc0000 - 0x00007ff821dd7000 	C:\Program Files\Android\Android Studio3\jbr\bin\jli.dll
0x00007ff84cc20000 - 0x00007ff84cdce000 	C:\Windows\System32\USER32.dll
0x00007ff83a120000 - 0x00007ff83a13b000 	C:\Program Files\Android\Android Studio3\jbr\bin\VCRUNTIME140.dll
0x00007ff84a690000 - 0x00007ff84a6b6000 	C:\Windows\System32\win32u.dll
0x00007ff84c150000 - 0x00007ff84c179000 	C:\Windows\System32\GDI32.dll
0x00007ff84ae60000 - 0x00007ff84af79000 	C:\Windows\System32\gdi32full.dll
0x00007ff84ab90000 - 0x00007ff84ac2a000 	C:\Windows\System32\msvcp_win.dll
0x00007ff82f270000 - 0x00007ff82f503000 	C:\Windows\WinSxS\amd64_microsoft.windows.common-controls_6595b64144ccf1df_6.0.22621.3672_none_2713b9d173822955\COMCTL32.dll
0x00007ff84c800000 - 0x00007ff84c8a7000 	C:\Windows\System32\msvcrt.dll
0x00007ff84b090000 - 0x00007ff84b0c1000 	C:\Windows\System32\IMM32.DLL
0x00007ff841d50000 - 0x00007ff841d5c000 	C:\Program Files\Android\Android Studio3\jbr\bin\vcruntime140_1.dll
0x00007ff81b2a0000 - 0x00007ff81b32d000 	C:\Program Files\Android\Android Studio3\jbr\bin\msvcp140.dll
0x00007fffb67f0000 - 0x00007fffb7470000 	C:\Program Files\Android\Android Studio3\jbr\bin\server\jvm.dll
0x00007ff84bea0000 - 0x00007ff84bf52000 	C:\Windows\System32\ADVAPI32.dll
0x00007ff84bf60000 - 0x00007ff84c009000 	C:\Windows\System32\sechost.dll
0x00007ff84af80000 - 0x00007ff84afa8000 	C:\Windows\System32\bcrypt.dll
0x00007ff84c520000 - 0x00007ff84c634000 	C:\Windows\System32\RPCRT4.dll
0x00007ff83da90000 - 0x00007ff83da9a000 	C:\Windows\SYSTEM32\VERSION.dll
0x00007ff842210000 - 0x00007ff842219000 	C:\Windows\SYSTEM32\WSOCK32.dll
0x00007ff842110000 - 0x00007ff842144000 	C:\Windows\SYSTEM32\WINMM.dll
0x00007ff84b0d0000 - 0x00007ff84b141000 	C:\Windows\System32\WS2_32.dll
0x00007ff849690000 - 0x00007ff8496a8000 	C:\Windows\SYSTEM32\kernel.appcore.dll
0x00007ff847140000 - 0x00007ff84714a000 	C:\Program Files\Android\Android Studio3\jbr\bin\jimage.dll
0x00007ff8477d0000 - 0x00007ff847a02000 	C:\Windows\SYSTEM32\DBGHELP.DLL
0x00007ff84c180000 - 0x00007ff84c508000 	C:\Windows\System32\combase.dll
0x00007ff84afb0000 - 0x00007ff84b087000 	C:\Windows\System32\OLEAUT32.dll
0x00007ff83dda0000 - 0x00007ff83ddd2000 	C:\Windows\SYSTEM32\dbgcore.DLL
0x00007ff84a5a0000 - 0x00007ff84a61b000 	C:\Windows\System32\bcryptPrimitives.dll
0x00007ff822a10000 - 0x00007ff822a35000 	C:\Program Files\Android\Android Studio3\jbr\bin\java.dll

dbghelp: loaded successfully - version: 4.0.5 - missing functions: none
symbol engine: initialized successfully - sym options: 0x614 - pdb path: .;C:\Program Files\Android\Android Studio3\jbr\bin;C:\Windows\SYSTEM32;C:\Windows\WinSxS\amd64_microsoft.windows.common-controls_6595b64144ccf1df_6.0.22621.3672_none_2713b9d173822955;C:\Program Files\Android\Android Studio3\jbr\bin\server

VM Arguments:
java_command: git4idea.http.GitAskPassApp Username for 'https://github.com': 
java_class_path (initial): C:/Program Files/Android/Android Studio3/plugins/vcs-git/lib/git4idea-rt.jar;C:/Program Files/Android/Android Studio3/lib/externalProcess-rt.jar
Launcher Type: SUN_STANDARD

[Global flags]
     intx CICompilerCount                          = 12                                        {product} {ergonomic}
     uint ConcGCThreads                            = 3                                         {product} {ergonomic}
     uint G1ConcRefinementThreads                  = 13                                        {product} {ergonomic}
   size_t G1HeapRegionSize                         = 4194304                                   {product} {ergonomic}
    uintx GCDrainStackTargetSize                   = 64                                        {product} {ergonomic}
   size_t InitialHeapSize                          = 532676608                                 {product} {ergonomic}
   size_t MarkStackSize                            = 4194304                                   {product} {ergonomic}
   size_t MaxHeapSize                              = 8476688384                                {product} {ergonomic}
   size_t MinHeapDeltaBytes                        = 4194304                                   {product} {ergonomic}
   size_t MinHeapSize                              = 8388608                                   {product} {ergonomic}
    uintx NonNMethodCodeHeapSize                   = 7602480                                {pd product} {ergonomic}
    uintx NonProfiledCodeHeapSize                  = 122027880                              {pd product} {ergonomic}
    uintx ProfiledCodeHeapSize                     = 122027880                              {pd product} {ergonomic}
    uintx ReservedCodeCacheSize                    = 251658240                              {pd product} {ergonomic}
     bool SegmentedCodeCache                       = true                                      {product} {ergonomic}
   size_t SoftMaxHeapSize                          = 8476688384                             {manageable} {ergonomic}
     bool UseCompressedClassPointers               = true                           {product lp64_product} {ergonomic}
     bool UseCompressedOops                        = true                           {product lp64_product} {ergonomic}
     bool UseG1GC                                  = true                                      {product} {ergonomic}
     bool UseLargePagesIndividualAllocation        = false                                  {pd product} {ergonomic}

Logging:
Log output configuration:
 #0: stdout all=warning uptime,level,tags
 #1: stderr all=off uptime,level,tags

Environment Variables:
JAVA_HOME=C:\Program Files\Microsoft\jdk-11.0.16.101-hotspot
CLASSPATH=.;C:\Program Files (x86)\QuickTime\QTSystem\QTJava.zip
PATH=C:\Program Files\Git\mingw64\libexec\git-core;C:\Program Files\Git\mingw64\libexec\git-core;C:\Program Files\Git\mingw64\bin;C:\Program Files\Git\usr\bin;C:\Users\jh052\bin;C:\Program Files\Common Files\Oracle\Java\javapath;C:\Program Files\Microsoft\jdk-11.0.16.101-hotspot\bin;C:\Windows\system32;C:\Windows;C:\Windows\System32\Wbem;C:\Windows\System32\WindowsPowerShell\v1.0;C:\Windows\System32\OpenSSH;C:\Program Files\Bandizip;C:\Users\jh052\Downloads\volatility_2.6_win64_standalone;C:\101\recover_mp4_192\recover_mp4.exe;C:\Program Files\Microsoft Network Monitor 3;C:\Program Files (x86)\Windows Kits\10\Windows Performance Toolkit;C:\Program Files (x86)\QuickTime\QTSystem;C:\Program Files\Microsoft\jdk-11.0.16.101-hotspot\bin;C:\Program Files\dotnet;C:\Program Files\Git\cmd;C:\Users\jh052\AppData\Local\Programs\Python\Python312\Scripts;C:\Users\jh052\AppData\Local\Programs\Python\Python312;C:\Program Files\MySQL\MySQL Shell 8.0\bin;C:\Users\jh052\AppData\Local\Microsoft\WindowsApps;C:\Program Files\JetBrains\PyCharm 2023.3.3\bin;C:\Users\jh052\.dotnet\tools;C:\Users\jh052\AppData\Local\Programs\Microsoft VS Code\bin
USERNAME=jh052
DISPLAY=:0.0
LC_ALL=en_US.UTF-8
TERM=xterm-256color
TMPDIR=C:\Users\jh052\AppData\Local\Temp
OS=Windows_NT
PROCESSOR_IDENTIFIER=Intel64 Family 6 Model 186 Stepping 2, GenuineIntel
TMP=C:\Users\jh052\AppData\Local\Temp
TEMP=C:\Users\jh052\AppData\Local\Temp


JNI global refs:
JNI global refs: 0, weak refs: 0

JNI global refs memory usage: 0, weak refs: 0

OOME stack traces (most recent first):
Classloader memory used:


---------------  S Y S T E M  ---------------

OS:
 Windows 11 , 64 bit Build 22621 (10.0.22621.3672)
OS uptime: 8 days 4:43 hours
Hyper-V role detected

CPU: total 16 (initial active 16) (8 cores per cpu, 2 threads per core) family 6 model 186 stepping 2 microcode 0x410e, cx8, cmov, fxsr, ht, mmx, 3dnowpref, sse, sse2, sse3, ssse3, sse4.1, sse4.2, popcnt, lzcnt, tsc, tscinvbit, avx, avx2, aes, erms, clmul, bmi1, bmi2, adx, sha, fma, vzeroupper, clflush, clflushopt, clwb, hv

Memory: 4k page, system-wide physical 32327M (11773M free)
TotalPageFile size 34375M (AvailPageFile size 226M)
current process WorkingSet (physical memory assigned to process): 12M, peak: 12M
current process commit charge ("private bytes"): 71M, peak: 579M

vm_info: OpenJDK 64-Bit Server VM (17.0.7+0-b2043.56-10550314) for windows-amd64 JRE (17.0.7+0-b2043.56-10550314), built on Jul 24 2023 18:27:45 by "androidbuild" with MS VC++ 16.10 / 16.11 (VS2019)

END.
