#
# There is insufficient memory for the Java Runtime Environment to continue.
# Native memory allocation (mmap) failed to map 65536 bytes for Failed to commit metaspace.
# Possible reasons:
#   The system is out of physical RAM or swap space
#   The process is running with CompressedOops enabled, and the Java Heap may be blocking the growth of the native heap
# Possible solutions:
#   Reduce memory load on the system
#   Increase physical memory or swap space
#   Check if swap backing store is full
#   Decrease Java heap size (-Xmx/-Xms)
#   Decrease number of Java threads
#   Decrease Java thread stack sizes (-Xss)
#   Set larger code cache with -XX:ReservedCodeCacheSize=
#   JVM is running with Zero Based Compressed Oops mode in which the Java heap is
#     placed in the first 32GB address space. The Java Heap base address is the
#     maximum limit for the native heap growth. Please use -XX:HeapBaseMinAddress
#     to set the Java Heap base and to place the Java Heap above 32GB virtual address.
# This output file may be truncated or incomplete.
#
#  Out of Memory Error (virtualSpaceNode.cpp:110), pid=13308, tid=39020
#
# JRE version: OpenJDK Runtime Environment (17.0.7) (build 17.0.7+0-b2043.56-10550314)
# Java VM: OpenJDK 64-Bit Server VM (17.0.7+0-b2043.56-10550314, mixed mode, tiered, compressed oops, compressed class ptrs, g1 gc, windows-amd64)
# No core dump will be written. Minidumps are not enabled by default on client versions of Windows
#

---------------  S U M M A R Y ------------

Command Line: git4idea.http.GitAskPassApp Username for 'https://github.com': 

Host: 13th Gen Intel(R) Core(TM) i7-1360P, 16 cores, 31G,  Windows 11 , 64 bit Build 22621 (10.0.22621.3672)
Time: Thu Aug  1 16:15:24 2024  Windows 11 , 64 bit Build 22621 (10.0.22621.3672) elapsed time: 0.585578 seconds (0d 0h 0m 0s)

---------------  T H R E A D  ---------------

Current thread (0x000002c0d5597e90):  JavaThread "HttpClient-1-Worker-1" daemon [_thread_in_vm, id=39020, stack(0x000000c4e1800000,0x000000c4e1900000)]

Stack: [0x000000c4e1800000,0x000000c4e1900000]
Native frames: (J=compiled Java code, j=interpreted, Vv=VM code, C=native code)
V  [jvm.dll+0x683bfa]
V  [jvm.dll+0x8430a4]
V  [jvm.dll+0x8449be]
V  [jvm.dll+0x845023]
V  [jvm.dll+0x24ad2f]
V  [jvm.dll+0x83e45b]
V  [jvm.dll+0x6281e6]
V  [jvm.dll+0x1c29ee]
V  [jvm.dll+0x62ab31]
V  [jvm.dll+0x628b86]
V  [jvm.dll+0x240030]
V  [jvm.dll+0x1ef45d]
V  [jvm.dll+0x1e4e1c]
V  [jvm.dll+0x54a1dd]
V  [jvm.dll+0x7bd775]
V  [jvm.dll+0x7bd88e]
V  [jvm.dll+0x413a8a]
V  [jvm.dll+0x419c09]
C  [java.dll+0x17ec]

Java frames: (J=compiled Java code, j=interpreted, Vv=VM code)
j  java.lang.ClassLoader.defineClass1(Ljava/lang/ClassLoader;Ljava/lang/String;[BIILjava/security/ProtectionDomain;Ljava/lang/String;)Ljava/lang/Class;+0 java.base@17.0.7
j  java.lang.ClassLoader.defineClass(Ljava/lang/String;[BIILjava/security/ProtectionDomain;)Ljava/lang/Class;+27 java.base@17.0.7
j  java.lang.ClassLoader.defineClass(Ljava/lang/String;Ljava/nio/ByteBuffer;Ljava/security/ProtectionDomain;)Ljava/lang/Class;+38 java.base@17.0.7
j  java.security.SecureClassLoader.defineClass(Ljava/lang/String;Ljava/nio/ByteBuffer;Ljava/security/CodeSource;)Ljava/lang/Class;+8 java.base@17.0.7
j  jdk.internal.loader.BuiltinClassLoader.defineClass(Ljava/lang/String;Ljdk/internal/loader/BuiltinClassLoader$LoadedModule;)Ljava/lang/Class;+127 java.base@17.0.7
J 717 c1 jdk.internal.loader.BuiltinClassLoader.loadClassOrNull(Ljava/lang/String;Z)Ljava/lang/Class; java.base@17.0.7 (143 bytes) @ 0x000002c0b0134c3c [0x000002c0b0134640+0x00000000000005fc]
J 721 c1 jdk.internal.loader.BuiltinClassLoader.loadClass(Ljava/lang/String;Z)Ljava/lang/Class; java.base@17.0.7 (22 bytes) @ 0x000002c0b0136acc [0x000002c0b01369c0+0x000000000000010c]
J 720 c1 java.lang.ClassLoader.loadClass(Ljava/lang/String;)Ljava/lang/Class; java.base@17.0.7 (7 bytes) @ 0x000002c0b01366cc [0x000002c0b01365c0+0x000000000000010c]
v  ~StubRoutines::call_stub
j  jdk.internal.net.http.common.SubscriberWrapper$1.<clinit>()V+0 java.net.http@17.0.7
v  ~StubRoutines::call_stub
j  jdk.internal.net.http.common.SubscriberWrapper$DownstreamPusher.run1()V+40 java.net.http@17.0.7
j  jdk.internal.net.http.common.SubscriberWrapper$DownstreamPusher.run()V+1 java.net.http@17.0.7
j  jdk.internal.net.http.common.SequentialScheduler$LockingRestartableTask.run()V+34 java.net.http@17.0.7
j  jdk.internal.net.http.common.SequentialScheduler$CompleteRestartableTask.run(Ljdk/internal/net/http/common/SequentialScheduler$DeferredCompleter;)V+1 java.net.http@17.0.7
j  jdk.internal.net.http.common.SequentialScheduler$SchedulableTask.run()V+14 java.net.http@17.0.7
j  jdk.internal.net.http.common.SequentialScheduler.runOrSchedule(Ljdk/internal/net/http/common/SequentialScheduler$SchedulableTask;Ljava/util/concurrent/Executor;)V+86 java.net.http@17.0.7
j  jdk.internal.net.http.common.SequentialScheduler.runOrSchedule()V+6 java.net.http@17.0.7
j  jdk.internal.net.http.common.SubscriptionBase.request(J)V+15 java.net.http@17.0.7
j  jdk.internal.net.http.SocketTube$InternalWriteSubscriber$WriteSubscription.requestMore()V+141 java.net.http@17.0.7
j  jdk.internal.net.http.SocketTube$InternalWriteSubscriber.requestMore()V+6 java.net.http@17.0.7
j  jdk.internal.net.http.SocketTube$InternalWriteSubscriber$$Lambda$139+0x000000080016e000.run()V+4 java.net.http@17.0.7
j  java.util.concurrent.ThreadPoolExecutor.runWorker(Ljava/util/concurrent/ThreadPoolExecutor$Worker;)V+92 java.base@17.0.7
j  java.util.concurrent.ThreadPoolExecutor$Worker.run()V+5 java.base@17.0.7
j  java.lang.Thread.run()V+11 java.base@17.0.7
v  ~StubRoutines::call_stub

---------------  P R O C E S S  ---------------

Threads class SMR info:
_java_thread_list=0x000002c0da372580, length=17, elements={
0x000002c0acb517f0, 0x000002c0d5520290, 0x000002c0d5521010, 0x000002c0d5554790,
0x000002c0d5555310, 0x000002c0d5595870, 0x000002c0d5598d00, 0x000002c0d559b680,
0x000002c0d559c070, 0x000002c0d55bd990, 0x000002c0d5713da0, 0x000002c0d57162c0,
0x000002c0d5599b70, 0x000002c0d55979c0, 0x000002c0d5596b50, 0x000002c0d55996a0,
0x000002c0d5597e90
}

Java Threads: ( => current thread )
  0x000002c0acb517f0 JavaThread "main" [_thread_blocked, id=17876, stack(0x000000c4e0000000,0x000000c4e0100000)]
  0x000002c0d5520290 JavaThread "Reference Handler" daemon [_thread_blocked, id=47680, stack(0x000000c4e0700000,0x000000c4e0800000)]
  0x000002c0d5521010 JavaThread "Finalizer" daemon [_thread_blocked, id=38012, stack(0x000000c4e0800000,0x000000c4e0900000)]
  0x000002c0d5554790 JavaThread "Signal Dispatcher" daemon [_thread_blocked, id=39420, stack(0x000000c4e0900000,0x000000c4e0a00000)]
  0x000002c0d5555310 JavaThread "Attach Listener" daemon [_thread_blocked, id=39684, stack(0x000000c4e0a00000,0x000000c4e0b00000)]
  0x000002c0d5595870 JavaThread "Service Thread" daemon [_thread_blocked, id=34152, stack(0x000000c4e0b00000,0x000000c4e0c00000)]
  0x000002c0d5598d00 JavaThread "Monitor Deflation Thread" daemon [_thread_blocked, id=45712, stack(0x000000c4e0c00000,0x000000c4e0d00000)]
  0x000002c0d559b680 JavaThread "C2 CompilerThread0" daemon [_thread_blocked, id=40096, stack(0x000000c4e0d00000,0x000000c4e0e00000)]
  0x000002c0d559c070 JavaThread "C1 CompilerThread0" daemon [_thread_blocked, id=47556, stack(0x000000c4e0e00000,0x000000c4e0f00000)]
  0x000002c0d55bd990 JavaThread "Sweeper thread" daemon [_thread_blocked, id=48920, stack(0x000000c4e0f00000,0x000000c4e1000000)]
  0x000002c0d5713da0 JavaThread "C1 CompilerThread1" daemon [_thread_blocked, id=45124, stack(0x000000c4e1000000,0x000000c4e1100000)]
  0x000002c0d57162c0 JavaThread "C1 CompilerThread2" daemon [_thread_blocked, id=47468, stack(0x000000c4e1100000,0x000000c4e1200000)]
  0x000002c0d5599b70 JavaThread "Notification Thread" daemon [_thread_blocked, id=47512, stack(0x000000c4e1200000,0x000000c4e1300000)]
  0x000002c0d55979c0 JavaThread "Common-Cleaner" daemon [_thread_blocked, id=46828, stack(0x000000c4e1400000,0x000000c4e1500000)]
  0x000002c0d5596b50 JavaThread "HttpClient-1-SelectorManager" daemon [_thread_in_native, id=35216, stack(0x000000c4e1500000,0x000000c4e1600000)]
  0x000002c0d55996a0 JavaThread "HttpClient-1-Worker-0" daemon [_thread_in_vm, id=9840, stack(0x000000c4e1700000,0x000000c4e1800000)]
=>0x000002c0d5597e90 JavaThread "HttpClient-1-Worker-1" daemon [_thread_in_vm, id=39020, stack(0x000000c4e1800000,0x000000c4e1900000)]

Other Threads:
  0x000002c0d26ae430 VMThread "VM Thread" [stack: 0x000000c4e0600000,0x000000c4e0700000] [id=34824]
  0x000002c0d571da40 WatcherThread [stack: 0x000000c4e1300000,0x000000c4e1400000] [id=22812]
  0x000002c0acbfd6d0 GCTaskThread "GC Thread#0" [stack: 0x000000c4e0100000,0x000000c4e0200000] [id=23060]
  0x000002c0acc0e2a0 ConcurrentGCThread "G1 Main Marker" [stack: 0x000000c4e0200000,0x000000c4e0300000] [id=18904]
  0x000002c0acc0ecb0 ConcurrentGCThread "G1 Conc#0" [stack: 0x000000c4e0300000,0x000000c4e0400000] [id=39000]
  0x000002c0d259b9f0 ConcurrentGCThread "G1 Refine#0" [stack: 0x000000c4e0400000,0x000000c4e0500000] [id=20392]
  0x000002c0d259c410 ConcurrentGCThread "G1 Service" [stack: 0x000000c4e0500000,0x000000c4e0600000] [id=44584]

Threads with active compile tasks:

VM state: not at safepoint (normal execution)

VM Mutex/Monitor currently owned by a thread:  ([mutex/lock_event])
[0x000002c0acb4d830] Metaspace_lock - owner thread: 0x000002c0d5597e90

Heap address: 0x0000000606c00000, size: 8084 MB, Compressed Oops mode: Zero based, Oop shift amount: 3

CDS archive(s) not mapped
Compressed class space mapped at: 0x0000000800000000-0x0000000840000000, reserved size: 1073741824
Narrow klass base: 0x0000000800000000, Narrow klass shift: 0, Narrow klass range: 0x40000000

GC Precious Log:
 CPUs: 16 total, 16 available
 Memory: 32327M
 Large Page Support: Disabled
 NUMA Support: Disabled
 Compressed Oops: Enabled (Zero based)
 Heap Region Size: 4M
 Heap Min Capacity: 8M
 Heap Initial Capacity: 508M
 Heap Max Capacity: 8084M
 Pre-touch: Disabled
 Parallel Workers: 13
 Concurrent Workers: 3
 Concurrent Refinement Workers: 13
 Periodic GC: Disabled

Heap:
 garbage-first heap   total 520192K, used 12288K [0x0000000606c00000, 0x0000000800000000)
  region size 4096K, 4 young (16384K), 0 survivors (0K)
 Metaspace       used 14221K, committed 14336K, reserved 1114112K
  class space    used 1431K, committed 1472K, reserved 1048576K

Heap Regions: E=young(eden), S=young(survivor), O=old, HS=humongous(starts), HC=humongous(continues), CS=collection set, F=free, OA=open archive, CA=closed archive, TAMS=top-at-mark-start (previous, next)
|   0|0x0000000606c00000, 0x0000000606c00000, 0x0000000607000000|  0%| F|  |TAMS 0x0000000606c00000, 0x0000000606c00000| Untracked 
|   1|0x0000000607000000, 0x0000000607000000, 0x0000000607400000|  0%| F|  |TAMS 0x0000000607000000, 0x0000000607000000| Untracked 
|   2|0x0000000607400000, 0x0000000607400000, 0x0000000607800000|  0%| F|  |TAMS 0x0000000607400000, 0x0000000607400000| Untracked 
|   3|0x0000000607800000, 0x0000000607800000, 0x0000000607c00000|  0%| F|  |TAMS 0x0000000607800000, 0x0000000607800000| Untracked 
|   4|0x0000000607c00000, 0x0000000607c00000, 0x0000000608000000|  0%| F|  |TAMS 0x0000000607c00000, 0x0000000607c00000| Untracked 
|   5|0x0000000608000000, 0x0000000608000000, 0x0000000608400000|  0%| F|  |TAMS 0x0000000608000000, 0x0000000608000000| Untracked 
|   6|0x0000000608400000, 0x0000000608400000, 0x0000000608800000|  0%| F|  |TAMS 0x0000000608400000, 0x0000000608400000| Untracked 
|   7|0x0000000608800000, 0x0000000608800000, 0x0000000608c00000|  0%| F|  |TAMS 0x0000000608800000, 0x0000000608800000| Untracked 
|   8|0x0000000608c00000, 0x0000000608c00000, 0x0000000609000000|  0%| F|  |TAMS 0x0000000608c00000, 0x0000000608c00000| Untracked 
|   9|0x0000000609000000, 0x0000000609000000, 0x0000000609400000|  0%| F|  |TAMS 0x0000000609000000, 0x0000000609000000| Untracked 
|  10|0x0000000609400000, 0x0000000609400000, 0x0000000609800000|  0%| F|  |TAMS 0x0000000609400000, 0x0000000609400000| Untracked 
|  11|0x0000000609800000, 0x0000000609800000, 0x0000000609c00000|  0%| F|  |TAMS 0x0000000609800000, 0x0000000609800000| Untracked 
|  12|0x0000000609c00000, 0x0000000609c00000, 0x000000060a000000|  0%| F|  |TAMS 0x0000000609c00000, 0x0000000609c00000| Untracked 
|  13|0x000000060a000000, 0x000000060a000000, 0x000000060a400000|  0%| F|  |TAMS 0x000000060a000000, 0x000000060a000000| Untracked 
|  14|0x000000060a400000, 0x000000060a400000, 0x000000060a800000|  0%| F|  |TAMS 0x000000060a400000, 0x000000060a400000| Untracked 
|  15|0x000000060a800000, 0x000000060a800000, 0x000000060ac00000|  0%| F|  |TAMS 0x000000060a800000, 0x000000060a800000| Untracked 
|  16|0x000000060ac00000, 0x000000060ac00000, 0x000000060b000000|  0%| F|  |TAMS 0x000000060ac00000, 0x000000060ac00000| Untracked 
|  17|0x000000060b000000, 0x000000060b000000, 0x000000060b400000|  0%| F|  |TAMS 0x000000060b000000, 0x000000060b000000| Untracked 
|  18|0x000000060b400000, 0x000000060b400000, 0x000000060b800000|  0%| F|  |TAMS 0x000000060b400000, 0x000000060b400000| Untracked 
|  19|0x000000060b800000, 0x000000060b800000, 0x000000060bc00000|  0%| F|  |TAMS 0x000000060b800000, 0x000000060b800000| Untracked 
|  20|0x000000060bc00000, 0x000000060bc00000, 0x000000060c000000|  0%| F|  |TAMS 0x000000060bc00000, 0x000000060bc00000| Untracked 
|  21|0x000000060c000000, 0x000000060c000000, 0x000000060c400000|  0%| F|  |TAMS 0x000000060c000000, 0x000000060c000000| Untracked 
|  22|0x000000060c400000, 0x000000060c400000, 0x000000060c800000|  0%| F|  |TAMS 0x000000060c400000, 0x000000060c400000| Untracked 
|  23|0x000000060c800000, 0x000000060c800000, 0x000000060cc00000|  0%| F|  |TAMS 0x000000060c800000, 0x000000060c800000| Untracked 
|  24|0x000000060cc00000, 0x000000060cc00000, 0x000000060d000000|  0%| F|  |TAMS 0x000000060cc00000, 0x000000060cc00000| Untracked 
|  25|0x000000060d000000, 0x000000060d000000, 0x000000060d400000|  0%| F|  |TAMS 0x000000060d000000, 0x000000060d000000| Untracked 
|  26|0x000000060d400000, 0x000000060d400000, 0x000000060d800000|  0%| F|  |TAMS 0x000000060d400000, 0x000000060d400000| Untracked 
|  27|0x000000060d800000, 0x000000060d800000, 0x000000060dc00000|  0%| F|  |TAMS 0x000000060d800000, 0x000000060d800000| Untracked 
|  28|0x000000060dc00000, 0x000000060dc00000, 0x000000060e000000|  0%| F|  |TAMS 0x000000060dc00000, 0x000000060dc00000| Untracked 
|  29|0x000000060e000000, 0x000000060e000000, 0x000000060e400000|  0%| F|  |TAMS 0x000000060e000000, 0x000000060e000000| Untracked 
|  30|0x000000060e400000, 0x000000060e400000, 0x000000060e800000|  0%| F|  |TAMS 0x000000060e400000, 0x000000060e400000| Untracked 
|  31|0x000000060e800000, 0x000000060e800000, 0x000000060ec00000|  0%| F|  |TAMS 0x000000060e800000, 0x000000060e800000| Untracked 
|  32|0x000000060ec00000, 0x000000060ec00000, 0x000000060f000000|  0%| F|  |TAMS 0x000000060ec00000, 0x000000060ec00000| Untracked 
|  33|0x000000060f000000, 0x000000060f000000, 0x000000060f400000|  0%| F|  |TAMS 0x000000060f000000, 0x000000060f000000| Untracked 
|  34|0x000000060f400000, 0x000000060f400000, 0x000000060f800000|  0%| F|  |TAMS 0x000000060f400000, 0x000000060f400000| Untracked 
|  35|0x000000060f800000, 0x000000060f800000, 0x000000060fc00000|  0%| F|  |TAMS 0x000000060f800000, 0x000000060f800000| Untracked 
|  36|0x000000060fc00000, 0x000000060fc00000, 0x0000000610000000|  0%| F|  |TAMS 0x000000060fc00000, 0x000000060fc00000| Untracked 
|  37|0x0000000610000000, 0x0000000610000000, 0x0000000610400000|  0%| F|  |TAMS 0x0000000610000000, 0x0000000610000000| Untracked 
|  38|0x0000000610400000, 0x0000000610400000, 0x0000000610800000|  0%| F|  |TAMS 0x0000000610400000, 0x0000000610400000| Untracked 
|  39|0x0000000610800000, 0x0000000610800000, 0x0000000610c00000|  0%| F|  |TAMS 0x0000000610800000, 0x0000000610800000| Untracked 
|  40|0x0000000610c00000, 0x0000000610c00000, 0x0000000611000000|  0%| F|  |TAMS 0x0000000610c00000, 0x0000000610c00000| Untracked 
|  41|0x0000000611000000, 0x0000000611000000, 0x0000000611400000|  0%| F|  |TAMS 0x0000000611000000, 0x0000000611000000| Untracked 
|  42|0x0000000611400000, 0x0000000611400000, 0x0000000611800000|  0%| F|  |TAMS 0x0000000611400000, 0x0000000611400000| Untracked 
|  43|0x0000000611800000, 0x0000000611800000, 0x0000000611c00000|  0%| F|  |TAMS 0x0000000611800000, 0x0000000611800000| Untracked 
|  44|0x0000000611c00000, 0x0000000611c00000, 0x0000000612000000|  0%| F|  |TAMS 0x0000000611c00000, 0x0000000611c00000| Untracked 
|  45|0x0000000612000000, 0x0000000612000000, 0x0000000612400000|  0%| F|  |TAMS 0x0000000612000000, 0x0000000612000000| Untracked 
|  46|0x0000000612400000, 0x0000000612400000, 0x0000000612800000|  0%| F|  |TAMS 0x0000000612400000, 0x0000000612400000| Untracked 
|  47|0x0000000612800000, 0x0000000612800000, 0x0000000612c00000|  0%| F|  |TAMS 0x0000000612800000, 0x0000000612800000| Untracked 
|  48|0x0000000612c00000, 0x0000000612c00000, 0x0000000613000000|  0%| F|  |TAMS 0x0000000612c00000, 0x0000000612c00000| Untracked 
|  49|0x0000000613000000, 0x0000000613000000, 0x0000000613400000|  0%| F|  |TAMS 0x0000000613000000, 0x0000000613000000| Untracked 
|  50|0x0000000613400000, 0x0000000613400000, 0x0000000613800000|  0%| F|  |TAMS 0x0000000613400000, 0x0000000613400000| Untracked 
|  51|0x0000000613800000, 0x0000000613800000, 0x0000000613c00000|  0%| F|  |TAMS 0x0000000613800000, 0x0000000613800000| Untracked 
|  52|0x0000000613c00000, 0x0000000613c00000, 0x0000000614000000|  0%| F|  |TAMS 0x0000000613c00000, 0x0000000613c00000| Untracked 
|  53|0x0000000614000000, 0x0000000614000000, 0x0000000614400000|  0%| F|  |TAMS 0x0000000614000000, 0x0000000614000000| Untracked 
|  54|0x0000000614400000, 0x0000000614400000, 0x0000000614800000|  0%| F|  |TAMS 0x0000000614400000, 0x0000000614400000| Untracked 
|  55|0x0000000614800000, 0x0000000614800000, 0x0000000614c00000|  0%| F|  |TAMS 0x0000000614800000, 0x0000000614800000| Untracked 
|  56|0x0000000614c00000, 0x0000000614c00000, 0x0000000615000000|  0%| F|  |TAMS 0x0000000614c00000, 0x0000000614c00000| Untracked 
|  57|0x0000000615000000, 0x0000000615000000, 0x0000000615400000|  0%| F|  |TAMS 0x0000000615000000, 0x0000000615000000| Untracked 
|  58|0x0000000615400000, 0x0000000615400000, 0x0000000615800000|  0%| F|  |TAMS 0x0000000615400000, 0x0000000615400000| Untracked 
|  59|0x0000000615800000, 0x0000000615800000, 0x0000000615c00000|  0%| F|  |TAMS 0x0000000615800000, 0x0000000615800000| Untracked 
|  60|0x0000000615c00000, 0x0000000615c00000, 0x0000000616000000|  0%| F|  |TAMS 0x0000000615c00000, 0x0000000615c00000| Untracked 
|  61|0x0000000616000000, 0x0000000616000000, 0x0000000616400000|  0%| F|  |TAMS 0x0000000616000000, 0x0000000616000000| Untracked 
|  62|0x0000000616400000, 0x0000000616400000, 0x0000000616800000|  0%| F|  |TAMS 0x0000000616400000, 0x0000000616400000| Untracked 
|  63|0x0000000616800000, 0x0000000616800000, 0x0000000616c00000|  0%| F|  |TAMS 0x0000000616800000, 0x0000000616800000| Untracked 
|  64|0x0000000616c00000, 0x0000000616c00000, 0x0000000617000000|  0%| F|  |TAMS 0x0000000616c00000, 0x0000000616c00000| Untracked 
|  65|0x0000000617000000, 0x0000000617000000, 0x0000000617400000|  0%| F|  |TAMS 0x0000000617000000, 0x0000000617000000| Untracked 
|  66|0x0000000617400000, 0x0000000617400000, 0x0000000617800000|  0%| F|  |TAMS 0x0000000617400000, 0x0000000617400000| Untracked 
|  67|0x0000000617800000, 0x0000000617800000, 0x0000000617c00000|  0%| F|  |TAMS 0x0000000617800000, 0x0000000617800000| Untracked 
|  68|0x0000000617c00000, 0x0000000617c00000, 0x0000000618000000|  0%| F|  |TAMS 0x0000000617c00000, 0x0000000617c00000| Untracked 
|  69|0x0000000618000000, 0x0000000618000000, 0x0000000618400000|  0%| F|  |TAMS 0x0000000618000000, 0x0000000618000000| Untracked 
|  70|0x0000000618400000, 0x0000000618400000, 0x0000000618800000|  0%| F|  |TAMS 0x0000000618400000, 0x0000000618400000| Untracked 
|  71|0x0000000618800000, 0x0000000618800000, 0x0000000618c00000|  0%| F|  |TAMS 0x0000000618800000, 0x0000000618800000| Untracked 
|  72|0x0000000618c00000, 0x0000000618c00000, 0x0000000619000000|  0%| F|  |TAMS 0x0000000618c00000, 0x0000000618c00000| Untracked 
|  73|0x0000000619000000, 0x0000000619000000, 0x0000000619400000|  0%| F|  |TAMS 0x0000000619000000, 0x0000000619000000| Untracked 
|  74|0x0000000619400000, 0x0000000619400000, 0x0000000619800000|  0%| F|  |TAMS 0x0000000619400000, 0x0000000619400000| Untracked 
|  75|0x0000000619800000, 0x0000000619800000, 0x0000000619c00000|  0%| F|  |TAMS 0x0000000619800000, 0x0000000619800000| Untracked 
|  76|0x0000000619c00000, 0x0000000619c00000, 0x000000061a000000|  0%| F|  |TAMS 0x0000000619c00000, 0x0000000619c00000| Untracked 
|  77|0x000000061a000000, 0x000000061a000000, 0x000000061a400000|  0%| F|  |TAMS 0x000000061a000000, 0x000000061a000000| Untracked 
|  78|0x000000061a400000, 0x000000061a400000, 0x000000061a800000|  0%| F|  |TAMS 0x000000061a400000, 0x000000061a400000| Untracked 
|  79|0x000000061a800000, 0x000000061a800000, 0x000000061ac00000|  0%| F|  |TAMS 0x000000061a800000, 0x000000061a800000| Untracked 
|  80|0x000000061ac00000, 0x000000061ac00000, 0x000000061b000000|  0%| F|  |TAMS 0x000000061ac00000, 0x000000061ac00000| Untracked 
|  81|0x000000061b000000, 0x000000061b000000, 0x000000061b400000|  0%| F|  |TAMS 0x000000061b000000, 0x000000061b000000| Untracked 
|  82|0x000000061b400000, 0x000000061b400000, 0x000000061b800000|  0%| F|  |TAMS 0x000000061b400000, 0x000000061b400000| Untracked 
|  83|0x000000061b800000, 0x000000061b800000, 0x000000061bc00000|  0%| F|  |TAMS 0x000000061b800000, 0x000000061b800000| Untracked 
|  84|0x000000061bc00000, 0x000000061bc00000, 0x000000061c000000|  0%| F|  |TAMS 0x000000061bc00000, 0x000000061bc00000| Untracked 
|  85|0x000000061c000000, 0x000000061c000000, 0x000000061c400000|  0%| F|  |TAMS 0x000000061c000000, 0x000000061c000000| Untracked 
|  86|0x000000061c400000, 0x000000061c400000, 0x000000061c800000|  0%| F|  |TAMS 0x000000061c400000, 0x000000061c400000| Untracked 
|  87|0x000000061c800000, 0x000000061c800000, 0x000000061cc00000|  0%| F|  |TAMS 0x000000061c800000, 0x000000061c800000| Untracked 
|  88|0x000000061cc00000, 0x000000061cc00000, 0x000000061d000000|  0%| F|  |TAMS 0x000000061cc00000, 0x000000061cc00000| Untracked 
|  89|0x000000061d000000, 0x000000061d000000, 0x000000061d400000|  0%| F|  |TAMS 0x000000061d000000, 0x000000061d000000| Untracked 
|  90|0x000000061d400000, 0x000000061d400000, 0x000000061d800000|  0%| F|  |TAMS 0x000000061d400000, 0x000000061d400000| Untracked 
|  91|0x000000061d800000, 0x000000061d800000, 0x000000061dc00000|  0%| F|  |TAMS 0x000000061d800000, 0x000000061d800000| Untracked 
|  92|0x000000061dc00000, 0x000000061dc00000, 0x000000061e000000|  0%| F|  |TAMS 0x000000061dc00000, 0x000000061dc00000| Untracked 
|  93|0x000000061e000000, 0x000000061e000000, 0x000000061e400000|  0%| F|  |TAMS 0x000000061e000000, 0x000000061e000000| Untracked 
|  94|0x000000061e400000, 0x000000061e400000, 0x000000061e800000|  0%| F|  |TAMS 0x000000061e400000, 0x000000061e400000| Untracked 
|  95|0x000000061e800000, 0x000000061e800000, 0x000000061ec00000|  0%| F|  |TAMS 0x000000061e800000, 0x000000061e800000| Untracked 
|  96|0x000000061ec00000, 0x000000061ec00000, 0x000000061f000000|  0%| F|  |TAMS 0x000000061ec00000, 0x000000061ec00000| Untracked 
|  97|0x000000061f000000, 0x000000061f000000, 0x000000061f400000|  0%| F|  |TAMS 0x000000061f000000, 0x000000061f000000| Untracked 
|  98|0x000000061f400000, 0x000000061f400000, 0x000000061f800000|  0%| F|  |TAMS 0x000000061f400000, 0x000000061f400000| Untracked 
|  99|0x000000061f800000, 0x000000061f800000, 0x000000061fc00000|  0%| F|  |TAMS 0x000000061f800000, 0x000000061f800000| Untracked 
| 100|0x000000061fc00000, 0x000000061fc00000, 0x0000000620000000|  0%| F|  |TAMS 0x000000061fc00000, 0x000000061fc00000| Untracked 
| 101|0x0000000620000000, 0x0000000620000000, 0x0000000620400000|  0%| F|  |TAMS 0x0000000620000000, 0x0000000620000000| Untracked 
| 102|0x0000000620400000, 0x0000000620400000, 0x0000000620800000|  0%| F|  |TAMS 0x0000000620400000, 0x0000000620400000| Untracked 
| 103|0x0000000620800000, 0x0000000620800000, 0x0000000620c00000|  0%| F|  |TAMS 0x0000000620800000, 0x0000000620800000| Untracked 
| 104|0x0000000620c00000, 0x0000000620c00000, 0x0000000621000000|  0%| F|  |TAMS 0x0000000620c00000, 0x0000000620c00000| Untracked 
| 105|0x0000000621000000, 0x0000000621000000, 0x0000000621400000|  0%| F|  |TAMS 0x0000000621000000, 0x0000000621000000| Untracked 
| 106|0x0000000621400000, 0x0000000621400000, 0x0000000621800000|  0%| F|  |TAMS 0x0000000621400000, 0x0000000621400000| Untracked 
| 107|0x0000000621800000, 0x0000000621800000, 0x0000000621c00000|  0%| F|  |TAMS 0x0000000621800000, 0x0000000621800000| Untracked 
| 108|0x0000000621c00000, 0x0000000621c00000, 0x0000000622000000|  0%| F|  |TAMS 0x0000000621c00000, 0x0000000621c00000| Untracked 
| 109|0x0000000622000000, 0x0000000622000000, 0x0000000622400000|  0%| F|  |TAMS 0x0000000622000000, 0x0000000622000000| Untracked 
| 110|0x0000000622400000, 0x0000000622400000, 0x0000000622800000|  0%| F|  |TAMS 0x0000000622400000, 0x0000000622400000| Untracked 
| 111|0x0000000622800000, 0x0000000622800000, 0x0000000622c00000|  0%| F|  |TAMS 0x0000000622800000, 0x0000000622800000| Untracked 
| 112|0x0000000622c00000, 0x0000000622c00000, 0x0000000623000000|  0%| F|  |TAMS 0x0000000622c00000, 0x0000000622c00000| Untracked 
| 113|0x0000000623000000, 0x0000000623000000, 0x0000000623400000|  0%| F|  |TAMS 0x0000000623000000, 0x0000000623000000| Untracked 
| 114|0x0000000623400000, 0x0000000623400000, 0x0000000623800000|  0%| F|  |TAMS 0x0000000623400000, 0x0000000623400000| Untracked 
| 115|0x0000000623800000, 0x0000000623800000, 0x0000000623c00000|  0%| F|  |TAMS 0x0000000623800000, 0x0000000623800000| Untracked 
| 116|0x0000000623c00000, 0x0000000623c00000, 0x0000000624000000|  0%| F|  |TAMS 0x0000000623c00000, 0x0000000623c00000| Untracked 
| 117|0x0000000624000000, 0x0000000624000000, 0x0000000624400000|  0%| F|  |TAMS 0x0000000624000000, 0x0000000624000000| Untracked 
| 118|0x0000000624400000, 0x0000000624400000, 0x0000000624800000|  0%| F|  |TAMS 0x0000000624400000, 0x0000000624400000| Untracked 
| 119|0x0000000624800000, 0x0000000624800000, 0x0000000624c00000|  0%| F|  |TAMS 0x0000000624800000, 0x0000000624800000| Untracked 
| 120|0x0000000624c00000, 0x0000000624c00000, 0x0000000625000000|  0%| F|  |TAMS 0x0000000624c00000, 0x0000000624c00000| Untracked 
| 121|0x0000000625000000, 0x0000000625000000, 0x0000000625400000|  0%| F|  |TAMS 0x0000000625000000, 0x0000000625000000| Untracked 
| 122|0x0000000625400000, 0x0000000625400000, 0x0000000625800000|  0%| F|  |TAMS 0x0000000625400000, 0x0000000625400000| Untracked 
| 123|0x0000000625800000, 0x00000006258f6820, 0x0000000625c00000| 24%| E|  |TAMS 0x0000000625800000, 0x0000000625800000| Complete 
| 124|0x0000000625c00000, 0x0000000626000000, 0x0000000626000000|100%| E|CS|TAMS 0x0000000625c00000, 0x0000000625c00000| Complete 
| 125|0x0000000626000000, 0x0000000626400000, 0x0000000626400000|100%| E|CS|TAMS 0x0000000626000000, 0x0000000626000000| Complete 
| 126|0x0000000626400000, 0x0000000626800000, 0x0000000626800000|100%| E|CS|TAMS 0x0000000626400000, 0x0000000626400000| Complete 

Card table byte_map: [0x000002c0c0870000,0x000002c0c1840000] _byte_map_base: 0x000002c0bd83a000

Marking Bits (Prev, Next): (CMBitMap*) 0x000002c0acbfdce0, (CMBitMap*) 0x000002c0acbfdd20
 Prev Bits: [0x000002c0c2810000, 0x000002c0ca660000)
 Next Bits: [0x000002c0ca660000, 0x000002c0d24b0000)

Polling page: 0x000002c0aa9c0000

Metaspace:

Usage:
  Non-class:     12.49 MB used.
      Class:      1.40 MB used.
       Both:     13.89 MB used.

Virtual space:
  Non-class space:       64.00 MB reserved,      12.56 MB ( 20%) committed,  1 nodes.
      Class space:        1.00 GB reserved,       1.44 MB ( <1%) committed,  1 nodes.
             Both:        1.06 GB reserved,      14.00 MB (  1%) committed. 

Chunk freelists:
   Non-Class:  2.61 MB
       Class:  14.57 MB
        Both:  17.18 MB

MaxMetaspaceSize: unlimited
CompressedClassSpaceSize: 1.00 GB
Initial GC threshold: 21.00 MB
Current GC threshold: 21.00 MB
CDS: off
MetaspaceReclaimPolicy: balanced
 - commit_granule_bytes: 65536.
 - commit_granule_words: 8192.
 - virtual_space_node_default_size: 8388608.
 - enlarge_chunks_in_place: 1.
 - new_chunks_are_fully_committed: 0.
 - uncommit_free_chunks: 1.
 - use_allocation_guard: 0.
 - handle_deallocations: 1.


Internal statistics:

num_allocs_failed_limit: 0.
num_arena_births: 120.
num_arena_deaths: 0.
num_vsnodes_births: 2.
num_vsnodes_deaths: 0.
num_space_committed: 224.
num_space_uncommitted: 0.
num_chunks_returned_to_freelist: 0.
num_chunks_taken_from_freelist: 236.
num_chunk_merges: 0.
num_chunk_splits: 138.
num_chunks_enlarged: 88.
num_inconsistent_stats: 0.

CodeHeap 'non-profiled nmethods': size=119168Kb used=263Kb max_used=263Kb free=118904Kb
 bounds [0x000002c0b7bc0000, 0x000002c0b7e30000, 0x000002c0bf020000]
CodeHeap 'profiled nmethods': size=119104Kb used=1508Kb max_used=1508Kb free=117595Kb
 bounds [0x000002c0b0020000, 0x000002c0b0290000, 0x000002c0b7470000]
CodeHeap 'non-nmethods': size=7488Kb used=2305Kb max_used=2319Kb free=5182Kb
 bounds [0x000002c0b7470000, 0x000002c0b76e0000, 0x000002c0b7bc0000]
 total_blobs=1425 nmethods=951 adapters=385
 compilation: enabled
              stopped_count=0, restarted_count=0
 full_count=0

Compilation events (20 events):
Event: 0.572 Thread 0x000002c0d559b680  941       4       java.lang.StringLatin1::indexOf (36 bytes)
Event: 0.574 Thread 0x000002c0d559b680 nmethod 941 0x000002c0b7c01410 code [0x000002c0b7c01580, 0x000002c0b7c01738]
Event: 0.576 Thread 0x000002c0d559c070  942       3       jdk.internal.org.objectweb.asm.MethodWriter::hasFrames (13 bytes)
Event: 0.576 Thread 0x000002c0d5713da0  943       3       jdk.internal.org.objectweb.asm.MethodWriter::putMethodInfo (1274 bytes)
Event: 0.576 Thread 0x000002c0d57162c0  944       3       jdk.internal.org.objectweb.asm.Handler::putExceptionTable (63 bytes)
Event: 0.576 Thread 0x000002c0d559c070 nmethod 942 0x000002c0b0190910 code [0x000002c0b0190aa0, 0x000002c0b0190c18]
Event: 0.577 Thread 0x000002c0d559c070  945       3       java.lang.StringConcatHelper::newString (67 bytes)
Event: 0.577 Thread 0x000002c0d57162c0 nmethod 944 0x000002c0b0190c90 code [0x000002c0b0190ea0, 0x000002c0b0191328]
Event: 0.577 Thread 0x000002c0d559c070 nmethod 945 0x000002c0b0191610 code [0x000002c0b0191880, 0x000002c0b0192308]
Event: 0.578 Thread 0x000002c0d57162c0  946       3       java.lang.invoke.DirectMethodHandle::preparedLambdaForm (244 bytes)
Event: 0.579 Thread 0x000002c0d559b680  947       4       jdk.internal.org.objectweb.asm.ByteVector::putShort (52 bytes)
Event: 0.580 Thread 0x000002c0d559c070  948       3       java.util.ImmutableCollections$List12::size (16 bytes)
Event: 0.580 Thread 0x000002c0d559c070 nmethod 948 0x000002c0b0192690 code [0x000002c0b0192820, 0x000002c0b01929b8]
Event: 0.580 Thread 0x000002c0d559c070  949       3       java.lang.invoke.DirectMethodHandle::internalMemberName (8 bytes)
Event: 0.580 Thread 0x000002c0d5713da0 nmethod 943 0x000002c0b0192a90 code [0x000002c0b0193160, 0x000002c0b0195ac8]
Event: 0.580 Thread 0x000002c0d57162c0 nmethod 946 0x000002c0b0196d90 code [0x000002c0b0197080, 0x000002c0b0198038]
Event: 0.580 Thread 0x000002c0d559c070 nmethod 949 0x000002c0b0198610 code [0x000002c0b01987a0, 0x000002c0b0198998]
Event: 0.581 Thread 0x000002c0d559b680 nmethod 947 0x000002c0b7c01890 code [0x000002c0b7c01a00, 0x000002c0b7c01b38]
Event: 0.582 Thread 0x000002c0d559c070  950       3       java.lang.StringConcatHelper::initialCoder (14 bytes)
Event: 0.582 Thread 0x000002c0d559c070 nmethod 950 0x000002c0b0198a90 code [0x000002c0b0198c20, 0x000002c0b0198d38]

GC Heap History (0 events):
No events

Dll operation events (1 events):
Event: 0.012 Loaded shared library C:\Program Files\Android\Android Studio3\jbr\bin\java.dll

Deoptimization events (8 events):
Event: 0.459 Thread 0x000002c0acb517f0 DEOPT PACKING pc=0x000002c0b0037ae7 sp=0x000000c4e00fad20
Event: 0.459 Thread 0x000002c0acb517f0 DEOPT UNPACKING pc=0x000002c0b74c7143 sp=0x000000c4e00fa140 mode 0
Event: 0.476 Thread 0x000002c0acb517f0 Uncommon trap: trap_request=0xffffff45 fr.pc=0x000002c0b7bdfefc relative=0x00000000000003dc
Event: 0.476 Thread 0x000002c0acb517f0 Uncommon trap: reason=unstable_if action=reinterpret pc=0x000002c0b7bdfefc method=java.lang.StringLatin1.newString([BII)Ljava/lang/String; @ 1 c2
Event: 0.476 Thread 0x000002c0acb517f0 DEOPT PACKING pc=0x000002c0b7bdfefc sp=0x000000c4e00fe410
Event: 0.476 Thread 0x000002c0acb517f0 DEOPT UNPACKING pc=0x000002c0b74c69a3 sp=0x000000c4e00fe3d8 mode 2
Event: 0.503 Thread 0x000002c0acb517f0 DEOPT PACKING pc=0x000002c0b0036ad1 sp=0x000000c4e00fd690
Event: 0.503 Thread 0x000002c0acb517f0 DEOPT UNPACKING pc=0x000002c0b74c7143 sp=0x000000c4e00fcb08 mode 0

Classes unloaded (0 events):
No events

Classes redefined (0 events):
No events

Internal exceptions (20 events):
Event: 0.232 Thread 0x000002c0acb517f0 Exception <a 'java/lang/NoSuchMethodError'{0x000000062603ebb0}: 'void java.lang.invoke.DirectMethodHandle$Holder.invokeStaticInit(java.lang.Object, java.lang.Object)'> (0x000000062603ebb0) 
thrown [s\src\hotspot\share\interpreter\linkResolver.cpp, line 771]
Event: 0.233 Thread 0x000002c0acb517f0 Exception <a 'java/lang/NoSuchMethodError'{0x0000000626045648}: 'int java.lang.invoke.DirectMethodHandle$Holder.invokeStaticInit(java.lang.Object, java.lang.Object)'> (0x0000000626045648) 
thrown [s\src\hotspot\share\interpreter\linkResolver.cpp, line 771]
Event: 0.274 Thread 0x000002c0acb517f0 Exception <a 'java/lang/NoSuchMethodError'{0x000000062612b550}: 'java.lang.Object java.lang.invoke.DirectMethodHandle$Holder.invokeStaticInit(java.lang.Object, int, int, int, int)'> (0x000000062612b550) 
thrown [s\src\hotspot\share\interpreter\linkResolver.cpp, line 771]
Event: 0.374 Thread 0x000002c0acb517f0 Exception <a 'java/lang/NoSuchMethodError'{0x000000062617fe58}: 'java.lang.Object java.lang.invoke.DirectMethodHandle$Holder.invokeStaticInit(java.lang.Object, java.lang.Object, int, int, int, int)'> (0x000000062617fe58) 
thrown [s\src\hotspot\share\interpreter\linkResolver.cpp, line 771]
Event: 0.384 Thread 0x000002c0acb517f0 Exception <a 'java/lang/NoSuchMethodError'{0x00000006261e8850}: 'java.lang.Object java.lang.invoke.DirectMethodHandle$Holder.invokeStatic(java.lang.Object, java.lang.Object, int)'> (0x00000006261e8850) 
thrown [s\src\hotspot\share\interpreter\linkResolver.cpp, line 771]
Event: 0.384 Thread 0x000002c0acb517f0 Exception <a 'java/lang/NoSuchMethodError'{0x00000006261ebfc8}: 'java.lang.Object java.lang.invoke.DirectMethodHandle$Holder.invokeStaticInit(java.lang.Object, java.lang.Object, int)'> (0x00000006261ebfc8) 
thrown [s\src\hotspot\share\interpreter\linkResolver.cpp, line 771]
Event: 0.387 Thread 0x000002c0acb517f0 Exception <a 'java/lang/NoSuchMethodError'{0x00000006261f26d8}: 'java.lang.Object java.lang.invoke.DirectMethodHandle$Holder.newInvokeSpecial(java.lang.Object, java.lang.Object, int)'> (0x00000006261f26d8) 
thrown [s\src\hotspot\share\interpreter\linkResolver.cpp, line 771]
Event: 0.390 Thread 0x000002c0acb517f0 Exception <a 'java/lang/NoSuchMethodError'{0x0000000626201dc8}: 'int java.lang.invoke.DirectMethodHandle$Holder.invokeStaticInit(java.lang.Object, java.lang.Object, java.lang.Object)'> (0x0000000626201dc8) 
thrown [s\src\hotspot\share\interpreter\linkResolver.cpp, line 771]
Event: 0.392 Thread 0x000002c0acb517f0 Exception <a 'java/lang/NoSuchMethodError'{0x0000000626211fa8}: 'int java.lang.invoke.DirectMethodHandle$Holder.invokeSpecial(java.lang.Object, java.lang.Object, java.lang.Object)'> (0x0000000626211fa8) 
thrown [s\src\hotspot\share\interpreter\linkResolver.cpp, line 771]
Event: 0.393 Thread 0x000002c0acb517f0 Exception <a 'java/lang/NoSuchMethodError'{0x000000062621a388}: 'int java.lang.invoke.DirectMethodHandle$Holder.invokeSpecialIFC(java.lang.Object, java.lang.Object, java.lang.Object)'> (0x000000062621a388) 
thrown [s\src\hotspot\share\interpreter\linkResolver.cpp, line 771]
Event: 0.422 Thread 0x000002c0acb517f0 Exception <a 'java/lang/NoSuchMethodError'{0x00000006262a6878}: 'java.lang.Object java.lang.invoke.DirectMethodHandle$Holder.invokeStaticInit(java.lang.Object)'> (0x00000006262a6878) 
thrown [s\src\hotspot\share\interpreter\linkResolver.cpp, line 771]
Event: 0.485 Thread 0x000002c0acb517f0 Exception <a 'java/lang/NoSuchMethodError'{0x0000000625c16448}: 'java.lang.Object java.lang.invoke.DirectMethodHandle$Holder.newInvokeSpecial(java.lang.Object, java.lang.Object, java.lang.Object, java.lang.Object, java.lang.Object)'> (0x0000000625c16448) 
thrown [s\src\hotspot\share\interpreter\linkResolver.cpp, line 771]
Event: 0.525 Thread 0x000002c0acb517f0 Exception <a 'java/lang/NoSuchMethodError'{0x0000000625da23b8}: 'java.lang.Object java.lang.invoke.DirectMethodHandle$Holder.invokeSpecial(java.lang.Object, java.lang.Object, java.lang.Object, java.lang.Object, int)'> (0x0000000625da23b8) 
thrown [s\src\hotspot\share\interpreter\linkResolver.cpp, line 771]
Event: 0.525 Thread 0x000002c0acb517f0 Exception <a 'java/lang/NoSuchMethodError'{0x0000000625da5f80}: 'java.lang.Object java.lang.invoke.Invokers$Holder.linkToTargetMethod(java.lang.Object, java.lang.Object, int, java.lang.Object)'> (0x0000000625da5f80) 
thrown [s\src\hotspot\share\interpreter\linkResolver.cpp, line 771]
Event: 0.537 Thread 0x000002c0acb517f0 Exception <a 'java/lang/NoSuchMethodError'{0x0000000625e061d0}: 'void java.lang.invoke.DirectMethodHandle$Holder.invokeSpecial(java.lang.Object, java.lang.Object, java.lang.Object)'> (0x0000000625e061d0) 
thrown [s\src\hotspot\share\interpreter\linkResolver.cpp, line 771]
Event: 0.548 Thread 0x000002c0d5596b50 Exception <a 'java/lang/NoSuchMethodError'{0x00000006263fbdc8}: 'void java.lang.invoke.DirectMethodHandle$Holder.invokeStatic(java.lang.Object, java.lang.Object, int)'> (0x00000006263fbdc8) 
thrown [s\src\hotspot\share\interpreter\linkResolver.cpp, line 771]
Event: 0.549 Thread 0x000002c0acb517f0 Exception <a 'java/lang/NoSuchMethodError'{0x0000000625e8c518}: 'void java.lang.invoke.DirectMethodHandle$Holder.invokeSpecial(java.lang.Object, java.lang.Object, java.lang.Object, java.lang.Object, java.lang.Object)'> (0x0000000625e8c518) 
thrown [s\src\hotspot\share\interpreter\linkResolver.cpp, line 771]
Event: 0.562 Thread 0x000002c0d55996a0 Exception <a 'java/lang/NoSuchMethodError'{0x0000000625f8a030}: 'void java.lang.invoke.DirectMethodHandle$Holder.invokeInterface(java.lang.Object, java.lang.Object, java.lang.Object)'> (0x0000000625f8a030) 
thrown [s\src\hotspot\share\interpreter\linkResolver.cpp, line 771]
Event: 0.565 Thread 0x000002c0d55996a0 Exception <a 'java/lang/NoSuchMethodError'{0x0000000625fa0518}: 'int java.lang.invoke.DirectMethodHandle$Holder.invokeStaticInit(java.lang.Object, int, int)'> (0x0000000625fa0518) 
thrown [s\src\hotspot\share\interpreter\linkResolver.cpp, line 771]
Event: 0.571 Thread 0x000002c0d55996a0 Exception <a 'java/lang/NoSuchMethodError'{0x0000000625fe3be0}: 'void java.lang.invoke.DirectMethodHandle$Holder.invokeVirtual(java.lang.Object, java.lang.Object)'> (0x0000000625fe3be0) 
thrown [s\src\hotspot\share\interpreter\linkResolver.cpp, line 771]

VM Operations (8 events):
Event: 0.119 Executing VM operation: HandshakeAllThreads
Event: 0.119 Executing VM operation: HandshakeAllThreads done
Event: 0.131 Executing VM operation: HandshakeAllThreads
Event: 0.131 Executing VM operation: HandshakeAllThreads done
Event: 0.292 Executing VM operation: HandshakeAllThreads
Event: 0.292 Executing VM operation: HandshakeAllThreads done
Event: 0.425 Executing VM operation: HandshakeAllThreads
Event: 0.425 Executing VM operation: HandshakeAllThreads done

Events (20 events):
Event: 0.576 loading class java/util/concurrent/CompletableFuture$UniRun
Event: 0.576 loading class java/util/concurrent/CompletableFuture$UniRun done
Event: 0.578 loading class java/util/function/LongBinaryOperator
Event: 0.578 loading class java/util/function/LongBinaryOperator done
Event: 0.580 loading class sun/security/ssl/ClientHandshakeContext
Event: 0.580 loading class sun/security/ssl/HandshakeContext
Event: 0.580 loading class sun/security/ssl/HandshakeContext done
Event: 0.581 loading class sun/security/ssl/ClientHandshakeContext done
Event: 0.581 Thread 0x000002c0d5597e90 Thread added: 0x000002c0d5597e90
Event: 0.581 loading class sun/security/ssl/NamedGroupPossession
Event: 0.581 loading class sun/security/ssl/SSLPossession
Event: 0.582 loading class sun/security/ssl/SSLPossession done
Event: 0.582 loading class sun/security/ssl/NamedGroupPossession done
Event: 0.582 loading class sun/security/ssl/SSLCredentials
Event: 0.582 loading class sun/security/ssl/SSLCredentials done
Event: 0.582 loading class sun/security/ssl/SSLKeyDerivation
Event: 0.582 loading class sun/security/ssl/SSLKeyDerivation done
Event: 0.582 loading class java/lang/NoSuchFieldError
Event: 0.582 loading class java/lang/NoSuchFieldError done
Event: 0.582 loading class sun/security/ssl/SupportedGroupsExtension$SupportedGroups


Dynamic libraries:
0x00007ff7fdd30000 - 0x00007ff7fdd3a000 	C:\Program Files\Android\Android Studio3\jbr\bin\java.exe
0x00007ff84d270000 - 0x00007ff84d487000 	C:\Windows\SYSTEM32\ntdll.dll
0x00007ff84cb50000 - 0x00007ff84cc14000 	C:\Windows\System32\KERNEL32.DLL
0x00007ff84a7e0000 - 0x00007ff84ab8d000 	C:\Windows\System32\KERNELBASE.dll
0x00007ff84a6c0000 - 0x00007ff84a7d1000 	C:\Windows\System32\ucrtbase.dll
0x00007ff821dc0000 - 0x00007ff821dd7000 	C:\Program Files\Android\Android Studio3\jbr\bin\jli.dll
0x00007ff83a120000 - 0x00007ff83a13b000 	C:\Program Files\Android\Android Studio3\jbr\bin\VCRUNTIME140.dll
0x00007ff84cc20000 - 0x00007ff84cdce000 	C:\Windows\System32\USER32.dll
0x00007ff84a690000 - 0x00007ff84a6b6000 	C:\Windows\System32\win32u.dll
0x00007ff84c150000 - 0x00007ff84c179000 	C:\Windows\System32\GDI32.dll
0x00007ff84ae60000 - 0x00007ff84af79000 	C:\Windows\System32\gdi32full.dll
0x00007ff84ab90000 - 0x00007ff84ac2a000 	C:\Windows\System32\msvcp_win.dll
0x00007ff82f270000 - 0x00007ff82f503000 	C:\Windows\WinSxS\amd64_microsoft.windows.common-controls_6595b64144ccf1df_6.0.22621.3672_none_2713b9d173822955\COMCTL32.dll
0x00007ff84c800000 - 0x00007ff84c8a7000 	C:\Windows\System32\msvcrt.dll
0x00007ff84b090000 - 0x00007ff84b0c1000 	C:\Windows\System32\IMM32.DLL
0x00007ff841d50000 - 0x00007ff841d5c000 	C:\Program Files\Android\Android Studio3\jbr\bin\vcruntime140_1.dll
0x00007ff81b2a0000 - 0x00007ff81b32d000 	C:\Program Files\Android\Android Studio3\jbr\bin\msvcp140.dll
0x00007fffb67f0000 - 0x00007fffb7470000 	C:\Program Files\Android\Android Studio3\jbr\bin\server\jvm.dll
0x00007ff84bea0000 - 0x00007ff84bf52000 	C:\Windows\System32\ADVAPI32.dll
0x00007ff84bf60000 - 0x00007ff84c009000 	C:\Windows\System32\sechost.dll
0x00007ff84af80000 - 0x00007ff84afa8000 	C:\Windows\System32\bcrypt.dll
0x00007ff84c520000 - 0x00007ff84c634000 	C:\Windows\System32\RPCRT4.dll
0x00007ff83da90000 - 0x00007ff83da9a000 	C:\Windows\SYSTEM32\VERSION.dll
0x00007ff842110000 - 0x00007ff842144000 	C:\Windows\SYSTEM32\WINMM.dll
0x00007ff842210000 - 0x00007ff842219000 	C:\Windows\SYSTEM32\WSOCK32.dll
0x00007ff84b0d0000 - 0x00007ff84b141000 	C:\Windows\System32\WS2_32.dll
0x00007ff849690000 - 0x00007ff8496a8000 	C:\Windows\SYSTEM32\kernel.appcore.dll
0x00007ff847140000 - 0x00007ff84714a000 	C:\Program Files\Android\Android Studio3\jbr\bin\jimage.dll
0x00007ff8477d0000 - 0x00007ff847a02000 	C:\Windows\SYSTEM32\DBGHELP.DLL
0x00007ff84c180000 - 0x00007ff84c508000 	C:\Windows\System32\combase.dll
0x00007ff84afb0000 - 0x00007ff84b087000 	C:\Windows\System32\OLEAUT32.dll
0x00007ff83dda0000 - 0x00007ff83ddd2000 	C:\Windows\SYSTEM32\dbgcore.DLL
0x00007ff84a5a0000 - 0x00007ff84a61b000 	C:\Windows\System32\bcryptPrimitives.dll
0x00007ff822a10000 - 0x00007ff822a35000 	C:\Program Files\Android\Android Studio3\jbr\bin\java.dll
0x00007ff82a4e0000 - 0x00007ff82a4f8000 	C:\Program Files\Android\Android Studio3\jbr\bin\zip.dll
0x00007ff84b160000 - 0x00007ff84b9bf000 	C:\Windows\System32\SHELL32.dll
0x00007ff8484b0000 - 0x00007ff848dac000 	C:\Windows\SYSTEM32\windows.storage.dll
0x00007ff848370000 - 0x00007ff8484af000 	C:\Windows\SYSTEM32\wintypes.dll
0x00007ff84cdd0000 - 0x00007ff84cec4000 	C:\Windows\System32\SHCORE.dll
0x00007ff84b9c0000 - 0x00007ff84ba1e000 	C:\Windows\System32\shlwapi.dll
0x00007ff84a4d0000 - 0x00007ff84a4f1000 	C:\Windows\SYSTEM32\profapi.dll
0x00007ff8228a0000 - 0x00007ff8228b9000 	C:\Program Files\Android\Android Studio3\jbr\bin\net.dll
0x00007ff845f10000 - 0x00007ff846046000 	C:\Windows\SYSTEM32\WINHTTP.dll
0x00007ff849b10000 - 0x00007ff849b79000 	C:\Windows\system32\mswsock.dll
0x00007ff822730000 - 0x00007ff822746000 	C:\Program Files\Android\Android Studio3\jbr\bin\nio.dll
0x00007ff849d90000 - 0x00007ff849dab000 	C:\Windows\SYSTEM32\CRYPTSP.dll
0x00007ff8495f0000 - 0x00007ff849625000 	C:\Windows\system32\rsaenh.dll
0x00007ff849c30000 - 0x00007ff849c58000 	C:\Windows\SYSTEM32\USERENV.dll
0x00007ff849db0000 - 0x00007ff849dbc000 	C:\Windows\SYSTEM32\CRYPTBASE.dll
0x00007ff8490c0000 - 0x00007ff8490ed000 	C:\Windows\SYSTEM32\IPHLPAPI.DLL
0x00007ff84c510000 - 0x00007ff84c519000 	C:\Windows\System32\NSI.dll
0x00007ff845e40000 - 0x00007ff845e59000 	C:\Windows\SYSTEM32\dhcpcsvc6.DLL
0x00007ff845cf0000 - 0x00007ff845d0f000 	C:\Windows\SYSTEM32\dhcpcsvc.DLL
0x00007ff8490f0000 - 0x00007ff8491e8000 	C:\Windows\SYSTEM32\DNSAPI.dll
0x00007ff836310000 - 0x00007ff836318000 	C:\Windows\system32\wshunix.dll

dbghelp: loaded successfully - version: 4.0.5 - missing functions: none
symbol engine: initialized successfully - sym options: 0x614 - pdb path: .;C:\Program Files\Android\Android Studio3\jbr\bin;C:\Windows\SYSTEM32;C:\Windows\WinSxS\amd64_microsoft.windows.common-controls_6595b64144ccf1df_6.0.22621.3672_none_2713b9d173822955;C:\Program Files\Android\Android Studio3\jbr\bin\server

VM Arguments:
java_command: git4idea.http.GitAskPassApp Username for 'https://github.com': 
java_class_path (initial): C:/Program Files/Android/Android Studio3/plugins/vcs-git/lib/git4idea-rt.jar;C:/Program Files/Android/Android Studio3/lib/externalProcess-rt.jar
Launcher Type: SUN_STANDARD

[Global flags]
     intx CICompilerCount                          = 12                                        {product} {ergonomic}
     uint ConcGCThreads                            = 3                                         {product} {ergonomic}
     uint G1ConcRefinementThreads                  = 13                                        {product} {ergonomic}
   size_t G1HeapRegionSize                         = 4194304                                   {product} {ergonomic}
    uintx GCDrainStackTargetSize                   = 64                                        {product} {ergonomic}
   size_t InitialHeapSize                          = 532676608                                 {product} {ergonomic}
   size_t MarkStackSize                            = 4194304                                   {product} {ergonomic}
   size_t MaxHeapSize                              = 8476688384                                {product} {ergonomic}
   size_t MaxNewSize                               = 5083496448                                {product} {ergonomic}
   size_t MinHeapDeltaBytes                        = 4194304                                   {product} {ergonomic}
   size_t MinHeapSize                              = 8388608                                   {product} {ergonomic}
    uintx NonNMethodCodeHeapSize                   = 7602480                                {pd product} {ergonomic}
    uintx NonProfiledCodeHeapSize                  = 122027880                              {pd product} {ergonomic}
    uintx ProfiledCodeHeapSize                     = 122027880                              {pd product} {ergonomic}
    uintx ReservedCodeCacheSize                    = 251658240                              {pd product} {ergonomic}
     bool SegmentedCodeCache                       = true                                      {product} {ergonomic}
   size_t SoftMaxHeapSize                          = 8476688384                             {manageable} {ergonomic}
     bool UseCompressedClassPointers               = true                           {product lp64_product} {ergonomic}
     bool UseCompressedOops                        = true                           {product lp64_product} {ergonomic}
     bool UseG1GC                                  = true                                      {product} {ergonomic}
     bool UseLargePagesIndividualAllocation        = false                                  {pd product} {ergonomic}

Logging:
Log output configuration:
 #0: stdout all=warning uptime,level,tags
 #1: stderr all=off uptime,level,tags

Environment Variables:
JAVA_HOME=C:\Program Files\Microsoft\jdk-11.0.16.101-hotspot
CLASSPATH=.;C:\Program Files (x86)\QuickTime\QTSystem\QTJava.zip
PATH=C:\Program Files\Git\mingw64\libexec\git-core;C:\Program Files\Git\mingw64\libexec\git-core;C:\Program Files\Git\mingw64\bin;C:\Program Files\Git\usr\bin;C:\Users\jh052\bin;C:\Program Files\Common Files\Oracle\Java\javapath;C:\Program Files\Microsoft\jdk-11.0.16.101-hotspot\bin;C:\Windows\system32;C:\Windows;C:\Windows\System32\Wbem;C:\Windows\System32\WindowsPowerShell\v1.0;C:\Windows\System32\OpenSSH;C:\Program Files\Bandizip;C:\Users\jh052\Downloads\volatility_2.6_win64_standalone;C:\101\recover_mp4_192\recover_mp4.exe;C:\Program Files\Microsoft Network Monitor 3;C:\Program Files (x86)\Windows Kits\10\Windows Performance Toolkit;C:\Program Files (x86)\QuickTime\QTSystem;C:\Program Files\Microsoft\jdk-11.0.16.101-hotspot\bin;C:\Program Files\dotnet;C:\Program Files\Git\cmd;C:\Users\jh052\AppData\Local\Programs\Python\Python312\Scripts;C:\Users\jh052\AppData\Local\Programs\Python\Python312;C:\Program Files\MySQL\MySQL Shell 8.0\bin;C:\Users\jh052\AppData\Local\Microsoft\WindowsApps;C:\Program Files\JetBrains\PyCharm 2023.3.3\bin;C:\Users\jh052\.dotnet\tools;C:\Users\jh052\AppData\Local\Programs\Microsoft VS Code\bin
USERNAME=jh052
DISPLAY=:0.0
LC_ALL=en_US.UTF-8
TERM=xterm-256color
TMPDIR=C:\Users\jh052\AppData\Local\Temp
OS=Windows_NT
PROCESSOR_IDENTIFIER=Intel64 Family 6 Model 186 Stepping 2, GenuineIntel
TMP=C:\Users\jh052\AppData\Local\Temp
TEMP=C:\Users\jh052\AppData\Local\Temp


JNI global refs:
JNI global refs: 28, weak refs: 0

JNI global refs memory usage: 843, weak refs: 209

OOME stack traces (most recent first):
Classloader memory used:
