#
# There is insufficient memory for the Java Runtime Environment to continue.
# Native memory allocation (mmap) failed to map 65536 bytes for Failed to commit metaspace.
# Possible reasons:
#   The system is out of physical RAM or swap space
#   The process is running with CompressedOops enabled, and the Java Heap may be blocking the growth of the native heap
# Possible solutions:
#   Reduce memory load on the system
#   Increase physical memory or swap space
#   Check if swap backing store is full
#   Decrease Java heap size (-Xmx/-Xms)
#   Decrease number of Java threads
#   Decrease Java thread stack sizes (-Xss)
#   Set larger code cache with -XX:ReservedCodeCacheSize=
#   JVM is running with Zero Based Compressed Oops mode in which the Java heap is
#     placed in the first 32GB address space. The Java Heap base address is the
#     maximum limit for the native heap growth. Please use -XX:HeapBaseMinAddress
#     to set the Java Heap base and to place the Java Heap above 32GB virtual address.
# This output file may be truncated or incomplete.
#
#  Out of Memory Error (virtualSpaceNode.cpp:110), pid=45076, tid=24040
#
# JRE version: OpenJDK Runtime Environment (17.0.7) (build 17.0.7+0-b2043.56-10550314)
# Java VM: OpenJDK 64-Bit Server VM (17.0.7+0-b2043.56-10550314, mixed mode, tiered, compressed oops, compressed class ptrs, g1 gc, windows-amd64)
# No core dump will be written. Minidumps are not enabled by default on client versions of Windows
#

---------------  S U M M A R Y ------------

Command Line: git4idea.http.GitAskPassApp Username for 'https://github.com': 

Host: 13th Gen Intel(R) Core(TM) i7-1360P, 16 cores, 31G,  Windows 11 , 64 bit Build 22621 (10.0.22621.3672)
Time: Thu Aug  1 23:07:12 2024  Windows 11 , 64 bit Build 22621 (10.0.22621.3672) elapsed time: 0.573261 seconds (0d 0h 0m 0s)

---------------  T H R E A D  ---------------

Current thread (0x0000026793c7fd80):  JavaThread "main" [_thread_in_vm, id=24040, stack(0x0000006e27c00000,0x0000006e27d00000)]

Stack: [0x0000006e27c00000,0x0000006e27d00000]
Native frames: (J=compiled Java code, j=interpreted, Vv=VM code, C=native code)
V  [jvm.dll+0x683bfa]
V  [jvm.dll+0x8430a4]
V  [jvm.dll+0x8449be]
V  [jvm.dll+0x845023]
V  [jvm.dll+0x24ad2f]
V  [jvm.dll+0x83e45b]
V  [jvm.dll+0x6281e6]
V  [jvm.dll+0x62824a]
V  [jvm.dll+0x62aa6a]
V  [jvm.dll+0x628b86]
V  [jvm.dll+0x240030]
V  [jvm.dll+0x1ef45d]
V  [jvm.dll+0x1e4e1c]
V  [jvm.dll+0x54a1dd]
V  [jvm.dll+0x1f573b]
V  [jvm.dll+0x7bcb6b]
V  [jvm.dll+0x7bdfb2]
V  [jvm.dll+0x7be2e8]
V  [jvm.dll+0x2429be]
V  [jvm.dll+0x3860ce]
C  0x000002679e5bb6ee

Java frames: (J=compiled Java code, j=interpreted, Vv=VM code)
j  sun.security.ssl.SSLCipher.<clinit>()V+320 java.base@17.0.7
v  ~StubRoutines::call_stub
j  sun.security.ssl.CipherSuite.<clinit>()V+18 java.base@17.0.7
v  ~StubRoutines::call_stub
j  sun.security.ssl.SSLContextImpl.getApplicableSupportedCipherSuites(Ljava/util/List;)Ljava/util/List;+0 java.base@17.0.7
j  sun.security.ssl.SSLContextImpl$AbstractTLSContext.<clinit>()V+84 java.base@17.0.7
v  ~StubRoutines::call_stub
j  java.lang.Class.forName0(Ljava/lang/String;ZLjava/lang/ClassLoader;Ljava/lang/Class;)Ljava/lang/Class;+0 java.base@17.0.7
j  java.lang.Class.forName(Ljava/lang/String;)Ljava/lang/Class;+11 java.base@17.0.7
j  java.security.Provider$Service.getImplClass()Ljava/lang/Class;+64 java.base@17.0.7
j  java.security.Provider$Service.getDefaultConstructor()Ljava/lang/reflect/Constructor;+46 java.base@17.0.7
j  java.security.Provider$Service.newInstanceOf()Ljava/lang/Object;+1 java.base@17.0.7
j  java.security.Provider$Service.newInstanceUtil(Ljava/lang/Class;Ljava/lang/Object;)Ljava/lang/Object;+5 java.base@17.0.7
j  java.security.Provider$Service.newInstance(Ljava/lang/Object;)Ljava/lang/Object;+227 java.base@17.0.7
j  sun.security.jca.GetInstance.getInstance(Ljava/security/Provider$Service;Ljava/lang/Class;)Lsun/security/jca/GetInstance$Instance;+2 java.base@17.0.7
j  sun.security.jca.GetInstance.getInstance(Ljava/lang/String;Ljava/lang/Class;Ljava/lang/String;)Lsun/security/jca/GetInstance$Instance;+56 java.base@17.0.7
j  javax.net.ssl.SSLContext.getInstance(Ljava/lang/String;)Ljavax/net/ssl/SSLContext;+12 java.base@17.0.7
j  externalApp.ExternalAppUtil.sendIdeRequest(Ljava/lang/String;ILjava/lang/String;Ljava/lang/String;)LexternalApp/ExternalAppUtil$Result;+18
j  git4idea.http.GitAskPassApp.main([Ljava/lang/String;)V+37
v  ~StubRoutines::call_stub

---------------  P R O C E S S  ---------------

Threads class SMR info:
_java_thread_list=0x00000267bc9000c0, length=14, elements={
0x0000026793c7fd80, 0x00000267bc74e260, 0x00000267bc750880, 0x00000267bc781a90,
0x00000267bc784720, 0x00000267bc7b6670, 0x00000267bc7b9c60, 0x00000267bc7bcd70,
0x00000267bc7be720, 0x00000267bc795710, 0x00000267bc90d3f0, 0x00000267bc91e170,
0x00000267bc926090, 0x00000267bc9248e0
}

Java Threads: ( => current thread )
=>0x0000026793c7fd80 JavaThread "main" [_thread_in_vm, id=24040, stack(0x0000006e27c00000,0x0000006e27d00000)]
  0x00000267bc74e260 JavaThread "Reference Handler" daemon [_thread_blocked, id=9448, stack(0x0000006e28300000,0x0000006e28400000)]
  0x00000267bc750880 JavaThread "Finalizer" daemon [_thread_blocked, id=41784, stack(0x0000006e28400000,0x0000006e28500000)]
  0x00000267bc781a90 JavaThread "Signal Dispatcher" daemon [_thread_blocked, id=42176, stack(0x0000006e28500000,0x0000006e28600000)]
  0x00000267bc784720 JavaThread "Attach Listener" daemon [_thread_blocked, id=28264, stack(0x0000006e28600000,0x0000006e28700000)]
  0x00000267bc7b6670 JavaThread "Service Thread" daemon [_thread_blocked, id=30596, stack(0x0000006e28700000,0x0000006e28800000)]
  0x00000267bc7b9c60 JavaThread "Monitor Deflation Thread" daemon [_thread_blocked, id=40036, stack(0x0000006e28800000,0x0000006e28900000)]
  0x00000267bc7bcd70 JavaThread "C2 CompilerThread0" daemon [_thread_blocked, id=25796, stack(0x0000006e28900000,0x0000006e28a00000)]
  0x00000267bc7be720 JavaThread "C1 CompilerThread0" daemon [_thread_blocked, id=46308, stack(0x0000006e28a00000,0x0000006e28b00000)]
  0x00000267bc795710 JavaThread "Sweeper thread" daemon [_thread_blocked, id=26536, stack(0x0000006e28b00000,0x0000006e28c00000)]
  0x00000267bc90d3f0 JavaThread "C1 CompilerThread1" daemon [_thread_blocked, id=1636, stack(0x0000006e28c00000,0x0000006e28d00000)]
  0x00000267bc91e170 JavaThread "C1 CompilerThread2" daemon [_thread_blocked, id=26388, stack(0x0000006e28d00000,0x0000006e28e00000)]
  0x00000267bc926090 JavaThread "Notification Thread" daemon [_thread_blocked, id=32040, stack(0x0000006e28e00000,0x0000006e28f00000)]
  0x00000267bc9248e0 JavaThread "Common-Cleaner" daemon [_thread_blocked, id=39432, stack(0x0000006e29000000,0x0000006e29100000)]

Other Threads:
  0x00000267b986f460 VMThread "VM Thread" [stack: 0x0000006e28200000,0x0000006e28300000] [id=40044]
  0x00000267bc91ee30 WatcherThread [stack: 0x0000006e28f00000,0x0000006e29000000] [id=34156]
  0x0000026793d2dd30 GCTaskThread "GC Thread#0" [stack: 0x0000006e27d00000,0x0000006e27e00000] [id=4008]
  0x0000026793d3e900 ConcurrentGCThread "G1 Main Marker" [stack: 0x0000006e27e00000,0x0000006e27f00000] [id=40056]
  0x00000267b96b0b70 ConcurrentGCThread "G1 Conc#0" [stack: 0x0000006e27f00000,0x0000006e28000000] [id=43496]
  0x00000267b979c940 ConcurrentGCThread "G1 Refine#0" [stack: 0x0000006e28000000,0x0000006e28100000] [id=17476]
  0x00000267b979d360 ConcurrentGCThread "G1 Service" [stack: 0x0000006e28100000,0x0000006e28200000] [id=26364]

Threads with active compile tasks:

VM state: not at safepoint (normal execution)

VM Mutex/Monitor currently owned by a thread:  ([mutex/lock_event])
[0x0000026793c7aa10] Metaspace_lock - owner thread: 0x0000026793c7fd80

Heap address: 0x0000000606c00000, size: 8084 MB, Compressed Oops mode: Zero based, Oop shift amount: 3

CDS archive(s) not mapped
Compressed class space mapped at: 0x0000000800000000-0x0000000840000000, reserved size: 1073741824
Narrow klass base: 0x0000000800000000, Narrow klass shift: 0, Narrow klass range: 0x40000000

GC Precious Log:
 CPUs: 16 total, 16 available
 Memory: 32327M
 Large Page Support: Disabled
 NUMA Support: Disabled
 Compressed Oops: Enabled (Zero based)
 Heap Region Size: 4M
 Heap Min Capacity: 8M
 Heap Initial Capacity: 508M
 Heap Max Capacity: 8084M
 Pre-touch: Disabled
 Parallel Workers: 13
 Concurrent Workers: 3
 Concurrent Refinement Workers: 13
 Periodic GC: Disabled

Heap:
 garbage-first heap   total 520192K, used 4096K [0x0000000606c00000, 0x0000000800000000)
  region size 4096K, 2 young (8192K), 0 survivors (0K)
 Metaspace       used 8556K, committed 8704K, reserved 1114112K
  class space    used 764K, committed 832K, reserved 1048576K

Heap Regions: E=young(eden), S=young(survivor), O=old, HS=humongous(starts), HC=humongous(continues), CS=collection set, F=free, OA=open archive, CA=closed archive, TAMS=top-at-mark-start (previous, next)
|   0|0x0000000606c00000, 0x0000000606c00000, 0x0000000607000000|  0%| F|  |TAMS 0x0000000606c00000, 0x0000000606c00000| Untracked 
|   1|0x0000000607000000, 0x0000000607000000, 0x0000000607400000|  0%| F|  |TAMS 0x0000000607000000, 0x0000000607000000| Untracked 
|   2|0x0000000607400000, 0x0000000607400000, 0x0000000607800000|  0%| F|  |TAMS 0x0000000607400000, 0x0000000607400000| Untracked 
|   3|0x0000000607800000, 0x0000000607800000, 0x0000000607c00000|  0%| F|  |TAMS 0x0000000607800000, 0x0000000607800000| Untracked 
|   4|0x0000000607c00000, 0x0000000607c00000, 0x0000000608000000|  0%| F|  |TAMS 0x0000000607c00000, 0x0000000607c00000| Untracked 
|   5|0x0000000608000000, 0x0000000608000000, 0x0000000608400000|  0%| F|  |TAMS 0x0000000608000000, 0x0000000608000000| Untracked 
|   6|0x0000000608400000, 0x0000000608400000, 0x0000000608800000|  0%| F|  |TAMS 0x0000000608400000, 0x0000000608400000| Untracked 
|   7|0x0000000608800000, 0x0000000608800000, 0x0000000608c00000|  0%| F|  |TAMS 0x0000000608800000, 0x0000000608800000| Untracked 
|   8|0x0000000608c00000, 0x0000000608c00000, 0x0000000609000000|  0%| F|  |TAMS 0x0000000608c00000, 0x0000000608c00000| Untracked 
|   9|0x0000000609000000, 0x0000000609000000, 0x0000000609400000|  0%| F|  |TAMS 0x0000000609000000, 0x0000000609000000| Untracked 
|  10|0x0000000609400000, 0x0000000609400000, 0x0000000609800000|  0%| F|  |TAMS 0x0000000609400000, 0x0000000609400000| Untracked 
|  11|0x0000000609800000, 0x0000000609800000, 0x0000000609c00000|  0%| F|  |TAMS 0x0000000609800000, 0x0000000609800000| Untracked 
|  12|0x0000000609c00000, 0x0000000609c00000, 0x000000060a000000|  0%| F|  |TAMS 0x0000000609c00000, 0x0000000609c00000| Untracked 
|  13|0x000000060a000000, 0x000000060a000000, 0x000000060a400000|  0%| F|  |TAMS 0x000000060a000000, 0x000000060a000000| Untracked 
|  14|0x000000060a400000, 0x000000060a400000, 0x000000060a800000|  0%| F|  |TAMS 0x000000060a400000, 0x000000060a400000| Untracked 
|  15|0x000000060a800000, 0x000000060a800000, 0x000000060ac00000|  0%| F|  |TAMS 0x000000060a800000, 0x000000060a800000| Untracked 
|  16|0x000000060ac00000, 0x000000060ac00000, 0x000000060b000000|  0%| F|  |TAMS 0x000000060ac00000, 0x000000060ac00000| Untracked 
|  17|0x000000060b000000, 0x000000060b000000, 0x000000060b400000|  0%| F|  |TAMS 0x000000060b000000, 0x000000060b000000| Untracked 
|  18|0x000000060b400000, 0x000000060b400000, 0x000000060b800000|  0%| F|  |TAMS 0x000000060b400000, 0x000000060b400000| Untracked 
|  19|0x000000060b800000, 0x000000060b800000, 0x000000060bc00000|  0%| F|  |TAMS 0x000000060b800000, 0x000000060b800000| Untracked 
|  20|0x000000060bc00000, 0x000000060bc00000, 0x000000060c000000|  0%| F|  |TAMS 0x000000060bc00000, 0x000000060bc00000| Untracked 
|  21|0x000000060c000000, 0x000000060c000000, 0x000000060c400000|  0%| F|  |TAMS 0x000000060c000000, 0x000000060c000000| Untracked 
|  22|0x000000060c400000, 0x000000060c400000, 0x000000060c800000|  0%| F|  |TAMS 0x000000060c400000, 0x000000060c400000| Untracked 
|  23|0x000000060c800000, 0x000000060c800000, 0x000000060cc00000|  0%| F|  |TAMS 0x000000060c800000, 0x000000060c800000| Untracked 
|  24|0x000000060cc00000, 0x000000060cc00000, 0x000000060d000000|  0%| F|  |TAMS 0x000000060cc00000, 0x000000060cc00000| Untracked 
|  25|0x000000060d000000, 0x000000060d000000, 0x000000060d400000|  0%| F|  |TAMS 0x000000060d000000, 0x000000060d000000| Untracked 
|  26|0x000000060d400000, 0x000000060d400000, 0x000000060d800000|  0%| F|  |TAMS 0x000000060d400000, 0x000000060d400000| Untracked 
|  27|0x000000060d800000, 0x000000060d800000, 0x000000060dc00000|  0%| F|  |TAMS 0x000000060d800000, 0x000000060d800000| Untracked 
|  28|0x000000060dc00000, 0x000000060dc00000, 0x000000060e000000|  0%| F|  |TAMS 0x000000060dc00000, 0x000000060dc00000| Untracked 
|  29|0x000000060e000000, 0x000000060e000000, 0x000000060e400000|  0%| F|  |TAMS 0x000000060e000000, 0x000000060e000000| Untracked 
|  30|0x000000060e400000, 0x000000060e400000, 0x000000060e800000|  0%| F|  |TAMS 0x000000060e400000, 0x000000060e400000| Untracked 
|  31|0x000000060e800000, 0x000000060e800000, 0x000000060ec00000|  0%| F|  |TAMS 0x000000060e800000, 0x000000060e800000| Untracked 
|  32|0x000000060ec00000, 0x000000060ec00000, 0x000000060f000000|  0%| F|  |TAMS 0x000000060ec00000, 0x000000060ec00000| Untracked 
|  33|0x000000060f000000, 0x000000060f000000, 0x000000060f400000|  0%| F|  |TAMS 0x000000060f000000, 0x000000060f000000| Untracked 
|  34|0x000000060f400000, 0x000000060f400000, 0x000000060f800000|  0%| F|  |TAMS 0x000000060f400000, 0x000000060f400000| Untracked 
|  35|0x000000060f800000, 0x000000060f800000, 0x000000060fc00000|  0%| F|  |TAMS 0x000000060f800000, 0x000000060f800000| Untracked 
|  36|0x000000060fc00000, 0x000000060fc00000, 0x0000000610000000|  0%| F|  |TAMS 0x000000060fc00000, 0x000000060fc00000| Untracked 
|  37|0x0000000610000000, 0x0000000610000000, 0x0000000610400000|  0%| F|  |TAMS 0x0000000610000000, 0x0000000610000000| Untracked 
|  38|0x0000000610400000, 0x0000000610400000, 0x0000000610800000|  0%| F|  |TAMS 0x0000000610400000, 0x0000000610400000| Untracked 
|  39|0x0000000610800000, 0x0000000610800000, 0x0000000610c00000|  0%| F|  |TAMS 0x0000000610800000, 0x0000000610800000| Untracked 
|  40|0x0000000610c00000, 0x0000000610c00000, 0x0000000611000000|  0%| F|  |TAMS 0x0000000610c00000, 0x0000000610c00000| Untracked 
|  41|0x0000000611000000, 0x0000000611000000, 0x0000000611400000|  0%| F|  |TAMS 0x0000000611000000, 0x0000000611000000| Untracked 
|  42|0x0000000611400000, 0x0000000611400000, 0x0000000611800000|  0%| F|  |TAMS 0x0000000611400000, 0x0000000611400000| Untracked 
|  43|0x0000000611800000, 0x0000000611800000, 0x0000000611c00000|  0%| F|  |TAMS 0x0000000611800000, 0x0000000611800000| Untracked 
|  44|0x0000000611c00000, 0x0000000611c00000, 0x0000000612000000|  0%| F|  |TAMS 0x0000000611c00000, 0x0000000611c00000| Untracked 
|  45|0x0000000612000000, 0x0000000612000000, 0x0000000612400000|  0%| F|  |TAMS 0x0000000612000000, 0x0000000612000000| Untracked 
|  46|0x0000000612400000, 0x0000000612400000, 0x0000000612800000|  0%| F|  |TAMS 0x0000000612400000, 0x0000000612400000| Untracked 
|  47|0x0000000612800000, 0x0000000612800000, 0x0000000612c00000|  0%| F|  |TAMS 0x0000000612800000, 0x0000000612800000| Untracked 
|  48|0x0000000612c00000, 0x0000000612c00000, 0x0000000613000000|  0%| F|  |TAMS 0x0000000612c00000, 0x0000000612c00000| Untracked 
|  49|0x0000000613000000, 0x0000000613000000, 0x0000000613400000|  0%| F|  |TAMS 0x0000000613000000, 0x0000000613000000| Untracked 
|  50|0x0000000613400000, 0x0000000613400000, 0x0000000613800000|  0%| F|  |TAMS 0x0000000613400000, 0x0000000613400000| Untracked 
|  51|0x0000000613800000, 0x0000000613800000, 0x0000000613c00000|  0%| F|  |TAMS 0x0000000613800000, 0x0000000613800000| Untracked 
|  52|0x0000000613c00000, 0x0000000613c00000, 0x0000000614000000|  0%| F|  |TAMS 0x0000000613c00000, 0x0000000613c00000| Untracked 
|  53|0x0000000614000000, 0x0000000614000000, 0x0000000614400000|  0%| F|  |TAMS 0x0000000614000000, 0x0000000614000000| Untracked 
|  54|0x0000000614400000, 0x0000000614400000, 0x0000000614800000|  0%| F|  |TAMS 0x0000000614400000, 0x0000000614400000| Untracked 
|  55|0x0000000614800000, 0x0000000614800000, 0x0000000614c00000|  0%| F|  |TAMS 0x0000000614800000, 0x0000000614800000| Untracked 
|  56|0x0000000614c00000, 0x0000000614c00000, 0x0000000615000000|  0%| F|  |TAMS 0x0000000614c00000, 0x0000000614c00000| Untracked 
|  57|0x0000000615000000, 0x0000000615000000, 0x0000000615400000|  0%| F|  |TAMS 0x0000000615000000, 0x0000000615000000| Untracked 
|  58|0x0000000615400000, 0x0000000615400000, 0x0000000615800000|  0%| F|  |TAMS 0x0000000615400000, 0x0000000615400000| Untracked 
|  59|0x0000000615800000, 0x0000000615800000, 0x0000000615c00000|  0%| F|  |TAMS 0x0000000615800000, 0x0000000615800000| Untracked 
|  60|0x0000000615c00000, 0x0000000615c00000, 0x0000000616000000|  0%| F|  |TAMS 0x0000000615c00000, 0x0000000615c00000| Untracked 
|  61|0x0000000616000000, 0x0000000616000000, 0x0000000616400000|  0%| F|  |TAMS 0x0000000616000000, 0x0000000616000000| Untracked 
|  62|0x0000000616400000, 0x0000000616400000, 0x0000000616800000|  0%| F|  |TAMS 0x0000000616400000, 0x0000000616400000| Untracked 
|  63|0x0000000616800000, 0x0000000616800000, 0x0000000616c00000|  0%| F|  |TAMS 0x0000000616800000, 0x0000000616800000| Untracked 
|  64|0x0000000616c00000, 0x0000000616c00000, 0x0000000617000000|  0%| F|  |TAMS 0x0000000616c00000, 0x0000000616c00000| Untracked 
|  65|0x0000000617000000, 0x0000000617000000, 0x0000000617400000|  0%| F|  |TAMS 0x0000000617000000, 0x0000000617000000| Untracked 
|  66|0x0000000617400000, 0x0000000617400000, 0x0000000617800000|  0%| F|  |TAMS 0x0000000617400000, 0x0000000617400000| Untracked 
|  67|0x0000000617800000, 0x0000000617800000, 0x0000000617c00000|  0%| F|  |TAMS 0x0000000617800000, 0x0000000617800000| Untracked 
|  68|0x0000000617c00000, 0x0000000617c00000, 0x0000000618000000|  0%| F|  |TAMS 0x0000000617c00000, 0x0000000617c00000| Untracked 
|  69|0x0000000618000000, 0x0000000618000000, 0x0000000618400000|  0%| F|  |TAMS 0x0000000618000000, 0x0000000618000000| Untracked 
|  70|0x0000000618400000, 0x0000000618400000, 0x0000000618800000|  0%| F|  |TAMS 0x0000000618400000, 0x0000000618400000| Untracked 
|  71|0x0000000618800000, 0x0000000618800000, 0x0000000618c00000|  0%| F|  |TAMS 0x0000000618800000, 0x0000000618800000| Untracked 
|  72|0x0000000618c00000, 0x0000000618c00000, 0x0000000619000000|  0%| F|  |TAMS 0x0000000618c00000, 0x0000000618c00000| Untracked 
|  73|0x0000000619000000, 0x0000000619000000, 0x0000000619400000|  0%| F|  |TAMS 0x0000000619000000, 0x0000000619000000| Untracked 
|  74|0x0000000619400000, 0x0000000619400000, 0x0000000619800000|  0%| F|  |TAMS 0x0000000619400000, 0x0000000619400000| Untracked 
|  75|0x0000000619800000, 0x0000000619800000, 0x0000000619c00000|  0%| F|  |TAMS 0x0000000619800000, 0x0000000619800000| Untracked 
|  76|0x0000000619c00000, 0x0000000619c00000, 0x000000061a000000|  0%| F|  |TAMS 0x0000000619c00000, 0x0000000619c00000| Untracked 
|  77|0x000000061a000000, 0x000000061a000000, 0x000000061a400000|  0%| F|  |TAMS 0x000000061a000000, 0x000000061a000000| Untracked 
|  78|0x000000061a400000, 0x000000061a400000, 0x000000061a800000|  0%| F|  |TAMS 0x000000061a400000, 0x000000061a400000| Untracked 
|  79|0x000000061a800000, 0x000000061a800000, 0x000000061ac00000|  0%| F|  |TAMS 0x000000061a800000, 0x000000061a800000| Untracked 
|  80|0x000000061ac00000, 0x000000061ac00000, 0x000000061b000000|  0%| F|  |TAMS 0x000000061ac00000, 0x000000061ac00000| Untracked 
|  81|0x000000061b000000, 0x000000061b000000, 0x000000061b400000|  0%| F|  |TAMS 0x000000061b000000, 0x000000061b000000| Untracked 
|  82|0x000000061b400000, 0x000000061b400000, 0x000000061b800000|  0%| F|  |TAMS 0x000000061b400000, 0x000000061b400000| Untracked 
|  83|0x000000061b800000, 0x000000061b800000, 0x000000061bc00000|  0%| F|  |TAMS 0x000000061b800000, 0x000000061b800000| Untracked 
|  84|0x000000061bc00000, 0x000000061bc00000, 0x000000061c000000|  0%| F|  |TAMS 0x000000061bc00000, 0x000000061bc00000| Untracked 
|  85|0x000000061c000000, 0x000000061c000000, 0x000000061c400000|  0%| F|  |TAMS 0x000000061c000000, 0x000000061c000000| Untracked 
|  86|0x000000061c400000, 0x000000061c400000, 0x000000061c800000|  0%| F|  |TAMS 0x000000061c400000, 0x000000061c400000| Untracked 
|  87|0x000000061c800000, 0x000000061c800000, 0x000000061cc00000|  0%| F|  |TAMS 0x000000061c800000, 0x000000061c800000| Untracked 
|  88|0x000000061cc00000, 0x000000061cc00000, 0x000000061d000000|  0%| F|  |TAMS 0x000000061cc00000, 0x000000061cc00000| Untracked 
|  89|0x000000061d000000, 0x000000061d000000, 0x000000061d400000|  0%| F|  |TAMS 0x000000061d000000, 0x000000061d000000| Untracked 
|  90|0x000000061d400000, 0x000000061d400000, 0x000000061d800000|  0%| F|  |TAMS 0x000000061d400000, 0x000000061d400000| Untracked 
|  91|0x000000061d800000, 0x000000061d800000, 0x000000061dc00000|  0%| F|  |TAMS 0x000000061d800000, 0x000000061d800000| Untracked 
|  92|0x000000061dc00000, 0x000000061dc00000, 0x000000061e000000|  0%| F|  |TAMS 0x000000061dc00000, 0x000000061dc00000| Untracked 
|  93|0x000000061e000000, 0x000000061e000000, 0x000000061e400000|  0%| F|  |TAMS 0x000000061e000000, 0x000000061e000000| Untracked 
|  94|0x000000061e400000, 0x000000061e400000, 0x000000061e800000|  0%| F|  |TAMS 0x000000061e400000, 0x000000061e400000| Untracked 
|  95|0x000000061e800000, 0x000000061e800000, 0x000000061ec00000|  0%| F|  |TAMS 0x000000061e800000, 0x000000061e800000| Untracked 
|  96|0x000000061ec00000, 0x000000061ec00000, 0x000000061f000000|  0%| F|  |TAMS 0x000000061ec00000, 0x000000061ec00000| Untracked 
|  97|0x000000061f000000, 0x000000061f000000, 0x000000061f400000|  0%| F|  |TAMS 0x000000061f000000, 0x000000061f000000| Untracked 
|  98|0x000000061f400000, 0x000000061f400000, 0x000000061f800000|  0%| F|  |TAMS 0x000000061f400000, 0x000000061f400000| Untracked 
|  99|0x000000061f800000, 0x000000061f800000, 0x000000061fc00000|  0%| F|  |TAMS 0x000000061f800000, 0x000000061f800000| Untracked 
| 100|0x000000061fc00000, 0x000000061fc00000, 0x0000000620000000|  0%| F|  |TAMS 0x000000061fc00000, 0x000000061fc00000| Untracked 
| 101|0x0000000620000000, 0x0000000620000000, 0x0000000620400000|  0%| F|  |TAMS 0x0000000620000000, 0x0000000620000000| Untracked 
| 102|0x0000000620400000, 0x0000000620400000, 0x0000000620800000|  0%| F|  |TAMS 0x0000000620400000, 0x0000000620400000| Untracked 
| 103|0x0000000620800000, 0x0000000620800000, 0x0000000620c00000|  0%| F|  |TAMS 0x0000000620800000, 0x0000000620800000| Untracked 
| 104|0x0000000620c00000, 0x0000000620c00000, 0x0000000621000000|  0%| F|  |TAMS 0x0000000620c00000, 0x0000000620c00000| Untracked 
| 105|0x0000000621000000, 0x0000000621000000, 0x0000000621400000|  0%| F|  |TAMS 0x0000000621000000, 0x0000000621000000| Untracked 
| 106|0x0000000621400000, 0x0000000621400000, 0x0000000621800000|  0%| F|  |TAMS 0x0000000621400000, 0x0000000621400000| Untracked 
| 107|0x0000000621800000, 0x0000000621800000, 0x0000000621c00000|  0%| F|  |TAMS 0x0000000621800000, 0x0000000621800000| Untracked 
| 108|0x0000000621c00000, 0x0000000621c00000, 0x0000000622000000|  0%| F|  |TAMS 0x0000000621c00000, 0x0000000621c00000| Untracked 
| 109|0x0000000622000000, 0x0000000622000000, 0x0000000622400000|  0%| F|  |TAMS 0x0000000622000000, 0x0000000622000000| Untracked 
| 110|0x0000000622400000, 0x0000000622400000, 0x0000000622800000|  0%| F|  |TAMS 0x0000000622400000, 0x0000000622400000| Untracked 
| 111|0x0000000622800000, 0x0000000622800000, 0x0000000622c00000|  0%| F|  |TAMS 0x0000000622800000, 0x0000000622800000| Untracked 
| 112|0x0000000622c00000, 0x0000000622c00000, 0x0000000623000000|  0%| F|  |TAMS 0x0000000622c00000, 0x0000000622c00000| Untracked 
| 113|0x0000000623000000, 0x0000000623000000, 0x0000000623400000|  0%| F|  |TAMS 0x0000000623000000, 0x0000000623000000| Untracked 
| 114|0x0000000623400000, 0x0000000623400000, 0x0000000623800000|  0%| F|  |TAMS 0x0000000623400000, 0x0000000623400000| Untracked 
| 115|0x0000000623800000, 0x0000000623800000, 0x0000000623c00000|  0%| F|  |TAMS 0x0000000623800000, 0x0000000623800000| Untracked 
| 116|0x0000000623c00000, 0x0000000623c00000, 0x0000000624000000|  0%| F|  |TAMS 0x0000000623c00000, 0x0000000623c00000| Untracked 
| 117|0x0000000624000000, 0x0000000624000000, 0x0000000624400000|  0%| F|  |TAMS 0x0000000624000000, 0x0000000624000000| Untracked 
| 118|0x0000000624400000, 0x0000000624400000, 0x0000000624800000|  0%| F|  |TAMS 0x0000000624400000, 0x0000000624400000| Untracked 
| 119|0x0000000624800000, 0x0000000624800000, 0x0000000624c00000|  0%| F|  |TAMS 0x0000000624800000, 0x0000000624800000| Untracked 
| 120|0x0000000624c00000, 0x0000000624c00000, 0x0000000625000000|  0%| F|  |TAMS 0x0000000624c00000, 0x0000000624c00000| Untracked 
| 121|0x0000000625000000, 0x0000000625000000, 0x0000000625400000|  0%| F|  |TAMS 0x0000000625000000, 0x0000000625000000| Untracked 
| 122|0x0000000625400000, 0x0000000625400000, 0x0000000625800000|  0%| F|  |TAMS 0x0000000625400000, 0x0000000625400000| Untracked 
| 123|0x0000000625800000, 0x0000000625800000, 0x0000000625c00000|  0%| F|  |TAMS 0x0000000625800000, 0x0000000625800000| Untracked 
| 124|0x0000000625c00000, 0x0000000625c00000, 0x0000000626000000|  0%| F|  |TAMS 0x0000000625c00000, 0x0000000625c00000| Untracked 
| 125|0x0000000626000000, 0x000000062607b628, 0x0000000626400000| 12%| E|  |TAMS 0x0000000626000000, 0x0000000626000000| Complete 
| 126|0x0000000626400000, 0x0000000626800000, 0x0000000626800000|100%| E|CS|TAMS 0x0000000626400000, 0x0000000626400000| Complete 

Card table byte_map: [0x00000267a79a0000,0x00000267a8970000] _byte_map_base: 0x00000267a496a000

Marking Bits (Prev, Next): (CMBitMap*) 0x0000026793d2e340, (CMBitMap*) 0x0000026793d2e380
 Prev Bits: [0x00000267a9940000, 0x00000267b1790000)
 Next Bits: [0x00000267b1790000, 0x00000267b95e0000)

Polling page: 0x0000026793440000

Metaspace:

Usage:
  Non-class:      7.61 MB used.
      Class:    764.63 KB used.
       Both:      8.36 MB used.

Virtual space:
  Non-class space:       64.00 MB reserved,       7.69 MB ( 12%) committed,  1 nodes.
      Class space:        1.00 GB reserved,     832.00 KB ( <1%) committed,  1 nodes.
             Both:        1.06 GB reserved,       8.50 MB ( <1%) committed. 

Chunk freelists:
   Non-Class:  8.25 MB
       Class:  15.24 MB
        Both:  23.49 MB

MaxMetaspaceSize: unlimited
CompressedClassSpaceSize: 1.00 GB
Initial GC threshold: 21.00 MB
Current GC threshold: 21.00 MB
CDS: off
MetaspaceReclaimPolicy: balanced
 - commit_granule_bytes: 65536.
 - commit_granule_words: 8192.
 - virtual_space_node_default_size: 8388608.
 - enlarge_chunks_in_place: 1.
 - new_chunks_are_fully_committed: 0.
 - uncommit_free_chunks: 1.
 - use_allocation_guard: 0.
 - handle_deallocations: 1.


Internal statistics:

num_allocs_failed_limit: 0.
num_arena_births: 8.
num_arena_deaths: 0.
num_vsnodes_births: 2.
num_vsnodes_deaths: 0.
num_space_committed: 136.
num_space_uncommitted: 0.
num_chunks_returned_to_freelist: 0.
num_chunks_taken_from_freelist: 31.
num_chunk_merges: 0.
num_chunk_splits: 15.
num_chunks_enlarged: 8.
num_inconsistent_stats: 0.

CodeHeap 'non-profiled nmethods': size=119168Kb used=70Kb max_used=70Kb free=119097Kb
 bounds [0x000002679ecf0000, 0x000002679ef60000, 0x00000267a6150000]
CodeHeap 'profiled nmethods': size=119104Kb used=398Kb max_used=398Kb free=118705Kb
 bounds [0x0000026797150000, 0x00000267973c0000, 0x000002679e5a0000]
CodeHeap 'non-nmethods': size=7488Kb used=2263Kb max_used=2277Kb free=5224Kb
 bounds [0x000002679e5a0000, 0x000002679e810000, 0x000002679ecf0000]
 total_blobs=690 nmethods=266 adapters=335
 compilation: enabled
              stopped_count=0, restarted_count=0
 full_count=0

Compilation events (20 events):
Event: 0.534 Thread 0x00000267bc90d3f0  257       3       jdk.internal.org.objectweb.asm.SymbolTable::get (13 bytes)
Event: 0.535 Thread 0x00000267bc90d3f0 nmethod 257 0x00000267971b0210 code [0x00000267971b03a0, 0x00000267971b04f8]
Event: 0.535 Thread 0x00000267bc91e170  258       1       java.lang.invoke.MethodType::form (5 bytes)
Event: 0.535 Thread 0x00000267bc90d3f0  259       3       java.util.regex.Pattern::has (15 bytes)
Event: 0.535 Thread 0x00000267bc91e170 nmethod 258 0x000002679ed01090 code [0x000002679ed01220, 0x000002679ed012f8]
Event: 0.535 Thread 0x00000267bc90d3f0 nmethod 259 0x00000267971b0610 code [0x00000267971b07a0, 0x00000267971b0918]
Event: 0.555 Thread 0x00000267bc90d3f0  260       3       java.io.StreamTokenizer::read (38 bytes)
Event: 0.556 Thread 0x00000267bc91e170  261   !   3       java.io.BufferedReader::read (104 bytes)
Event: 0.556 Thread 0x00000267bc7be720  262       3       java.io.BufferedReader::ensureOpen (18 bytes)
Event: 0.556 Thread 0x00000267bc7be720 nmethod 262 0x00000267971b0990 code [0x00000267971b0b40, 0x00000267971b0d68]
Event: 0.556 Thread 0x00000267bc90d3f0 nmethod 260 0x00000267971b0e90 code [0x00000267971b1060, 0x00000267971b1488]
Event: 0.557 Thread 0x00000267bc91e170 nmethod 261 0x00000267971b1610 code [0x00000267971b1800, 0x00000267971b1df8]
Event: 0.558 Thread 0x00000267bc7be720  263       3       java.util.Optional::orElse (16 bytes)
Event: 0.558 Thread 0x00000267bc7bcd70  264       4       java.lang.ref.Reference::reachabilityFence (1 bytes)
Event: 0.558 Thread 0x00000267bc7be720 nmethod 263 0x00000267971b2190 code [0x00000267971b2320, 0x00000267971b24b8]
Event: 0.558 Thread 0x00000267bc7bcd70 nmethod 264 0x000002679ed01390 code [0x000002679ed01500, 0x000002679ed01558]
Event: 0.560 Thread 0x00000267bc7bcd70  265       4       java.nio.DirectByteBuffer::ix (10 bytes)
Event: 0.560 Thread 0x00000267bc7bcd70 nmethod 265 0x000002679ed01690 code [0x000002679ed01800, 0x000002679ed01878]
Event: 0.561 Thread 0x00000267bc90d3f0  266       3       jdk.internal.jimage.ImageStringsReader::unmaskedHashCode (166 bytes)
Event: 0.563 Thread 0x00000267bc90d3f0 nmethod 266 0x00000267971b2590 code [0x00000267971b27e0, 0x00000267971b33d8]

GC Heap History (0 events):
No events

Dll operation events (1 events):
Event: 0.031 Loaded shared library C:\Program Files\Android\Android Studio3\jbr\bin\java.dll

Deoptimization events (0 events):
No events

Classes unloaded (0 events):
No events

Classes redefined (0 events):
No events

Internal exceptions (1 events):
Event: 0.530 Thread 0x0000026793c7fd80 Exception <a 'sun/nio/fs/WindowsException'{0x0000000626033e50}> (0x0000000626033e50) 
thrown [s\src\hotspot\share\prims\jni.cpp, line 517]

VM Operations (4 events):
Event: 0.305 Executing VM operation: HandshakeAllThreads
Event: 0.305 Executing VM operation: HandshakeAllThreads done
Event: 0.335 Executing VM operation: HandshakeAllThreads
Event: 0.335 Executing VM operation: HandshakeAllThreads done

Events (20 events):
Event: 0.561 loading class java/lang/CompoundEnumeration done
Event: 0.561 loading class jdk/internal/loader/URLClassPath$1
Event: 0.562 loading class jdk/internal/loader/URLClassPath$1 done
Event: 0.562 loading class sun/net/www/protocol/http/Handler
Event: 0.562 loading class sun/net/www/protocol/http/Handler done
Event: 0.562 loading class javax/crypto/JceSecurity$IdentityWrapper
Event: 0.562 loading class javax/crypto/JceSecurity$IdentityWrapper done
Event: 0.562 loading class javax/crypto/JceSecurity$2
Event: 0.562 loading class javax/crypto/JceSecurity$2 done
Event: 0.562 loading class java/security/AllPermissionCollection
Event: 0.563 loading class java/security/AllPermissionCollection done
Event: 0.563 loading class javax/crypto/ProviderVerifier
Event: 0.563 loading class javax/crypto/ProviderVerifier done
Event: 0.563 loading class com/sun/crypto/provider/ARCFOURCipher
Event: 0.563 loading class javax/crypto/CipherSpi
Event: 0.565 loading class javax/crypto/CipherSpi done
Event: 0.565 loading class com/sun/crypto/provider/ARCFOURCipher done
Event: 0.565 loading class sun/security/ssl/SSLCipher$T10BlockReadCipherGenerator
Event: 0.567 loading class sun/security/ssl/SSLCipher$T10BlockReadCipherGenerator done
Event: 0.567 loading class sun/security/ssl/SSLCipher$T10BlockWriteCipherGenerator


Dynamic libraries:
0x00007ff7fdd30000 - 0x00007ff7fdd3a000 	C:\Program Files\Android\Android Studio3\jbr\bin\java.exe
0x00007ff84d270000 - 0x00007ff84d487000 	C:\Windows\SYSTEM32\ntdll.dll
0x00007ff84cb50000 - 0x00007ff84cc14000 	C:\Windows\System32\KERNEL32.DLL
0x00007ff84a7e0000 - 0x00007ff84ab8d000 	C:\Windows\System32\KERNELBASE.dll
0x00007ff84a6c0000 - 0x00007ff84a7d1000 	C:\Windows\System32\ucrtbase.dll
0x00007ff821dc0000 - 0x00007ff821dd7000 	C:\Program Files\Android\Android Studio3\jbr\bin\jli.dll
0x00007ff83b9d0000 - 0x00007ff83b9eb000 	C:\Program Files\Android\Android Studio3\jbr\bin\VCRUNTIME140.dll
0x00007ff84cc20000 - 0x00007ff84cdce000 	C:\Windows\System32\USER32.dll
0x00007ff84a690000 - 0x00007ff84a6b6000 	C:\Windows\System32\win32u.dll
0x00007ff84c150000 - 0x00007ff84c179000 	C:\Windows\System32\GDI32.dll
0x00007ff84ae60000 - 0x00007ff84af79000 	C:\Windows\System32\gdi32full.dll
0x00007ff84ab90000 - 0x00007ff84ac2a000 	C:\Windows\System32\msvcp_win.dll
0x00007ff82f270000 - 0x00007ff82f503000 	C:\Windows\WinSxS\amd64_microsoft.windows.common-controls_6595b64144ccf1df_6.0.22621.3672_none_2713b9d173822955\COMCTL32.dll
0x00007ff84c800000 - 0x00007ff84c8a7000 	C:\Windows\System32\msvcrt.dll
0x00007ff84b090000 - 0x00007ff84b0c1000 	C:\Windows\System32\IMM32.DLL
0x00007ff841e00000 - 0x00007ff841e0c000 	C:\Program Files\Android\Android Studio3\jbr\bin\vcruntime140_1.dll
0x00007ff8196a0000 - 0x00007ff81972d000 	C:\Program Files\Android\Android Studio3\jbr\bin\msvcp140.dll
0x00007fffb67f0000 - 0x00007fffb7470000 	C:\Program Files\Android\Android Studio3\jbr\bin\server\jvm.dll
0x00007ff84bea0000 - 0x00007ff84bf52000 	C:\Windows\System32\ADVAPI32.dll
0x00007ff84bf60000 - 0x00007ff84c009000 	C:\Windows\System32\sechost.dll
0x00007ff84af80000 - 0x00007ff84afa8000 	C:\Windows\System32\bcrypt.dll
0x00007ff84c520000 - 0x00007ff84c634000 	C:\Windows\System32\RPCRT4.dll
0x00007ff842110000 - 0x00007ff842144000 	C:\Windows\SYSTEM32\WINMM.dll
0x00007ff83da90000 - 0x00007ff83da9a000 	C:\Windows\SYSTEM32\VERSION.dll
0x00007ff842210000 - 0x00007ff842219000 	C:\Windows\SYSTEM32\WSOCK32.dll
0x00007ff84b0d0000 - 0x00007ff84b141000 	C:\Windows\System32\WS2_32.dll
0x00007ff849690000 - 0x00007ff8496a8000 	C:\Windows\SYSTEM32\kernel.appcore.dll
0x00007ff847140000 - 0x00007ff84714a000 	C:\Program Files\Android\Android Studio3\jbr\bin\jimage.dll
0x00007ff8477d0000 - 0x00007ff847a02000 	C:\Windows\SYSTEM32\DBGHELP.DLL
0x00007ff84c180000 - 0x00007ff84c508000 	C:\Windows\System32\combase.dll
0x00007ff84afb0000 - 0x00007ff84b087000 	C:\Windows\System32\OLEAUT32.dll
0x00007ff83dda0000 - 0x00007ff83ddd2000 	C:\Windows\SYSTEM32\dbgcore.DLL
0x00007ff84a5a0000 - 0x00007ff84a61b000 	C:\Windows\System32\bcryptPrimitives.dll
0x00007ff822a10000 - 0x00007ff822a35000 	C:\Program Files\Android\Android Studio3\jbr\bin\java.dll
0x00007ff82a4e0000 - 0x00007ff82a4f8000 	C:\Program Files\Android\Android Studio3\jbr\bin\zip.dll
0x00007ff84b160000 - 0x00007ff84b9bf000 	C:\Windows\System32\SHELL32.dll
0x00007ff8484b0000 - 0x00007ff848dac000 	C:\Windows\SYSTEM32\windows.storage.dll
0x00007ff848370000 - 0x00007ff8484af000 	C:\Windows\SYSTEM32\wintypes.dll
0x00007ff84cdd0000 - 0x00007ff84cec4000 	C:\Windows\System32\SHCORE.dll
0x00007ff84b9c0000 - 0x00007ff84ba1e000 	C:\Windows\System32\shlwapi.dll
0x00007ff84a4d0000 - 0x00007ff84a4f1000 	C:\Windows\SYSTEM32\profapi.dll
0x00007ff8228a0000 - 0x00007ff8228b9000 	C:\Program Files\Android\Android Studio3\jbr\bin\net.dll
0x00007ff845f10000 - 0x00007ff846046000 	C:\Windows\SYSTEM32\WINHTTP.dll
0x00007ff849b10000 - 0x00007ff849b79000 	C:\Windows\system32\mswsock.dll
0x00007ff822730000 - 0x00007ff822746000 	C:\Program Files\Android\Android Studio3\jbr\bin\nio.dll

dbghelp: loaded successfully - version: 4.0.5 - missing functions: none
symbol engine: initialized successfully - sym options: 0x614 - pdb path: .;C:\Program Files\Android\Android Studio3\jbr\bin;C:\Windows\SYSTEM32;C:\Windows\WinSxS\amd64_microsoft.windows.common-controls_6595b64144ccf1df_6.0.22621.3672_none_2713b9d173822955;C:\Program Files\Android\Android Studio3\jbr\bin\server

VM Arguments:
java_command: git4idea.http.GitAskPassApp Username for 'https://github.com': 
java_class_path (initial): C:/Program Files/Android/Android Studio3/plugins/vcs-git/lib/git4idea-rt.jar;C:/Program Files/Android/Android Studio3/lib/externalProcess-rt.jar
Launcher Type: SUN_STANDARD

[Global flags]
     intx CICompilerCount                          = 12                                        {product} {ergonomic}
     uint ConcGCThreads                            = 3                                         {product} {ergonomic}
     uint G1ConcRefinementThreads                  = 13                                        {product} {ergonomic}
   size_t G1HeapRegionSize                         = 4194304                                   {product} {ergonomic}
    uintx GCDrainStackTargetSize                   = 64                                        {product} {ergonomic}
   size_t InitialHeapSize                          = 532676608                                 {product} {ergonomic}
   size_t MarkStackSize                            = 4194304                                   {product} {ergonomic}
   size_t MaxHeapSize                              = 8476688384                                {product} {ergonomic}
   size_t MaxNewSize                               = 5083496448                                {product} {ergonomic}
   size_t MinHeapDeltaBytes                        = 4194304                                   {product} {ergonomic}
   size_t MinHeapSize                              = 8388608                                   {product} {ergonomic}
    uintx NonNMethodCodeHeapSize                   = 7602480                                {pd product} {ergonomic}
    uintx NonProfiledCodeHeapSize                  = 122027880                              {pd product} {ergonomic}
    uintx ProfiledCodeHeapSize                     = 122027880                              {pd product} {ergonomic}
    uintx ReservedCodeCacheSize                    = 251658240                              {pd product} {ergonomic}
     bool SegmentedCodeCache                       = true                                      {product} {ergonomic}
   size_t SoftMaxHeapSize                          = 8476688384                             {manageable} {ergonomic}
     bool UseCompressedClassPointers               = true                           {product lp64_product} {ergonomic}
     bool UseCompressedOops                        = true                           {product lp64_product} {ergonomic}
     bool UseG1GC                                  = true                                      {product} {ergonomic}
     bool UseLargePagesIndividualAllocation        = false                                  {pd product} {ergonomic}

Logging:
Log output configuration:
 #0: stdout all=warning uptime,level,tags
 #1: stderr all=off uptime,level,tags

Environment Variables:
JAVA_HOME=C:\Program Files\Microsoft\jdk-11.0.16.101-hotspot
CLASSPATH=.;C:\Program Files (x86)\QuickTime\QTSystem\QTJava.zip
PATH=C:\Program Files\Git\mingw64\libexec\git-core;C:\Program Files\Git\mingw64\libexec\git-core;C:\Program Files\Git\mingw64\bin;C:\Program Files\Git\usr\bin;C:\Users\jh052\bin;C:\Program Files\Common Files\Oracle\Java\javapath;C:\Program Files\Microsoft\jdk-11.0.16.101-hotspot\bin;C:\Windows\system32;C:\Windows;C:\Windows\System32\Wbem;C:\Windows\System32\WindowsPowerShell\v1.0;C:\Windows\System32\OpenSSH;C:\Program Files\Bandizip;C:\Users\jh052\Downloads\volatility_2.6_win64_standalone;C:\101\recover_mp4_192\recover_mp4.exe;C:\Program Files\Microsoft Network Monitor 3;C:\Program Files (x86)\Windows Kits\10\Windows Performance Toolkit;C:\Program Files (x86)\QuickTime\QTSystem;C:\Program Files\Microsoft\jdk-11.0.16.101-hotspot\bin;C:\Program Files\dotnet;C:\Program Files\Git\cmd;C:\Users\jh052\AppData\Local\Programs\Python\Python312\Scripts;C:\Users\jh052\AppData\Local\Programs\Python\Python312;C:\Program Files\MySQL\MySQL Shell 8.0\bin;C:\Users\jh052\AppData\Local\Microsoft\WindowsApps;C:\Program Files\JetBrains\PyCharm 2023.3.3\bin;C:\Users\jh052\.dotnet\tools;C:\Users\jh052\AppData\Local\Programs\Microsoft VS Code\bin
USERNAME=jh052
DISPLAY=:0.0
LC_ALL=en_US.UTF-8
TERM=xterm-256color
TMPDIR=C:\Users\jh052\AppData\Local\Temp
OS=Windows_NT
PROCESSOR_IDENTIFIER=Intel64 Family 6 Model 186 Stepping 2, GenuineIntel
TMP=C:\Users\jh052\AppData\Local\Temp
TEMP=C:\Users\jh052\AppData\Local\Temp


JNI global refs:
JNI global refs: 17, weak refs: 0

JNI global refs memory usage: 843, weak refs: 209

OOME stack traces (most recent first):
Classloader memory used:
Loader bootstrap                                                                       : 1062K
Loader jdk.internal.loader.ClassLoaders$PlatformClassLoader                            : 5866B
Loader jdk.internal.loader.ClassLoaders$AppClassLoader                                 : 1610B


---------------  S Y S T E M  ---------------

OS:
 Windows 11 , 64 bit Build 22621 (10.0.22621.3672)
OS uptime: 8 days 9:13 hours
Hyper-V role detected

CPU: total 16 (initial active 16) (8 cores per cpu, 2 threads per core) family 6 model 186 stepping 2 microcode 0x410e, cx8, cmov, fxsr, ht, mmx, 3dnowpref, sse, sse2, sse3, ssse3, sse4.1, sse4.2, popcnt, lzcnt, tsc, tscinvbit, avx, avx2, aes, erms, clmul, bmi1, bmi2, adx, sha, fma, vzeroupper, clflush, clflushopt, clwb, hv

Memory: 4k page, system-wide physical 32327M (11261M free)
TotalPageFile size 34375M (AvailPageFile size 5M)
current process WorkingSet (physical memory assigned to process): 44M, peak: 44M
current process commit charge ("private bytes"): 615M, peak: 617M

vm_info: OpenJDK 64-Bit Server VM (17.0.7+0-b2043.56-10550314) for windows-amd64 JRE (17.0.7+0-b2043.56-10550314), built on Jul 24 2023 18:27:45 by "androidbuild" with MS VC++ 16.10 / 16.11 (VS2019)

END.
